2023-10-18 16:08:21,040 [Worker-2: Loading available Gradle versions] INFO  o.e.b.c.i.u.g.PublishedGradleVersions - Gradle version information cache is out-of-date. Trying to update.
2023-10-18 22:28:53,541 [Worker-12: Launching mavenrun-17bf8798-39de-4073-9535-14266411ffdc] INFO  o.eclipse.m2e.core.internal.Bundles - getClasspathEntries(Bundle=org.eclipse.m2e.maven.runtime_3.8.701.20230209-1606 [610])
2023-10-18 22:28:53,552 [Worker-12: Launching mavenrun-17bf8798-39de-4073-9535-14266411ffdc] INFO  o.eclipse.m2e.core.internal.Bundles - 	Entry: C:\Users\Francis\Desktop\NTT DATA\dev\eclipse\plugins\org.eclipse.m2e.maven.runtime_3.8.701.20230209-1606
2023-10-18 22:28:53,553 [Worker-12: Launching mavenrun-17bf8798-39de-4073-9535-14266411ffdc] INFO  o.eclipse.m2e.core.internal.Bundles - 	Entry: C:\Users\Francis\Desktop\NTT DATA\dev\eclipse\plugins\org.eclipse.m2e.maven.runtime_3.8.701.20230209-1606\jars\aether-connector-okhttp-0.17.8.jar
2023-10-18 22:28:53,554 [Worker-12: Launching mavenrun-17bf8798-39de-4073-9535-14266411ffdc] INFO  o.eclipse.m2e.core.internal.Bundles - 	Entry: C:\Users\Francis\Desktop\NTT DATA\dev\eclipse\plugins\org.eclipse.m2e.maven.runtime_3.8.701.20230209-1606\jars\commons-lang3-3.8.1.jar
2023-10-18 22:28:53,555 [Worker-12: Launching mavenrun-17bf8798-39de-4073-9535-14266411ffdc] INFO  o.eclipse.m2e.core.internal.Bundles - 	Entry: C:\Users\Francis\Desktop\NTT DATA\dev\eclipse\plugins\org.eclipse.m2e.maven.runtime_3.8.701.20230209-1606\jars\guice-4.2.2-no_aop.jar
2023-10-18 22:28:53,555 [Worker-12: Launching mavenrun-17bf8798-39de-4073-9535-14266411ffdc] INFO  o.eclipse.m2e.core.internal.Bundles - 	Entry: C:\Users\Francis\Desktop\NTT DATA\dev\eclipse\plugins\org.eclipse.m2e.maven.runtime_3.8.701.20230209-1606\jars\jansi-2.4.0.jar
2023-10-18 22:28:53,555 [Worker-12: Launching mavenrun-17bf8798-39de-4073-9535-14266411ffdc] INFO  o.eclipse.m2e.core.internal.Bundles - 	Entry: C:\Users\Francis\Desktop\NTT DATA\dev\eclipse\plugins\org.eclipse.m2e.maven.runtime_3.8.701.20230209-1606\jars\maven-artifact-3.8.7.jar
2023-10-18 22:28:53,556 [Worker-12: Launching mavenrun-17bf8798-39de-4073-9535-14266411ffdc] INFO  o.eclipse.m2e.core.internal.Bundles - 	Entry: C:\Users\Francis\Desktop\NTT DATA\dev\eclipse\plugins\org.eclipse.m2e.maven.runtime_3.8.701.20230209-1606\jars\maven-builder-support-3.8.7.jar
2023-10-18 22:28:53,556 [Worker-12: Launching mavenrun-17bf8798-39de-4073-9535-14266411ffdc] INFO  o.eclipse.m2e.core.internal.Bundles - 	Entry: C:\Users\Francis\Desktop\NTT DATA\dev\eclipse\plugins\org.eclipse.m2e.maven.runtime_3.8.701.20230209-1606\jars\maven-compat-3.8.7.jar
2023-10-18 22:28:53,557 [Worker-12: Launching mavenrun-17bf8798-39de-4073-9535-14266411ffdc] INFO  o.eclipse.m2e.core.internal.Bundles - 	Entry: C:\Users\Francis\Desktop\NTT DATA\dev\eclipse\plugins\org.eclipse.m2e.maven.runtime_3.8.701.20230209-1606\jars\maven-core-3.8.7.jar
2023-10-18 22:28:53,557 [Worker-12: Launching mavenrun-17bf8798-39de-4073-9535-14266411ffdc] INFO  o.eclipse.m2e.core.internal.Bundles - 	Entry: C:\Users\Francis\Desktop\NTT DATA\dev\eclipse\plugins\org.eclipse.m2e.maven.runtime_3.8.701.20230209-1606\jars\maven-embedder-3.8.7.jar
2023-10-18 22:28:53,557 [Worker-12: Launching mavenrun-17bf8798-39de-4073-9535-14266411ffdc] INFO  o.eclipse.m2e.core.internal.Bundles - 	Entry: C:\Users\Francis\Desktop\NTT DATA\dev\eclipse\plugins\org.eclipse.m2e.maven.runtime_3.8.701.20230209-1606\jars\maven-model-3.8.7.jar
2023-10-18 22:28:53,558 [Worker-12: Launching mavenrun-17bf8798-39de-4073-9535-14266411ffdc] INFO  o.eclipse.m2e.core.internal.Bundles - 	Entry: C:\Users\Francis\Desktop\NTT DATA\dev\eclipse\plugins\org.eclipse.m2e.maven.runtime_3.8.701.20230209-1606\jars\maven-model-builder-3.8.7.jar
2023-10-18 22:28:53,558 [Worker-12: Launching mavenrun-17bf8798-39de-4073-9535-14266411ffdc] INFO  o.eclipse.m2e.core.internal.Bundles - 	Entry: C:\Users\Francis\Desktop\NTT DATA\dev\eclipse\plugins\org.eclipse.m2e.maven.runtime_3.8.701.20230209-1606\jars\maven-plugin-api-3.8.7.jar
2023-10-18 22:28:53,558 [Worker-12: Launching mavenrun-17bf8798-39de-4073-9535-14266411ffdc] INFO  o.eclipse.m2e.core.internal.Bundles - 	Entry: C:\Users\Francis\Desktop\NTT DATA\dev\eclipse\plugins\org.eclipse.m2e.maven.runtime_3.8.701.20230209-1606\jars\maven-repository-metadata-3.8.7.jar
2023-10-18 22:28:53,559 [Worker-12: Launching mavenrun-17bf8798-39de-4073-9535-14266411ffdc] INFO  o.eclipse.m2e.core.internal.Bundles - 	Entry: C:\Users\Francis\Desktop\NTT DATA\dev\eclipse\plugins\org.eclipse.m2e.maven.runtime_3.8.701.20230209-1606\jars\maven-resolver-api-1.6.3.jar
2023-10-18 22:28:53,560 [Worker-12: Launching mavenrun-17bf8798-39de-4073-9535-14266411ffdc] INFO  o.eclipse.m2e.core.internal.Bundles - 	Entry: C:\Users\Francis\Desktop\NTT DATA\dev\eclipse\plugins\org.eclipse.m2e.maven.runtime_3.8.701.20230209-1606\jars\maven-resolver-connector-basic-1.6.3.jar
2023-10-18 22:28:53,560 [Worker-12: Launching mavenrun-17bf8798-39de-4073-9535-14266411ffdc] INFO  o.eclipse.m2e.core.internal.Bundles - 	Entry: C:\Users\Francis\Desktop\NTT DATA\dev\eclipse\plugins\org.eclipse.m2e.maven.runtime_3.8.701.20230209-1606\jars\maven-resolver-impl-1.6.3.jar
2023-10-18 22:28:53,561 [Worker-12: Launching mavenrun-17bf8798-39de-4073-9535-14266411ffdc] INFO  o.eclipse.m2e.core.internal.Bundles - 	Entry: C:\Users\Francis\Desktop\NTT DATA\dev\eclipse\plugins\org.eclipse.m2e.maven.runtime_3.8.701.20230209-1606\jars\maven-resolver-provider-3.8.7.jar
2023-10-18 22:28:53,561 [Worker-12: Launching mavenrun-17bf8798-39de-4073-9535-14266411ffdc] INFO  o.eclipse.m2e.core.internal.Bundles - 	Entry: C:\Users\Francis\Desktop\NTT DATA\dev\eclipse\plugins\org.eclipse.m2e.maven.runtime_3.8.701.20230209-1606\jars\maven-resolver-spi-1.6.3.jar
2023-10-18 22:28:53,562 [Worker-12: Launching mavenrun-17bf8798-39de-4073-9535-14266411ffdc] INFO  o.eclipse.m2e.core.internal.Bundles - 	Entry: C:\Users\Francis\Desktop\NTT DATA\dev\eclipse\plugins\org.eclipse.m2e.maven.runtime_3.8.701.20230209-1606\jars\maven-resolver-transport-wagon-1.6.3.jar
2023-10-18 22:28:53,562 [Worker-12: Launching mavenrun-17bf8798-39de-4073-9535-14266411ffdc] INFO  o.eclipse.m2e.core.internal.Bundles - 	Entry: C:\Users\Francis\Desktop\NTT DATA\dev\eclipse\plugins\org.eclipse.m2e.maven.runtime_3.8.701.20230209-1606\jars\maven-resolver-util-1.6.3.jar
2023-10-18 22:28:53,563 [Worker-12: Launching mavenrun-17bf8798-39de-4073-9535-14266411ffdc] INFO  o.eclipse.m2e.core.internal.Bundles - 	Entry: C:\Users\Francis\Desktop\NTT DATA\dev\eclipse\plugins\org.eclipse.m2e.maven.runtime_3.8.701.20230209-1606\jars\maven-settings-3.8.7.jar
2023-10-18 22:28:53,564 [Worker-12: Launching mavenrun-17bf8798-39de-4073-9535-14266411ffdc] INFO  o.eclipse.m2e.core.internal.Bundles - 	Entry: C:\Users\Francis\Desktop\NTT DATA\dev\eclipse\plugins\org.eclipse.m2e.maven.runtime_3.8.701.20230209-1606\jars\maven-settings-builder-3.8.7.jar
2023-10-18 22:28:53,564 [Worker-12: Launching mavenrun-17bf8798-39de-4073-9535-14266411ffdc] INFO  o.eclipse.m2e.core.internal.Bundles - 	Entry: C:\Users\Francis\Desktop\NTT DATA\dev\eclipse\plugins\org.eclipse.m2e.maven.runtime_3.8.701.20230209-1606\jars\maven-shared-utils-3.3.4.jar
2023-10-18 22:28:53,565 [Worker-12: Launching mavenrun-17bf8798-39de-4073-9535-14266411ffdc] INFO  o.eclipse.m2e.core.internal.Bundles - 	Entry: C:\Users\Francis\Desktop\NTT DATA\dev\eclipse\plugins\org.eclipse.m2e.maven.runtime_3.8.701.20230209-1606\jars\okhttp-3.14.1.jar
2023-10-18 22:28:53,565 [Worker-12: Launching mavenrun-17bf8798-39de-4073-9535-14266411ffdc] INFO  o.eclipse.m2e.core.internal.Bundles - 	Entry: C:\Users\Francis\Desktop\NTT DATA\dev\eclipse\plugins\org.eclipse.m2e.maven.runtime_3.8.701.20230209-1606\jars\okio-1.17.3.jar
2023-10-18 22:28:53,566 [Worker-12: Launching mavenrun-17bf8798-39de-4073-9535-14266411ffdc] INFO  o.eclipse.m2e.core.internal.Bundles - 	Entry: C:\Users\Francis\Desktop\NTT DATA\dev\eclipse\plugins\org.eclipse.m2e.maven.runtime_3.8.701.20230209-1606\jars\org.eclipse.sisu.inject-0.3.5.jar
2023-10-18 22:28:53,566 [Worker-12: Launching mavenrun-17bf8798-39de-4073-9535-14266411ffdc] INFO  o.eclipse.m2e.core.internal.Bundles - 	Entry: C:\Users\Francis\Desktop\NTT DATA\dev\eclipse\plugins\org.eclipse.m2e.maven.runtime_3.8.701.20230209-1606\jars\org.eclipse.sisu.plexus-0.3.5.jar
2023-10-18 22:28:53,567 [Worker-12: Launching mavenrun-17bf8798-39de-4073-9535-14266411ffdc] INFO  o.eclipse.m2e.core.internal.Bundles - 	Entry: C:\Users\Francis\Desktop\NTT DATA\dev\eclipse\plugins\org.eclipse.m2e.maven.runtime_3.8.701.20230209-1606\jars\plexus-build-api-0.0.7.jar
2023-10-18 22:28:53,567 [Worker-12: Launching mavenrun-17bf8798-39de-4073-9535-14266411ffdc] INFO  o.eclipse.m2e.core.internal.Bundles - 	Entry: C:\Users\Francis\Desktop\NTT DATA\dev\eclipse\plugins\org.eclipse.m2e.maven.runtime_3.8.701.20230209-1606\jars\plexus-cipher-2.0.jar
2023-10-18 22:28:53,568 [Worker-12: Launching mavenrun-17bf8798-39de-4073-9535-14266411ffdc] INFO  o.eclipse.m2e.core.internal.Bundles - 	Entry: C:\Users\Francis\Desktop\NTT DATA\dev\eclipse\plugins\org.eclipse.m2e.maven.runtime_3.8.701.20230209-1606\jars\plexus-classworlds-2.6.0.jar
2023-10-18 22:28:53,569 [Worker-12: Launching mavenrun-17bf8798-39de-4073-9535-14266411ffdc] INFO  o.eclipse.m2e.core.internal.Bundles - 	Entry: C:\Users\Francis\Desktop\NTT DATA\dev\eclipse\plugins\org.eclipse.m2e.maven.runtime_3.8.701.20230209-1606\jars\plexus-component-annotations-2.1.0.jar
2023-10-18 22:28:53,569 [Worker-12: Launching mavenrun-17bf8798-39de-4073-9535-14266411ffdc] INFO  o.eclipse.m2e.core.internal.Bundles - 	Entry: C:\Users\Francis\Desktop\NTT DATA\dev\eclipse\plugins\org.eclipse.m2e.maven.runtime_3.8.701.20230209-1606\jars\plexus-interpolation-1.26.jar
2023-10-18 22:28:53,569 [Worker-12: Launching mavenrun-17bf8798-39de-4073-9535-14266411ffdc] INFO  o.eclipse.m2e.core.internal.Bundles - 	Entry: C:\Users\Francis\Desktop\NTT DATA\dev\eclipse\plugins\org.eclipse.m2e.maven.runtime_3.8.701.20230209-1606\jars\plexus-sec-dispatcher-2.0.jar
2023-10-18 22:28:53,570 [Worker-12: Launching mavenrun-17bf8798-39de-4073-9535-14266411ffdc] INFO  o.eclipse.m2e.core.internal.Bundles - 	Entry: C:\Users\Francis\Desktop\NTT DATA\dev\eclipse\plugins\org.eclipse.m2e.maven.runtime_3.8.701.20230209-1606\jars\plexus-utils-3.3.1.jar
2023-10-18 22:28:53,571 [Worker-12: Launching mavenrun-17bf8798-39de-4073-9535-14266411ffdc] INFO  o.eclipse.m2e.core.internal.Bundles - 	Entry: C:\Users\Francis\Desktop\NTT DATA\dev\eclipse\plugins\org.eclipse.m2e.maven.runtime_3.8.701.20230209-1606\jars\wagon-file-3.5.3.jar
2023-10-18 22:28:53,571 [Worker-12: Launching mavenrun-17bf8798-39de-4073-9535-14266411ffdc] INFO  o.eclipse.m2e.core.internal.Bundles - 	Entry: C:\Users\Francis\Desktop\NTT DATA\dev\eclipse\plugins\org.eclipse.m2e.maven.runtime_3.8.701.20230209-1606\jars\wagon-provider-api-3.5.3.jar
2023-10-18 22:28:53,574 [Worker-12: Launching mavenrun-17bf8798-39de-4073-9535-14266411ffdc] INFO  o.eclipse.m2e.core.internal.Bundles - getClasspathEntries(Bundle=com.google.guava_31.1.0.jre [11])
2023-10-18 22:28:53,575 [Worker-12: Launching mavenrun-17bf8798-39de-4073-9535-14266411ffdc] INFO  o.eclipse.m2e.core.internal.Bundles - 	Entry: C:\Users\Francis\Desktop\NTT DATA\dev\eclipse\plugins\com.google.guava_31.1.0.jre.jar
2023-10-18 22:28:53,576 [Worker-12: Launching mavenrun-17bf8798-39de-4073-9535-14266411ffdc] INFO  o.eclipse.m2e.core.internal.Bundles - getClasspathEntries(Bundle=slf4j.api_1.7.36 [924])
2023-10-18 22:28:53,578 [Worker-12: Launching mavenrun-17bf8798-39de-4073-9535-14266411ffdc] INFO  o.eclipse.m2e.core.internal.Bundles - 	Entry: C:\Users\Francis\Desktop\NTT DATA\dev\eclipse\plugins\slf4j.api_1.7.36.jar
2023-10-18 22:28:53,579 [Worker-12: Launching mavenrun-17bf8798-39de-4073-9535-14266411ffdc] INFO  o.eclipse.m2e.core.internal.Bundles - getClasspathEntries(Bundle=javax.inject_1.0.0.v20220405-0441 [35])
2023-10-18 22:28:53,582 [Worker-12: Launching mavenrun-17bf8798-39de-4073-9535-14266411ffdc] INFO  o.eclipse.m2e.core.internal.Bundles - 	Entry: C:\Users\Francis\Desktop\NTT DATA\dev\eclipse\plugins\javax.inject_1.0.0.v20220405-0441.jar
2023-10-18 22:28:53,583 [Worker-12: Launching mavenrun-17bf8798-39de-4073-9535-14266411ffdc] INFO  o.eclipse.m2e.core.internal.Bundles - getClasspathEntries(Bundle=javax.annotation_1.3.5.v20221203-1659 [33])
2023-10-18 22:28:53,585 [Worker-12: Launching mavenrun-17bf8798-39de-4073-9535-14266411ffdc] INFO  o.eclipse.m2e.core.internal.Bundles - 	Entry: C:\Users\Francis\Desktop\NTT DATA\dev\eclipse\plugins\javax.annotation_1.3.5.v20221203-1659.jar
2023-10-18 22:28:53,586 [Worker-12: Launching mavenrun-17bf8798-39de-4073-9535-14266411ffdc] INFO  o.eclipse.m2e.core.internal.Bundles - getClasspathEntries(Bundle=org.apache.commons.cli_1.4.0.v20221112-0806 [67])
2023-10-18 22:28:53,587 [Worker-12: Launching mavenrun-17bf8798-39de-4073-9535-14266411ffdc] INFO  o.eclipse.m2e.core.internal.Bundles - 	Entry: C:\Users\Francis\Desktop\NTT DATA\dev\eclipse\plugins\org.apache.commons.cli_1.4.0.v20221112-0806.jar
2023-10-18 22:28:53,587 [Worker-12: Launching mavenrun-17bf8798-39de-4073-9535-14266411ffdc] INFO  o.eclipse.m2e.core.internal.Bundles - getClasspathEntries(Bundle=com.google.guava.failureaccess_1.0.1 [13])
2023-10-18 22:28:53,590 [Worker-12: Launching mavenrun-17bf8798-39de-4073-9535-14266411ffdc] INFO  o.eclipse.m2e.core.internal.Bundles - 	Entry: C:\Users\Francis\Desktop\NTT DATA\dev\eclipse\plugins\com.google.guava.failureaccess_1.0.1.jar
2023-10-18 22:28:53,607 [Worker-12: Launching mavenrun-17bf8798-39de-4073-9535-14266411ffdc] INFO  o.e.m.i.launch.MavenLaunchDelegate - Run build in "C:\Users\Francis\AppData\Local\Temp\m2e-archetypeGenerator4961789883971658562":
2023-10-18 22:28:53,617 [Worker-12: Launching mavenrun-17bf8798-39de-4073-9535-14266411ffdc] INFO  o.e.m.i.launch.MavenLaunchDelegate -  mvn  -DarchetypeGroupId=org.apache.maven.archetypes -DarchetypeArtifactId=maven-archetype-quickstart -DarchetypeVersion=1.4 -DgroupId=AADD -DartifactId=Tarea2 -Dversion=0.0.1-SNAPSHOT -Dpackage=AADD.Tarea2 -DoutputDirectory=C:\Users\Francis\Desktop\Programación\workSpaceDam -Dstyle.color=always -U archetype:generate
2023-10-18 22:29:32,864 [Worker-5: Creating maven-archetype-quickstart] INFO  o.e.m.c.i.p.ProjectConfigurationManager - Collecting project info '/pom.xml' C:\Users\Francis\Desktop\Programación\workSpaceDam\Tarea2\pom.xml
2023-10-18 22:29:37,620 [Worker-5: Creating maven-archetype-quickstart] INFO  o.e.m.c.i.l.LifecycleMappingFactory - Using org.eclipse.m2e.jdt.JarLifecycleMapping lifecycle mapping for MavenProject: AADD:Tarea2:0.0.1-SNAPSHOT @ C:\Users\Francis\Desktop\Programación\workSpaceDam\Tarea2\pom.xml.
2023-10-18 22:29:40,209 [Worker-5: Creating maven-archetype-quickstart] INFO  o.e.m.j.i.AbstractJavaProjectConfigurator - Adding source folder /Tarea2/src/main/java
2023-10-18 22:29:40,225 [Worker-5: Creating maven-archetype-quickstart] INFO  o.e.m.j.i.AbstractJavaProjectConfigurator - Adding source folder /Tarea2/src/test/java
2023-10-18 22:29:40,833 [Worker-5: Creating maven-archetype-quickstart] INFO  o.e.m.c.i.p.ProjectConfigurationManager - Imported and configured 1 project(s) in 7 sec
2023-10-18 22:29:41,377 [Worker-6: Building] INFO  o.e.m.c.i.embedder.EclipseLogger - Using 'UTF-8' encoding to copy filtered resources.
2023-10-18 22:29:41,377 [Worker-6: Building] INFO  o.e.m.c.i.embedder.EclipseLogger - skip non existing resourceDirectory C:\Users\Francis\Desktop\Programación\workSpaceDam\Tarea2\src\main\resources
2023-10-18 22:29:41,383 [Worker-6: Building] INFO  o.e.m.c.i.embedder.EclipseLogger - Using 'UTF-8' encoding to copy filtered resources.
2023-10-18 22:29:41,384 [Worker-6: Building] INFO  o.e.m.c.i.embedder.EclipseLogger - skip non existing resourceDirectory C:\Users\Francis\Desktop\Programación\workSpaceDam\Tarea2\src\test\resources
2023-10-18 22:32:14,111 [Worker-17: Building] INFO  o.e.m.c.i.l.LifecycleMappingFactory - Using org.eclipse.m2e.jdt.JarLifecycleMapping lifecycle mapping for MavenProject: AADD:Tarea2:0.0.1-SNAPSHOT @ C:\Users\Francis\Desktop\Programación\workSpaceDam\Tarea2\pom.xml.
2023-10-18 22:32:14,139 [Worker-17: Building] WARN  o.e.m.c.i.embedder.EclipseLogger - The artifact mysql:mysql-connector-java:jar:8.0.33 has been relocated to com.mysql:mysql-connector-j:jar:8.0.33: MySQL Connector/J artifacts moved to reverse-DNS compliant Maven 2+ coordinates.
2023-10-18 22:32:14,510 [Worker-17: Building] INFO  o.e.m.c.i.embedder.EclipseLogger - Using 'UTF-8' encoding to copy filtered resources.
2023-10-18 22:32:14,510 [Worker-17: Building] INFO  o.e.m.c.i.embedder.EclipseLogger - skip non existing resourceDirectory C:\Users\Francis\Desktop\Programación\workSpaceDam\Tarea2\src\main\resources
2023-10-18 22:32:14,517 [Worker-17: Building] INFO  o.e.m.c.i.embedder.EclipseLogger - Using 'UTF-8' encoding to copy filtered resources.
2023-10-18 22:32:14,517 [Worker-17: Building] INFO  o.e.m.c.i.embedder.EclipseLogger - skip non existing resourceDirectory C:\Users\Francis\Desktop\Programación\workSpaceDam\Tarea2\src\test\resources
2023-10-18 22:32:27,591 [Worker-17: Building] INFO  o.e.m.c.i.embedder.EclipseLogger - Using 'UTF-8' encoding to copy filtered resources.
2023-10-18 22:32:27,592 [Worker-17: Building] INFO  o.e.m.c.i.embedder.EclipseLogger - skip non existing resourceDirectory C:\Users\Francis\Desktop\Programación\workSpaceDam\Tarea2\src\main\resources
2023-10-18 22:32:27,598 [Worker-17: Building] INFO  o.e.m.c.i.embedder.EclipseLogger - Using 'UTF-8' encoding to copy filtered resources.
2023-10-18 22:32:27,599 [Worker-17: Building] INFO  o.e.m.c.i.embedder.EclipseLogger - skip non existing resourceDirectory C:\Users\Francis\Desktop\Programación\workSpaceDam\Tarea2\src\test\resources
2023-10-18 22:35:01,239 [Worker-19: Building] INFO  o.e.m.c.i.embedder.EclipseLogger - Using 'UTF-8' encoding to copy filtered resources.
2023-10-18 22:35:01,240 [Worker-19: Building] INFO  o.e.m.c.i.embedder.EclipseLogger - skip non existing resourceDirectory C:\Users\Francis\Desktop\Programación\workSpaceDam\Tarea2\src\main\resources
2023-10-18 22:35:01,247 [Worker-19: Building] INFO  o.e.m.c.i.embedder.EclipseLogger - Using 'UTF-8' encoding to copy filtered resources.
2023-10-18 22:35:01,248 [Worker-19: Building] INFO  o.e.m.c.i.embedder.EclipseLogger - skip non existing resourceDirectory C:\Users\Francis\Desktop\Programación\workSpaceDam\Tarea2\src\test\resources
2023-10-18 22:35:34,611 [Worker-17: Building] INFO  o.e.m.c.i.embedder.EclipseLogger - Using 'UTF-8' encoding to copy filtered resources.
2023-10-18 22:35:34,612 [Worker-17: Building] INFO  o.e.m.c.i.embedder.EclipseLogger - skip non existing resourceDirectory C:\Users\Francis\Desktop\Programación\workSpaceDam\Tarea2\src\main\resources
2023-10-18 22:35:34,617 [Worker-17: Building] INFO  o.e.m.c.i.embedder.EclipseLogger - Using 'UTF-8' encoding to copy filtered resources.
2023-10-18 22:35:34,617 [Worker-17: Building] INFO  o.e.m.c.i.embedder.EclipseLogger - skip non existing resourceDirectory C:\Users\Francis\Desktop\Programación\workSpaceDam\Tarea2\src\test\resources
2023-10-18 22:41:24,577 [Worker-23: Building] INFO  o.e.m.c.i.embedder.EclipseLogger - Using 'UTF-8' encoding to copy filtered resources.
2023-10-18 22:41:24,577 [Worker-23: Building] INFO  o.e.m.c.i.embedder.EclipseLogger - skip non existing resourceDirectory C:\Users\Francis\Desktop\Programación\workSpaceDam\Tarea2\src\main\resources
2023-10-18 22:41:24,583 [Worker-23: Building] INFO  o.e.m.c.i.embedder.EclipseLogger - Using 'UTF-8' encoding to copy filtered resources.
2023-10-18 22:41:24,583 [Worker-23: Building] INFO  o.e.m.c.i.embedder.EclipseLogger - skip non existing resourceDirectory C:\Users\Francis\Desktop\Programación\workSpaceDam\Tarea2\src\test\resources
2023-10-18 22:41:44,793 [Worker-24: Building] INFO  o.e.m.c.i.embedder.EclipseLogger - Using 'UTF-8' encoding to copy filtered resources.
2023-10-18 22:41:44,793 [Worker-24: Building] INFO  o.e.m.c.i.embedder.EclipseLogger - skip non existing resourceDirectory C:\Users\Francis\Desktop\Programación\workSpaceDam\Tarea2\src\main\resources
2023-10-18 22:41:44,798 [Worker-24: Building] INFO  o.e.m.c.i.embedder.EclipseLogger - Using 'UTF-8' encoding to copy filtered resources.
2023-10-18 22:41:44,799 [Worker-24: Building] INFO  o.e.m.c.i.embedder.EclipseLogger - skip non existing resourceDirectory C:\Users\Francis\Desktop\Programación\workSpaceDam\Tarea2\src\test\resources
2023-10-18 22:42:05,851 [Worker-20: Building] INFO  o.e.m.c.i.embedder.EclipseLogger - Using 'UTF-8' encoding to copy filtered resources.
2023-10-18 22:42:05,852 [Worker-20: Building] INFO  o.e.m.c.i.embedder.EclipseLogger - skip non existing resourceDirectory C:\Users\Francis\Desktop\Programación\workSpaceDam\Tarea2\src\main\resources
2023-10-18 22:42:05,858 [Worker-20: Building] INFO  o.e.m.c.i.embedder.EclipseLogger - Using 'UTF-8' encoding to copy filtered resources.
2023-10-18 22:42:05,858 [Worker-20: Building] INFO  o.e.m.c.i.embedder.EclipseLogger - skip non existing resourceDirectory C:\Users\Francis\Desktop\Programación\workSpaceDam\Tarea2\src\test\resources
2023-10-18 22:42:23,894 [Worker-23: Building] INFO  o.e.m.c.i.embedder.EclipseLogger - Using 'UTF-8' encoding to copy filtered resources.
2023-10-18 22:42:23,894 [Worker-23: Building] INFO  o.e.m.c.i.embedder.EclipseLogger - skip non existing resourceDirectory C:\Users\Francis\Desktop\Programación\workSpaceDam\Tarea2\src\main\resources
2023-10-18 22:42:23,904 [Worker-23: Building] INFO  o.e.m.c.i.embedder.EclipseLogger - Using 'UTF-8' encoding to copy filtered resources.
2023-10-18 22:42:23,905 [Worker-23: Building] INFO  o.e.m.c.i.embedder.EclipseLogger - skip non existing resourceDirectory C:\Users\Francis\Desktop\Programación\workSpaceDam\Tarea2\src\test\resources
2023-10-18 22:42:39,177 [Worker-22: Building] INFO  o.e.m.c.i.embedder.EclipseLogger - Using 'UTF-8' encoding to copy filtered resources.
2023-10-18 22:42:39,179 [Worker-22: Building] INFO  o.e.m.c.i.embedder.EclipseLogger - skip non existing resourceDirectory C:\Users\Francis\Desktop\Programación\workSpaceDam\Tarea2\src\main\resources
2023-10-18 22:42:39,185 [Worker-22: Building] INFO  o.e.m.c.i.embedder.EclipseLogger - Using 'UTF-8' encoding to copy filtered resources.
2023-10-18 22:42:39,185 [Worker-22: Building] INFO  o.e.m.c.i.embedder.EclipseLogger - skip non existing resourceDirectory C:\Users\Francis\Desktop\Programación\workSpaceDam\Tarea2\src\test\resources
2023-10-18 22:42:53,896 [Worker-22: Building] INFO  o.e.m.c.i.embedder.EclipseLogger - Using 'UTF-8' encoding to copy filtered resources.
2023-10-18 22:42:53,897 [Worker-22: Building] INFO  o.e.m.c.i.embedder.EclipseLogger - skip non existing resourceDirectory C:\Users\Francis\Desktop\Programación\workSpaceDam\Tarea2\src\main\resources
2023-10-18 22:42:53,904 [Worker-22: Building] INFO  o.e.m.c.i.embedder.EclipseLogger - Using 'UTF-8' encoding to copy filtered resources.
2023-10-18 22:42:53,905 [Worker-22: Building] INFO  o.e.m.c.i.embedder.EclipseLogger - skip non existing resourceDirectory C:\Users\Francis\Desktop\Programación\workSpaceDam\Tarea2\src\test\resources
2023-10-18 22:43:11,498 [Worker-20: Building] INFO  o.e.m.c.i.embedder.EclipseLogger - Using 'UTF-8' encoding to copy filtered resources.
2023-10-18 22:43:11,499 [Worker-20: Building] INFO  o.e.m.c.i.embedder.EclipseLogger - skip non existing resourceDirectory C:\Users\Francis\Desktop\Programación\workSpaceDam\Tarea2\src\main\resources
2023-10-18 22:43:11,505 [Worker-20: Building] INFO  o.e.m.c.i.embedder.EclipseLogger - Using 'UTF-8' encoding to copy filtered resources.
2023-10-18 22:43:11,506 [Worker-20: Building] INFO  o.e.m.c.i.embedder.EclipseLogger - skip non existing resourceDirectory C:\Users\Francis\Desktop\Programación\workSpaceDam\Tarea2\src\test\resources
2023-10-18 22:44:13,047 [Worker-24: Building] INFO  o.e.m.c.i.embedder.EclipseLogger - Using 'UTF-8' encoding to copy filtered resources.
2023-10-18 22:44:13,047 [Worker-24: Building] INFO  o.e.m.c.i.embedder.EclipseLogger - skip non existing resourceDirectory C:\Users\Francis\Desktop\Programación\workSpaceDam\Tarea2\src\main\resources
2023-10-18 22:44:13,053 [Worker-24: Building] INFO  o.e.m.c.i.embedder.EclipseLogger - Using 'UTF-8' encoding to copy filtered resources.
2023-10-18 22:44:13,054 [Worker-24: Building] INFO  o.e.m.c.i.embedder.EclipseLogger - skip non existing resourceDirectory C:\Users\Francis\Desktop\Programación\workSpaceDam\Tarea2\src\test\resources
2023-10-18 22:45:43,293 [Worker-20: Building] INFO  o.e.m.c.i.embedder.EclipseLogger - Using 'UTF-8' encoding to copy filtered resources.
2023-10-18 22:45:43,294 [Worker-20: Building] INFO  o.e.m.c.i.embedder.EclipseLogger - skip non existing resourceDirectory C:\Users\Francis\Desktop\Programación\workSpaceDam\Tarea2\src\main\resources
2023-10-18 22:45:43,298 [Worker-20: Building] INFO  o.e.m.c.i.embedder.EclipseLogger - Using 'UTF-8' encoding to copy filtered resources.
2023-10-18 22:45:43,298 [Worker-20: Building] INFO  o.e.m.c.i.embedder.EclipseLogger - skip non existing resourceDirectory C:\Users\Francis\Desktop\Programación\workSpaceDam\Tarea2\src\test\resources
2023-10-18 22:46:11,829 [Worker-22: Building] INFO  o.e.m.c.i.embedder.EclipseLogger - Using 'UTF-8' encoding to copy filtered resources.
2023-10-18 22:46:11,829 [Worker-22: Building] INFO  o.e.m.c.i.embedder.EclipseLogger - skip non existing resourceDirectory C:\Users\Francis\Desktop\Programación\workSpaceDam\Tarea2\src\main\resources
2023-10-18 22:46:11,834 [Worker-22: Building] INFO  o.e.m.c.i.embedder.EclipseLogger - Using 'UTF-8' encoding to copy filtered resources.
2023-10-18 22:46:11,835 [Worker-22: Building] INFO  o.e.m.c.i.embedder.EclipseLogger - skip non existing resourceDirectory C:\Users\Francis\Desktop\Programación\workSpaceDam\Tarea2\src\test\resources
