2023-10-02 08:36:05,114 [Worker-2: Loading available Gradle versions] INFO  o.e.b.c.i.u.g.PublishedGradleVersions - Gradle version information cache is out-of-date. Trying to update.
2023-10-04 08:29:34,410 [Worker-5: Loading available Gradle versions] INFO  o.e.b.c.i.u.g.PublishedGradleVersions - Gradle version information cache is out-of-date. Trying to update.
2023-10-04 22:25:23,400 [Worker-6: Loading available Gradle versions] INFO  o.e.b.c.i.u.g.PublishedGradleVersions - Gradle version information cache is up-to-date. Trying to read.
2023-10-05 10:57:21,534 [Worker-1: Loading available Gradle versions] INFO  o.e.b.c.i.u.g.PublishedGradleVersions - Gradle version information cache is out-of-date. Trying to update.
2023-10-05 17:35:01,277 [Worker-5: Loading available Gradle versions] INFO  o.e.b.c.i.u.g.PublishedGradleVersions - Gradle version information cache is up-to-date. Trying to read.
2023-10-09 09:58:42,515 [Worker-3: Loading available Gradle versions] INFO  o.e.b.c.i.u.g.PublishedGradleVersions - Gradle version information cache is out-of-date. Trying to update.
2023-10-10 09:09:00,069 [Worker-5: Loading available Gradle versions] INFO  o.e.b.c.i.u.g.PublishedGradleVersions - Gradle version information cache is up-to-date. Trying to read.
2023-10-10 09:12:27,091 [Worker-2: Loading available Gradle versions] INFO  o.e.b.c.i.u.g.PublishedGradleVersions - Gradle version information cache is up-to-date. Trying to read.
2023-10-11 13:22:54,251 [Worker-0: Loading available Gradle versions] INFO  o.e.b.c.i.u.g.PublishedGradleVersions - Gradle version information cache is out-of-date. Trying to update.
2023-10-16 09:00:22,480 [Worker-1: Loading available Gradle versions] INFO  o.e.b.c.i.u.g.PublishedGradleVersions - Gradle version information cache is out-of-date. Trying to update.
2023-10-16 09:04:46,069 [Worker-26: Launching mavenrun-f12c2cd9-b73c-49bc-86e1-258b2db76e68] INFO  o.eclipse.m2e.core.internal.Bundles - getClasspathEntries(Bundle=org.eclipse.m2e.maven.runtime_3.8.701.20230209-1606 [610])
2023-10-16 09:04:46,085 [Worker-26: Launching mavenrun-f12c2cd9-b73c-49bc-86e1-258b2db76e68] INFO  o.eclipse.m2e.core.internal.Bundles - 	Entry: C:\Users\Francis\Desktop\Programación\eclipse\plugins\org.eclipse.m2e.maven.runtime_3.8.701.20230209-1606
2023-10-16 09:04:46,085 [Worker-26: Launching mavenrun-f12c2cd9-b73c-49bc-86e1-258b2db76e68] INFO  o.eclipse.m2e.core.internal.Bundles - 	Entry: C:\Users\Francis\Desktop\Programación\eclipse\plugins\org.eclipse.m2e.maven.runtime_3.8.701.20230209-1606\jars\aether-connector-okhttp-0.17.8.jar
2023-10-16 09:04:46,086 [Worker-26: Launching mavenrun-f12c2cd9-b73c-49bc-86e1-258b2db76e68] INFO  o.eclipse.m2e.core.internal.Bundles - 	Entry: C:\Users\Francis\Desktop\Programación\eclipse\plugins\org.eclipse.m2e.maven.runtime_3.8.701.20230209-1606\jars\commons-lang3-3.8.1.jar
2023-10-16 09:04:46,086 [Worker-26: Launching mavenrun-f12c2cd9-b73c-49bc-86e1-258b2db76e68] INFO  o.eclipse.m2e.core.internal.Bundles - 	Entry: C:\Users\Francis\Desktop\Programación\eclipse\plugins\org.eclipse.m2e.maven.runtime_3.8.701.20230209-1606\jars\guice-4.2.2-no_aop.jar
2023-10-16 09:04:46,086 [Worker-26: Launching mavenrun-f12c2cd9-b73c-49bc-86e1-258b2db76e68] INFO  o.eclipse.m2e.core.internal.Bundles - 	Entry: C:\Users\Francis\Desktop\Programación\eclipse\plugins\org.eclipse.m2e.maven.runtime_3.8.701.20230209-1606\jars\jansi-2.4.0.jar
2023-10-16 09:04:46,086 [Worker-26: Launching mavenrun-f12c2cd9-b73c-49bc-86e1-258b2db76e68] INFO  o.eclipse.m2e.core.internal.Bundles - 	Entry: C:\Users\Francis\Desktop\Programación\eclipse\plugins\org.eclipse.m2e.maven.runtime_3.8.701.20230209-1606\jars\maven-artifact-3.8.7.jar
2023-10-16 09:04:46,087 [Worker-26: Launching mavenrun-f12c2cd9-b73c-49bc-86e1-258b2db76e68] INFO  o.eclipse.m2e.core.internal.Bundles - 	Entry: C:\Users\Francis\Desktop\Programación\eclipse\plugins\org.eclipse.m2e.maven.runtime_3.8.701.20230209-1606\jars\maven-builder-support-3.8.7.jar
2023-10-16 09:04:46,087 [Worker-26: Launching mavenrun-f12c2cd9-b73c-49bc-86e1-258b2db76e68] INFO  o.eclipse.m2e.core.internal.Bundles - 	Entry: C:\Users\Francis\Desktop\Programación\eclipse\plugins\org.eclipse.m2e.maven.runtime_3.8.701.20230209-1606\jars\maven-compat-3.8.7.jar
2023-10-16 09:04:46,088 [Worker-26: Launching mavenrun-f12c2cd9-b73c-49bc-86e1-258b2db76e68] INFO  o.eclipse.m2e.core.internal.Bundles - 	Entry: C:\Users\Francis\Desktop\Programación\eclipse\plugins\org.eclipse.m2e.maven.runtime_3.8.701.20230209-1606\jars\maven-core-3.8.7.jar
2023-10-16 09:04:46,088 [Worker-26: Launching mavenrun-f12c2cd9-b73c-49bc-86e1-258b2db76e68] INFO  o.eclipse.m2e.core.internal.Bundles - 	Entry: C:\Users\Francis\Desktop\Programación\eclipse\plugins\org.eclipse.m2e.maven.runtime_3.8.701.20230209-1606\jars\maven-embedder-3.8.7.jar
2023-10-16 09:04:46,088 [Worker-26: Launching mavenrun-f12c2cd9-b73c-49bc-86e1-258b2db76e68] INFO  o.eclipse.m2e.core.internal.Bundles - 	Entry: C:\Users\Francis\Desktop\Programación\eclipse\plugins\org.eclipse.m2e.maven.runtime_3.8.701.20230209-1606\jars\maven-model-3.8.7.jar
2023-10-16 09:04:46,088 [Worker-26: Launching mavenrun-f12c2cd9-b73c-49bc-86e1-258b2db76e68] INFO  o.eclipse.m2e.core.internal.Bundles - 	Entry: C:\Users\Francis\Desktop\Programación\eclipse\plugins\org.eclipse.m2e.maven.runtime_3.8.701.20230209-1606\jars\maven-model-builder-3.8.7.jar
2023-10-16 09:04:46,088 [Worker-26: Launching mavenrun-f12c2cd9-b73c-49bc-86e1-258b2db76e68] INFO  o.eclipse.m2e.core.internal.Bundles - 	Entry: C:\Users\Francis\Desktop\Programación\eclipse\plugins\org.eclipse.m2e.maven.runtime_3.8.701.20230209-1606\jars\maven-plugin-api-3.8.7.jar
2023-10-16 09:04:46,088 [Worker-26: Launching mavenrun-f12c2cd9-b73c-49bc-86e1-258b2db76e68] INFO  o.eclipse.m2e.core.internal.Bundles - 	Entry: C:\Users\Francis\Desktop\Programación\eclipse\plugins\org.eclipse.m2e.maven.runtime_3.8.701.20230209-1606\jars\maven-repository-metadata-3.8.7.jar
2023-10-16 09:04:46,089 [Worker-26: Launching mavenrun-f12c2cd9-b73c-49bc-86e1-258b2db76e68] INFO  o.eclipse.m2e.core.internal.Bundles - 	Entry: C:\Users\Francis\Desktop\Programación\eclipse\plugins\org.eclipse.m2e.maven.runtime_3.8.701.20230209-1606\jars\maven-resolver-api-1.6.3.jar
2023-10-16 09:04:46,089 [Worker-26: Launching mavenrun-f12c2cd9-b73c-49bc-86e1-258b2db76e68] INFO  o.eclipse.m2e.core.internal.Bundles - 	Entry: C:\Users\Francis\Desktop\Programación\eclipse\plugins\org.eclipse.m2e.maven.runtime_3.8.701.20230209-1606\jars\maven-resolver-connector-basic-1.6.3.jar
2023-10-16 09:04:46,089 [Worker-26: Launching mavenrun-f12c2cd9-b73c-49bc-86e1-258b2db76e68] INFO  o.eclipse.m2e.core.internal.Bundles - 	Entry: C:\Users\Francis\Desktop\Programación\eclipse\plugins\org.eclipse.m2e.maven.runtime_3.8.701.20230209-1606\jars\maven-resolver-impl-1.6.3.jar
2023-10-16 09:04:46,089 [Worker-26: Launching mavenrun-f12c2cd9-b73c-49bc-86e1-258b2db76e68] INFO  o.eclipse.m2e.core.internal.Bundles - 	Entry: C:\Users\Francis\Desktop\Programación\eclipse\plugins\org.eclipse.m2e.maven.runtime_3.8.701.20230209-1606\jars\maven-resolver-provider-3.8.7.jar
2023-10-16 09:04:46,089 [Worker-26: Launching mavenrun-f12c2cd9-b73c-49bc-86e1-258b2db76e68] INFO  o.eclipse.m2e.core.internal.Bundles - 	Entry: C:\Users\Francis\Desktop\Programación\eclipse\plugins\org.eclipse.m2e.maven.runtime_3.8.701.20230209-1606\jars\maven-resolver-spi-1.6.3.jar
2023-10-16 09:04:46,089 [Worker-26: Launching mavenrun-f12c2cd9-b73c-49bc-86e1-258b2db76e68] INFO  o.eclipse.m2e.core.internal.Bundles - 	Entry: C:\Users\Francis\Desktop\Programación\eclipse\plugins\org.eclipse.m2e.maven.runtime_3.8.701.20230209-1606\jars\maven-resolver-transport-wagon-1.6.3.jar
2023-10-16 09:04:46,090 [Worker-26: Launching mavenrun-f12c2cd9-b73c-49bc-86e1-258b2db76e68] INFO  o.eclipse.m2e.core.internal.Bundles - 	Entry: C:\Users\Francis\Desktop\Programación\eclipse\plugins\org.eclipse.m2e.maven.runtime_3.8.701.20230209-1606\jars\maven-resolver-util-1.6.3.jar
2023-10-16 09:04:46,090 [Worker-26: Launching mavenrun-f12c2cd9-b73c-49bc-86e1-258b2db76e68] INFO  o.eclipse.m2e.core.internal.Bundles - 	Entry: C:\Users\Francis\Desktop\Programación\eclipse\plugins\org.eclipse.m2e.maven.runtime_3.8.701.20230209-1606\jars\maven-settings-3.8.7.jar
2023-10-16 09:04:46,090 [Worker-26: Launching mavenrun-f12c2cd9-b73c-49bc-86e1-258b2db76e68] INFO  o.eclipse.m2e.core.internal.Bundles - 	Entry: C:\Users\Francis\Desktop\Programación\eclipse\plugins\org.eclipse.m2e.maven.runtime_3.8.701.20230209-1606\jars\maven-settings-builder-3.8.7.jar
2023-10-16 09:04:46,090 [Worker-26: Launching mavenrun-f12c2cd9-b73c-49bc-86e1-258b2db76e68] INFO  o.eclipse.m2e.core.internal.Bundles - 	Entry: C:\Users\Francis\Desktop\Programación\eclipse\plugins\org.eclipse.m2e.maven.runtime_3.8.701.20230209-1606\jars\maven-shared-utils-3.3.4.jar
2023-10-16 09:04:46,090 [Worker-26: Launching mavenrun-f12c2cd9-b73c-49bc-86e1-258b2db76e68] INFO  o.eclipse.m2e.core.internal.Bundles - 	Entry: C:\Users\Francis\Desktop\Programación\eclipse\plugins\org.eclipse.m2e.maven.runtime_3.8.701.20230209-1606\jars\okhttp-3.14.1.jar
2023-10-16 09:04:46,090 [Worker-26: Launching mavenrun-f12c2cd9-b73c-49bc-86e1-258b2db76e68] INFO  o.eclipse.m2e.core.internal.Bundles - 	Entry: C:\Users\Francis\Desktop\Programación\eclipse\plugins\org.eclipse.m2e.maven.runtime_3.8.701.20230209-1606\jars\okio-1.17.3.jar
2023-10-16 09:04:46,091 [Worker-26: Launching mavenrun-f12c2cd9-b73c-49bc-86e1-258b2db76e68] INFO  o.eclipse.m2e.core.internal.Bundles - 	Entry: C:\Users\Francis\Desktop\Programación\eclipse\plugins\org.eclipse.m2e.maven.runtime_3.8.701.20230209-1606\jars\org.eclipse.sisu.inject-0.3.5.jar
2023-10-16 09:04:46,091 [Worker-26: Launching mavenrun-f12c2cd9-b73c-49bc-86e1-258b2db76e68] INFO  o.eclipse.m2e.core.internal.Bundles - 	Entry: C:\Users\Francis\Desktop\Programación\eclipse\plugins\org.eclipse.m2e.maven.runtime_3.8.701.20230209-1606\jars\org.eclipse.sisu.plexus-0.3.5.jar
2023-10-16 09:04:46,091 [Worker-26: Launching mavenrun-f12c2cd9-b73c-49bc-86e1-258b2db76e68] INFO  o.eclipse.m2e.core.internal.Bundles - 	Entry: C:\Users\Francis\Desktop\Programación\eclipse\plugins\org.eclipse.m2e.maven.runtime_3.8.701.20230209-1606\jars\plexus-build-api-0.0.7.jar
2023-10-16 09:04:46,091 [Worker-26: Launching mavenrun-f12c2cd9-b73c-49bc-86e1-258b2db76e68] INFO  o.eclipse.m2e.core.internal.Bundles - 	Entry: C:\Users\Francis\Desktop\Programación\eclipse\plugins\org.eclipse.m2e.maven.runtime_3.8.701.20230209-1606\jars\plexus-cipher-2.0.jar
2023-10-16 09:04:46,092 [Worker-26: Launching mavenrun-f12c2cd9-b73c-49bc-86e1-258b2db76e68] INFO  o.eclipse.m2e.core.internal.Bundles - 	Entry: C:\Users\Francis\Desktop\Programación\eclipse\plugins\org.eclipse.m2e.maven.runtime_3.8.701.20230209-1606\jars\plexus-classworlds-2.6.0.jar
2023-10-16 09:04:46,092 [Worker-26: Launching mavenrun-f12c2cd9-b73c-49bc-86e1-258b2db76e68] INFO  o.eclipse.m2e.core.internal.Bundles - 	Entry: C:\Users\Francis\Desktop\Programación\eclipse\plugins\org.eclipse.m2e.maven.runtime_3.8.701.20230209-1606\jars\plexus-component-annotations-2.1.0.jar
2023-10-16 09:04:46,092 [Worker-26: Launching mavenrun-f12c2cd9-b73c-49bc-86e1-258b2db76e68] INFO  o.eclipse.m2e.core.internal.Bundles - 	Entry: C:\Users\Francis\Desktop\Programación\eclipse\plugins\org.eclipse.m2e.maven.runtime_3.8.701.20230209-1606\jars\plexus-interpolation-1.26.jar
2023-10-16 09:04:46,093 [Worker-26: Launching mavenrun-f12c2cd9-b73c-49bc-86e1-258b2db76e68] INFO  o.eclipse.m2e.core.internal.Bundles - 	Entry: C:\Users\Francis\Desktop\Programación\eclipse\plugins\org.eclipse.m2e.maven.runtime_3.8.701.20230209-1606\jars\plexus-sec-dispatcher-2.0.jar
2023-10-16 09:04:46,093 [Worker-26: Launching mavenrun-f12c2cd9-b73c-49bc-86e1-258b2db76e68] INFO  o.eclipse.m2e.core.internal.Bundles - 	Entry: C:\Users\Francis\Desktop\Programación\eclipse\plugins\org.eclipse.m2e.maven.runtime_3.8.701.20230209-1606\jars\plexus-utils-3.3.1.jar
2023-10-16 09:04:46,093 [Worker-26: Launching mavenrun-f12c2cd9-b73c-49bc-86e1-258b2db76e68] INFO  o.eclipse.m2e.core.internal.Bundles - 	Entry: C:\Users\Francis\Desktop\Programación\eclipse\plugins\org.eclipse.m2e.maven.runtime_3.8.701.20230209-1606\jars\wagon-file-3.5.3.jar
2023-10-16 09:04:46,093 [Worker-26: Launching mavenrun-f12c2cd9-b73c-49bc-86e1-258b2db76e68] INFO  o.eclipse.m2e.core.internal.Bundles - 	Entry: C:\Users\Francis\Desktop\Programación\eclipse\plugins\org.eclipse.m2e.maven.runtime_3.8.701.20230209-1606\jars\wagon-provider-api-3.5.3.jar
2023-10-16 09:04:46,095 [Worker-26: Launching mavenrun-f12c2cd9-b73c-49bc-86e1-258b2db76e68] INFO  o.eclipse.m2e.core.internal.Bundles - getClasspathEntries(Bundle=com.google.guava_31.1.0.jre [11])
2023-10-16 09:04:46,096 [Worker-26: Launching mavenrun-f12c2cd9-b73c-49bc-86e1-258b2db76e68] INFO  o.eclipse.m2e.core.internal.Bundles - 	Entry: C:\Users\Francis\Desktop\Programación\eclipse\plugins\com.google.guava_31.1.0.jre.jar
2023-10-16 09:04:46,096 [Worker-26: Launching mavenrun-f12c2cd9-b73c-49bc-86e1-258b2db76e68] INFO  o.eclipse.m2e.core.internal.Bundles - getClasspathEntries(Bundle=slf4j.api_1.7.36 [924])
2023-10-16 09:04:46,097 [Worker-26: Launching mavenrun-f12c2cd9-b73c-49bc-86e1-258b2db76e68] INFO  o.eclipse.m2e.core.internal.Bundles - 	Entry: C:\Users\Francis\Desktop\Programación\eclipse\plugins\slf4j.api_1.7.36.jar
2023-10-16 09:04:46,097 [Worker-26: Launching mavenrun-f12c2cd9-b73c-49bc-86e1-258b2db76e68] INFO  o.eclipse.m2e.core.internal.Bundles - getClasspathEntries(Bundle=javax.inject_1.0.0.v20220405-0441 [35])
2023-10-16 09:04:46,099 [Worker-26: Launching mavenrun-f12c2cd9-b73c-49bc-86e1-258b2db76e68] INFO  o.eclipse.m2e.core.internal.Bundles - 	Entry: C:\Users\Francis\Desktop\Programación\eclipse\plugins\javax.inject_1.0.0.v20220405-0441.jar
2023-10-16 09:04:46,099 [Worker-26: Launching mavenrun-f12c2cd9-b73c-49bc-86e1-258b2db76e68] INFO  o.eclipse.m2e.core.internal.Bundles - getClasspathEntries(Bundle=javax.annotation_1.3.5.v20221203-1659 [33])
2023-10-16 09:04:46,101 [Worker-26: Launching mavenrun-f12c2cd9-b73c-49bc-86e1-258b2db76e68] INFO  o.eclipse.m2e.core.internal.Bundles - 	Entry: C:\Users\Francis\Desktop\Programación\eclipse\plugins\javax.annotation_1.3.5.v20221203-1659.jar
2023-10-16 09:04:46,101 [Worker-26: Launching mavenrun-f12c2cd9-b73c-49bc-86e1-258b2db76e68] INFO  o.eclipse.m2e.core.internal.Bundles - getClasspathEntries(Bundle=org.apache.commons.cli_1.4.0.v20221112-0806 [67])
2023-10-16 09:04:46,102 [Worker-26: Launching mavenrun-f12c2cd9-b73c-49bc-86e1-258b2db76e68] INFO  o.eclipse.m2e.core.internal.Bundles - 	Entry: C:\Users\Francis\Desktop\Programación\eclipse\plugins\org.apache.commons.cli_1.4.0.v20221112-0806.jar
2023-10-16 09:04:46,102 [Worker-26: Launching mavenrun-f12c2cd9-b73c-49bc-86e1-258b2db76e68] INFO  o.eclipse.m2e.core.internal.Bundles - getClasspathEntries(Bundle=com.google.guava.failureaccess_1.0.1 [13])
2023-10-16 09:04:46,103 [Worker-26: Launching mavenrun-f12c2cd9-b73c-49bc-86e1-258b2db76e68] INFO  o.eclipse.m2e.core.internal.Bundles - 	Entry: C:\Users\Francis\Desktop\Programación\eclipse\plugins\com.google.guava.failureaccess_1.0.1.jar
2023-10-16 09:04:46,108 [Worker-26: Launching mavenrun-f12c2cd9-b73c-49bc-86e1-258b2db76e68] INFO  o.e.m.i.launch.MavenLaunchDelegate - Run build in "C:\Users\Francis\AppData\Local\Temp\m2e-archetypeGenerator9837153335149594874":
2023-10-16 09:04:46,114 [Worker-26: Launching mavenrun-f12c2cd9-b73c-49bc-86e1-258b2db76e68] INFO  o.e.m.i.launch.MavenLaunchDelegate -  mvn  -DarchetypeGroupId=org.apache.maven.archetypes -DarchetypeArtifactId=maven-archetype-quickstart -DarchetypeVersion=1.4 -DgroupId=ConexionBaseDatos -DartifactId=MainSQL -Dversion=0.1-SNAPSHOT -Dpackage=ConexionBaseDatos.MainSQL -DoutputDirectory=C:\Users\Francis\Desktop\Programación\workSpaceAADD -Dstyle.color=always -U archetype:generate
2023-10-16 09:05:14,264 [Worker-25: Creating maven-archetype-quickstart] INFO  o.e.m.c.i.p.ProjectConfigurationManager - Collecting project info '/pom.xml' C:\Users\Francis\Desktop\Programación\workSpaceAADD\MainSQL\pom.xml
2023-10-16 09:05:17,077 [Worker-25: Creating maven-archetype-quickstart] INFO  o.e.m.c.i.l.LifecycleMappingFactory - Using org.eclipse.m2e.jdt.JarLifecycleMapping lifecycle mapping for MavenProject: ConexionBaseDatos:MainSQL:0.1-SNAPSHOT @ C:\Users\Francis\Desktop\Programación\workSpaceAADD\MainSQL\pom.xml.
2023-10-16 09:05:18,876 [Worker-25: Creating maven-archetype-quickstart] INFO  o.e.m.j.i.AbstractJavaProjectConfigurator - Adding source folder /MainSQL/src/main/java
2023-10-16 09:05:18,887 [Worker-25: Creating maven-archetype-quickstart] INFO  o.e.m.j.i.AbstractJavaProjectConfigurator - Adding source folder /MainSQL/src/test/java
2023-10-16 09:05:19,285 [Worker-25: Creating maven-archetype-quickstart] INFO  o.e.m.c.i.p.ProjectConfigurationManager - Imported and configured 1 project(s) in 5 sec
2023-10-16 09:05:19,626 [Worker-29: Building] INFO  o.e.m.c.i.embedder.EclipseLogger - Using 'UTF-8' encoding to copy filtered resources.
2023-10-16 09:05:19,626 [Worker-29: Building] INFO  o.e.m.c.i.embedder.EclipseLogger - skip non existing resourceDirectory C:\Users\Francis\Desktop\Programación\workSpaceAADD\MainSQL\src\main\resources
2023-10-16 09:05:19,630 [Worker-29: Building] INFO  o.e.m.c.i.embedder.EclipseLogger - Using 'UTF-8' encoding to copy filtered resources.
2023-10-16 09:05:19,630 [Worker-29: Building] INFO  o.e.m.c.i.embedder.EclipseLogger - skip non existing resourceDirectory C:\Users\Francis\Desktop\Programación\workSpaceAADD\MainSQL\src\test\resources
2023-10-16 09:07:38,554 [Worker-25: Building] INFO  o.e.m.c.i.l.LifecycleMappingFactory - Using org.eclipse.m2e.jdt.JarLifecycleMapping lifecycle mapping for MavenProject: ConexionBaseDatos:MainSQL:0.1-SNAPSHOT @ C:\Users\Francis\Desktop\Programación\workSpaceAADD\MainSQL\pom.xml.
2023-10-16 09:07:38,612 [Worker-25: Building] WARN  o.e.m.c.i.embedder.EclipseLogger - The artifact mysql:mysql-connector-java:jar:8.0.33 has been relocated to com.mysql:mysql-connector-j:jar:8.0.33: MySQL Connector/J artifacts moved to reverse-DNS compliant Maven 2+ coordinates.
2023-10-16 09:07:38,798 [Worker-25: Building] INFO  o.e.m.c.i.embedder.EclipseLogger - Using 'UTF-8' encoding to copy filtered resources.
2023-10-16 09:07:38,798 [Worker-25: Building] INFO  o.e.m.c.i.embedder.EclipseLogger - skip non existing resourceDirectory C:\Users\Francis\Desktop\Programación\workSpaceAADD\MainSQL\src\main\resources
2023-10-16 09:07:38,802 [Worker-25: Building] INFO  o.e.m.c.i.embedder.EclipseLogger - Using 'UTF-8' encoding to copy filtered resources.
2023-10-16 09:07:38,803 [Worker-25: Building] INFO  o.e.m.c.i.embedder.EclipseLogger - skip non existing resourceDirectory C:\Users\Francis\Desktop\Programación\workSpaceAADD\MainSQL\src\test\resources
2023-10-16 09:07:40,148 [Worker-31: Download sources and javadoc] INFO  o.e.m.c.i.e.AbstractTransferListenerAdapter - Downloading https://repo.maven.apache.org/maven2/com/mysql/mysql-connector-j/8.0.33/mysql-connector-j-8.0.33-sources.jar
2023-10-16 09:07:42,480 [Worker-31: Download sources and javadoc] INFO  o.e.m.c.i.e.AbstractTransferListenerAdapter - Downloaded https://repo.maven.apache.org/maven2/com/mysql/mysql-connector-j/8.0.33/mysql-connector-j-8.0.33-sources.jar
2023-10-16 09:07:42,484 [Worker-31: Download sources and javadoc] INFO  o.e.m.j.internal.DownloadSourcesJob - Downloaded sources for com.mysql:mysql-connector-j:8.0.33
2023-10-16 09:07:42,755 [Worker-31: Download sources and javadoc] INFO  o.e.m.c.i.e.AbstractTransferListenerAdapter - Downloading https://repo.maven.apache.org/maven2/com/google/protobuf/protobuf-java/3.21.9/protobuf-java-3.21.9-sources.jar
2023-10-16 09:07:43,581 [Worker-31: Download sources and javadoc] INFO  o.e.m.c.i.e.AbstractTransferListenerAdapter - Downloaded https://repo.maven.apache.org/maven2/com/google/protobuf/protobuf-java/3.21.9/protobuf-java-3.21.9-sources.jar
2023-10-16 09:07:43,586 [Worker-31: Download sources and javadoc] INFO  o.e.m.j.internal.DownloadSourcesJob - Downloaded sources for com.google.protobuf:protobuf-java:3.21.9
2023-10-16 09:07:45,057 [Worker-32: Building] INFO  o.e.m.c.i.l.LifecycleMappingFactory - Using org.eclipse.m2e.jdt.JarLifecycleMapping lifecycle mapping for MavenProject: ConexionBaseDatos:MainSQL:0.1-SNAPSHOT @ C:\Users\Francis\Desktop\Programación\workSpaceAADD\MainSQL\pom.xml.
2023-10-16 09:07:45,067 [Worker-32: Building] WARN  o.e.m.c.i.embedder.EclipseLogger - The artifact mysql:mysql-connector-java:jar:8.0.33 has been relocated to com.mysql:mysql-connector-j:jar:8.0.33: MySQL Connector/J artifacts moved to reverse-DNS compliant Maven 2+ coordinates.
2023-10-16 09:07:45,423 [Worker-32: Building] INFO  o.e.m.c.i.embedder.EclipseLogger - Using 'UTF-8' encoding to copy filtered resources.
2023-10-16 09:07:45,424 [Worker-32: Building] INFO  o.e.m.c.i.embedder.EclipseLogger - skip non existing resourceDirectory C:\Users\Francis\Desktop\Programación\workSpaceAADD\MainSQL\src\main\resources
2023-10-16 09:07:45,428 [Worker-32: Building] INFO  o.e.m.c.i.embedder.EclipseLogger - Using 'UTF-8' encoding to copy filtered resources.
2023-10-16 09:07:45,428 [Worker-32: Building] INFO  o.e.m.c.i.embedder.EclipseLogger - skip non existing resourceDirectory C:\Users\Francis\Desktop\Programación\workSpaceAADD\MainSQL\src\test\resources
2023-10-16 09:08:08,446 [Worker-32: Building] INFO  o.e.m.c.i.embedder.EclipseLogger - Using 'UTF-8' encoding to copy filtered resources.
2023-10-16 09:08:08,446 [Worker-32: Building] INFO  o.e.m.c.i.embedder.EclipseLogger - skip non existing resourceDirectory C:\Users\Francis\Desktop\Programación\workSpaceAADD\MainSQL\src\main\resources
2023-10-16 09:08:08,449 [Worker-32: Building] INFO  o.e.m.c.i.embedder.EclipseLogger - Using 'UTF-8' encoding to copy filtered resources.
2023-10-16 09:08:08,450 [Worker-32: Building] INFO  o.e.m.c.i.embedder.EclipseLogger - skip non existing resourceDirectory C:\Users\Francis\Desktop\Programación\workSpaceAADD\MainSQL\src\test\resources
2023-10-16 09:09:20,678 [Worker-34: Building] INFO  o.e.m.c.i.l.LifecycleMappingFactory - Using org.eclipse.m2e.jdt.JarLifecycleMapping lifecycle mapping for MavenProject: ConexionBaseDatos:MainSQL:0.1-SNAPSHOT @ C:\Users\Francis\Desktop\Programación\workSpaceAADD\Actividad1SQL\pom.xml.
2023-10-16 09:09:20,692 [Worker-34: Building] WARN  o.e.m.c.i.embedder.EclipseLogger - The artifact mysql:mysql-connector-java:jar:8.0.33 has been relocated to com.mysql:mysql-connector-j:jar:8.0.33: MySQL Connector/J artifacts moved to reverse-DNS compliant Maven 2+ coordinates.
2023-10-16 09:09:20,732 [Worker-34: Building] INFO  o.e.m.c.i.embedder.EclipseLogger - Using 'UTF-8' encoding to copy filtered resources.
2023-10-16 09:09:20,732 [Worker-34: Building] INFO  o.e.m.c.i.embedder.EclipseLogger - skip non existing resourceDirectory C:\Users\Francis\Desktop\Programación\workSpaceAADD\Actividad1SQL\src\main\resources
2023-10-16 09:09:20,736 [Worker-34: Building] INFO  o.e.m.c.i.embedder.EclipseLogger - Using 'UTF-8' encoding to copy filtered resources.
2023-10-16 09:09:20,736 [Worker-34: Building] INFO  o.e.m.c.i.embedder.EclipseLogger - skip non existing resourceDirectory C:\Users\Francis\Desktop\Programación\workSpaceAADD\Actividad1SQL\src\test\resources
2023-10-16 09:38:59,366 [Worker-38: Building] INFO  o.e.m.c.i.embedder.EclipseLogger - Using 'UTF-8' encoding to copy filtered resources.
2023-10-16 09:38:59,367 [Worker-38: Building] INFO  o.e.m.c.i.embedder.EclipseLogger - skip non existing resourceDirectory C:\Users\Francis\Desktop\Programación\workSpaceAADD\Actividad1SQL\src\main\resources
2023-10-16 09:38:59,371 [Worker-38: Building] INFO  o.e.m.c.i.embedder.EclipseLogger - Using 'UTF-8' encoding to copy filtered resources.
2023-10-16 09:38:59,371 [Worker-38: Building] INFO  o.e.m.c.i.embedder.EclipseLogger - skip non existing resourceDirectory C:\Users\Francis\Desktop\Programación\workSpaceAADD\Actividad1SQL\src\test\resources
2023-10-16 09:44:48,601 [Worker-37: Building] INFO  o.e.m.c.i.embedder.EclipseLogger - Using 'UTF-8' encoding to copy filtered resources.
2023-10-16 09:44:48,601 [Worker-37: Building] INFO  o.e.m.c.i.embedder.EclipseLogger - skip non existing resourceDirectory C:\Users\Francis\Desktop\Programación\workSpaceAADD\Actividad1SQL\src\main\resources
2023-10-16 09:44:48,604 [Worker-37: Building] INFO  o.e.m.c.i.embedder.EclipseLogger - Using 'UTF-8' encoding to copy filtered resources.
2023-10-16 09:44:48,604 [Worker-37: Building] INFO  o.e.m.c.i.embedder.EclipseLogger - skip non existing resourceDirectory C:\Users\Francis\Desktop\Programación\workSpaceAADD\Actividad1SQL\src\test\resources
2023-10-16 09:46:39,429 [Worker-43: Building] INFO  o.e.m.c.i.embedder.EclipseLogger - Using 'UTF-8' encoding to copy filtered resources.
2023-10-16 09:46:39,430 [Worker-43: Building] INFO  o.e.m.c.i.embedder.EclipseLogger - skip non existing resourceDirectory C:\Users\Francis\Desktop\Programación\workSpaceAADD\Actividad1SQL\src\main\resources
2023-10-16 09:46:39,432 [Worker-43: Building] INFO  o.e.m.c.i.embedder.EclipseLogger - Using 'UTF-8' encoding to copy filtered resources.
2023-10-16 09:46:39,432 [Worker-43: Building] INFO  o.e.m.c.i.embedder.EclipseLogger - skip non existing resourceDirectory C:\Users\Francis\Desktop\Programación\workSpaceAADD\Actividad1SQL\src\test\resources
2023-10-16 10:05:36,485 [Worker-47: Building] INFO  o.e.m.c.i.embedder.EclipseLogger - Using 'UTF-8' encoding to copy filtered resources.
2023-10-16 10:05:36,485 [Worker-47: Building] INFO  o.e.m.c.i.embedder.EclipseLogger - skip non existing resourceDirectory C:\Users\Francis\Desktop\Programación\workSpaceAADD\Actividad1SQL\src\main\resources
2023-10-16 10:05:36,488 [Worker-47: Building] INFO  o.e.m.c.i.embedder.EclipseLogger - Using 'UTF-8' encoding to copy filtered resources.
2023-10-16 10:05:36,488 [Worker-47: Building] INFO  o.e.m.c.i.embedder.EclipseLogger - skip non existing resourceDirectory C:\Users\Francis\Desktop\Programación\workSpaceAADD\Actividad1SQL\src\test\resources
2023-10-16 10:06:38,358 [Worker-48: Building] INFO  o.e.m.c.i.embedder.EclipseLogger - Using 'UTF-8' encoding to copy filtered resources.
2023-10-16 10:06:38,358 [Worker-48: Building] INFO  o.e.m.c.i.embedder.EclipseLogger - skip non existing resourceDirectory C:\Users\Francis\Desktop\Programación\workSpaceAADD\Actividad1SQL\src\main\resources
2023-10-16 10:06:38,360 [Worker-48: Building] INFO  o.e.m.c.i.embedder.EclipseLogger - Using 'UTF-8' encoding to copy filtered resources.
2023-10-16 10:06:38,360 [Worker-48: Building] INFO  o.e.m.c.i.embedder.EclipseLogger - skip non existing resourceDirectory C:\Users\Francis\Desktop\Programación\workSpaceAADD\Actividad1SQL\src\test\resources
2023-10-16 10:07:19,457 [Worker-49: Building] INFO  o.e.m.c.i.embedder.EclipseLogger - Using 'UTF-8' encoding to copy filtered resources.
2023-10-16 10:07:19,458 [Worker-49: Building] INFO  o.e.m.c.i.embedder.EclipseLogger - skip non existing resourceDirectory C:\Users\Francis\Desktop\Programación\workSpaceAADD\Actividad1SQL\src\main\resources
2023-10-16 10:07:19,460 [Worker-49: Building] INFO  o.e.m.c.i.embedder.EclipseLogger - Using 'UTF-8' encoding to copy filtered resources.
2023-10-16 10:07:19,460 [Worker-49: Building] INFO  o.e.m.c.i.embedder.EclipseLogger - skip non existing resourceDirectory C:\Users\Francis\Desktop\Programación\workSpaceAADD\Actividad1SQL\src\test\resources
2023-10-16 10:09:42,084 [Worker-43: Building] INFO  o.e.m.c.i.embedder.EclipseLogger - Using 'UTF-8' encoding to copy filtered resources.
2023-10-16 10:09:42,085 [Worker-43: Building] INFO  o.e.m.c.i.embedder.EclipseLogger - skip non existing resourceDirectory C:\Users\Francis\Desktop\Programación\workSpaceAADD\Actividad1SQL\src\main\resources
2023-10-16 10:09:42,087 [Worker-43: Building] INFO  o.e.m.c.i.embedder.EclipseLogger - Using 'UTF-8' encoding to copy filtered resources.
2023-10-16 10:09:42,087 [Worker-43: Building] INFO  o.e.m.c.i.embedder.EclipseLogger - skip non existing resourceDirectory C:\Users\Francis\Desktop\Programación\workSpaceAADD\Actividad1SQL\src\test\resources
2023-10-16 10:10:58,513 [Worker-42: Building] INFO  o.e.m.c.i.embedder.EclipseLogger - Using 'UTF-8' encoding to copy filtered resources.
2023-10-16 10:10:58,513 [Worker-42: Building] INFO  o.e.m.c.i.embedder.EclipseLogger - skip non existing resourceDirectory C:\Users\Francis\Desktop\Programación\workSpaceAADD\Actividad1SQL\src\main\resources
2023-10-16 10:10:58,518 [Worker-42: Building] INFO  o.e.m.c.i.embedder.EclipseLogger - Using 'UTF-8' encoding to copy filtered resources.
2023-10-16 10:10:58,518 [Worker-42: Building] INFO  o.e.m.c.i.embedder.EclipseLogger - skip non existing resourceDirectory C:\Users\Francis\Desktop\Programación\workSpaceAADD\Actividad1SQL\src\test\resources
2023-10-16 10:11:06,856 [Worker-47: Building] INFO  o.e.m.c.i.embedder.EclipseLogger - Using 'UTF-8' encoding to copy filtered resources.
2023-10-16 10:11:06,856 [Worker-47: Building] INFO  o.e.m.c.i.embedder.EclipseLogger - skip non existing resourceDirectory C:\Users\Francis\Desktop\Programación\workSpaceAADD\Actividad1SQL\src\main\resources
2023-10-16 10:11:06,859 [Worker-47: Building] INFO  o.e.m.c.i.embedder.EclipseLogger - Using 'UTF-8' encoding to copy filtered resources.
2023-10-16 10:11:06,859 [Worker-47: Building] INFO  o.e.m.c.i.embedder.EclipseLogger - skip non existing resourceDirectory C:\Users\Francis\Desktop\Programación\workSpaceAADD\Actividad1SQL\src\test\resources
2023-10-18 08:29:15,557 [Worker-3: Loading available Gradle versions] INFO  o.e.b.c.i.u.g.PublishedGradleVersions - Gradle version information cache is up-to-date. Trying to read.
2023-10-18 08:30:11,500 [Worker-5: Building] WARN  o.e.m.c.i.embedder.EclipseLogger - The artifact mysql:mysql-connector-java:jar:8.0.33 has been relocated to com.mysql:mysql-connector-j:jar:8.0.33: MySQL Connector/J artifacts moved to reverse-DNS compliant Maven 2+ coordinates.
2023-10-18 08:30:15,598 [Worker-5: Building] INFO  o.e.m.c.i.embedder.EclipseLogger - Using 'UTF-8' encoding to copy filtered resources.
2023-10-18 08:30:15,599 [Worker-5: Building] INFO  o.e.m.c.i.embedder.EclipseLogger - skip non existing resourceDirectory C:\Users\Francis\Desktop\Programación\workSpaceAADD\Actividad1SQL\src\main\resources
2023-10-18 08:30:15,605 [Worker-5: Building] INFO  o.e.m.c.i.embedder.EclipseLogger - Using 'UTF-8' encoding to copy filtered resources.
2023-10-18 08:30:15,605 [Worker-5: Building] INFO  o.e.m.c.i.embedder.EclipseLogger - skip non existing resourceDirectory C:\Users\Francis\Desktop\Programación\workSpaceAADD\Actividad1SQL\src\test\resources
2023-10-18 08:31:59,220 [Worker-5: Building] INFO  o.e.m.c.i.embedder.EclipseLogger - Using 'UTF-8' encoding to copy filtered resources.
2023-10-18 08:31:59,221 [Worker-5: Building] INFO  o.e.m.c.i.embedder.EclipseLogger - skip non existing resourceDirectory C:\Users\Francis\Desktop\Programación\workSpaceAADD\Actividad1SQL\src\main\resources
2023-10-18 08:31:59,229 [Worker-5: Building] INFO  o.e.m.c.i.embedder.EclipseLogger - Using 'UTF-8' encoding to copy filtered resources.
2023-10-18 08:31:59,229 [Worker-5: Building] INFO  o.e.m.c.i.embedder.EclipseLogger - skip non existing resourceDirectory C:\Users\Francis\Desktop\Programación\workSpaceAADD\Actividad1SQL\src\test\resources
2023-10-18 08:32:57,626 [Worker-7: Building] INFO  o.e.m.c.i.embedder.EclipseLogger - Using 'UTF-8' encoding to copy filtered resources.
2023-10-18 08:32:57,626 [Worker-7: Building] INFO  o.e.m.c.i.embedder.EclipseLogger - skip non existing resourceDirectory C:\Users\Francis\Desktop\Programación\workSpaceAADD\Actividad1SQL\src\main\resources
2023-10-18 08:32:57,633 [Worker-7: Building] INFO  o.e.m.c.i.embedder.EclipseLogger - Using 'UTF-8' encoding to copy filtered resources.
2023-10-18 08:32:57,633 [Worker-7: Building] INFO  o.e.m.c.i.embedder.EclipseLogger - skip non existing resourceDirectory C:\Users\Francis\Desktop\Programación\workSpaceAADD\Actividad1SQL\src\test\resources
2023-10-18 08:33:41,679 [Worker-4: Building] INFO  o.e.m.c.i.embedder.EclipseLogger - Using 'UTF-8' encoding to copy filtered resources.
2023-10-18 08:33:41,680 [Worker-4: Building] INFO  o.e.m.c.i.embedder.EclipseLogger - skip non existing resourceDirectory C:\Users\Francis\Desktop\Programación\workSpaceAADD\Actividad1SQL\src\main\resources
2023-10-18 08:33:41,689 [Worker-4: Building] INFO  o.e.m.c.i.embedder.EclipseLogger - Using 'UTF-8' encoding to copy filtered resources.
2023-10-18 08:33:41,689 [Worker-4: Building] INFO  o.e.m.c.i.embedder.EclipseLogger - skip non existing resourceDirectory C:\Users\Francis\Desktop\Programación\workSpaceAADD\Actividad1SQL\src\test\resources
2023-10-18 08:34:01,983 [Worker-17: Building] INFO  o.e.m.c.i.embedder.EclipseLogger - Using 'UTF-8' encoding to copy filtered resources.
2023-10-18 08:34:01,984 [Worker-17: Building] INFO  o.e.m.c.i.embedder.EclipseLogger - skip non existing resourceDirectory C:\Users\Francis\Desktop\Programación\workSpaceAADD\Actividad1SQL\src\main\resources
2023-10-18 08:34:01,989 [Worker-17: Building] INFO  o.e.m.c.i.embedder.EclipseLogger - Using 'UTF-8' encoding to copy filtered resources.
2023-10-18 08:34:01,989 [Worker-17: Building] INFO  o.e.m.c.i.embedder.EclipseLogger - skip non existing resourceDirectory C:\Users\Francis\Desktop\Programación\workSpaceAADD\Actividad1SQL\src\test\resources
2023-10-18 08:37:50,160 [Worker-23: Building] INFO  o.e.m.c.i.embedder.EclipseLogger - Using 'UTF-8' encoding to copy filtered resources.
2023-10-18 08:37:50,161 [Worker-23: Building] INFO  o.e.m.c.i.embedder.EclipseLogger - skip non existing resourceDirectory C:\Users\Francis\Desktop\Programación\workSpaceAADD\Actividad1SQL\src\main\resources
2023-10-18 08:37:50,168 [Worker-23: Building] INFO  o.e.m.c.i.embedder.EclipseLogger - Using 'UTF-8' encoding to copy filtered resources.
2023-10-18 08:37:50,169 [Worker-23: Building] INFO  o.e.m.c.i.embedder.EclipseLogger - skip non existing resourceDirectory C:\Users\Francis\Desktop\Programación\workSpaceAADD\Actividad1SQL\src\test\resources
2023-10-18 08:42:38,237 [Worker-9: Building] INFO  o.e.m.c.i.embedder.EclipseLogger - Using 'UTF-8' encoding to copy filtered resources.
2023-10-18 08:42:38,237 [Worker-9: Building] INFO  o.e.m.c.i.embedder.EclipseLogger - skip non existing resourceDirectory C:\Users\Francis\Desktop\Programación\workSpaceAADD\Actividad1SQL\src\main\resources
2023-10-18 08:42:38,244 [Worker-9: Building] INFO  o.e.m.c.i.embedder.EclipseLogger - Using 'UTF-8' encoding to copy filtered resources.
2023-10-18 08:42:38,245 [Worker-9: Building] INFO  o.e.m.c.i.embedder.EclipseLogger - skip non existing resourceDirectory C:\Users\Francis\Desktop\Programación\workSpaceAADD\Actividad1SQL\src\test\resources
2023-10-18 08:44:30,058 [Worker-20: Building] INFO  o.e.m.c.i.embedder.EclipseLogger - Using 'UTF-8' encoding to copy filtered resources.
2023-10-18 08:44:30,059 [Worker-20: Building] INFO  o.e.m.c.i.embedder.EclipseLogger - skip non existing resourceDirectory C:\Users\Francis\Desktop\Programación\workSpaceAADD\Actividad1SQL\src\main\resources
2023-10-18 08:44:30,066 [Worker-20: Building] INFO  o.e.m.c.i.embedder.EclipseLogger - Using 'UTF-8' encoding to copy filtered resources.
2023-10-18 08:44:30,066 [Worker-20: Building] INFO  o.e.m.c.i.embedder.EclipseLogger - skip non existing resourceDirectory C:\Users\Francis\Desktop\Programación\workSpaceAADD\Actividad1SQL\src\test\resources
2023-10-18 08:52:14,129 [Worker-27: Building] INFO  o.e.m.c.i.embedder.EclipseLogger - Using 'UTF-8' encoding to copy filtered resources.
2023-10-18 08:52:14,130 [Worker-27: Building] INFO  o.e.m.c.i.embedder.EclipseLogger - skip non existing resourceDirectory C:\Users\Francis\Desktop\Programación\workSpaceAADD\Actividad1SQL\src\main\resources
2023-10-18 08:52:14,136 [Worker-27: Building] INFO  o.e.m.c.i.embedder.EclipseLogger - Using 'UTF-8' encoding to copy filtered resources.
2023-10-18 08:52:14,137 [Worker-27: Building] INFO  o.e.m.c.i.embedder.EclipseLogger - skip non existing resourceDirectory C:\Users\Francis\Desktop\Programación\workSpaceAADD\Actividad1SQL\src\test\resources
2023-10-18 08:54:17,431 [Worker-9: Launching mavenrun-21deb9c3-67a1-4e09-b088-a6889885d7fb] INFO  o.eclipse.m2e.core.internal.Bundles - getClasspathEntries(Bundle=org.eclipse.m2e.maven.runtime_3.8.701.20230209-1606 [610])
2023-10-18 08:54:17,898 [Worker-9: Launching mavenrun-21deb9c3-67a1-4e09-b088-a6889885d7fb] INFO  o.eclipse.m2e.core.internal.Bundles - 	Entry: C:\Users\Francis\Desktop\Programación\eclipse\plugins\org.eclipse.m2e.maven.runtime_3.8.701.20230209-1606
2023-10-18 08:54:17,899 [Worker-9: Launching mavenrun-21deb9c3-67a1-4e09-b088-a6889885d7fb] INFO  o.eclipse.m2e.core.internal.Bundles - 	Entry: C:\Users\Francis\Desktop\Programación\eclipse\plugins\org.eclipse.m2e.maven.runtime_3.8.701.20230209-1606\jars\aether-connector-okhttp-0.17.8.jar
2023-10-18 08:54:17,900 [Worker-9: Launching mavenrun-21deb9c3-67a1-4e09-b088-a6889885d7fb] INFO  o.eclipse.m2e.core.internal.Bundles - 	Entry: C:\Users\Francis\Desktop\Programación\eclipse\plugins\org.eclipse.m2e.maven.runtime_3.8.701.20230209-1606\jars\commons-lang3-3.8.1.jar
2023-10-18 08:54:17,900 [Worker-9: Launching mavenrun-21deb9c3-67a1-4e09-b088-a6889885d7fb] INFO  o.eclipse.m2e.core.internal.Bundles - 	Entry: C:\Users\Francis\Desktop\Programación\eclipse\plugins\org.eclipse.m2e.maven.runtime_3.8.701.20230209-1606\jars\guice-4.2.2-no_aop.jar
2023-10-18 08:54:17,901 [Worker-9: Launching mavenrun-21deb9c3-67a1-4e09-b088-a6889885d7fb] INFO  o.eclipse.m2e.core.internal.Bundles - 	Entry: C:\Users\Francis\Desktop\Programación\eclipse\plugins\org.eclipse.m2e.maven.runtime_3.8.701.20230209-1606\jars\jansi-2.4.0.jar
2023-10-18 08:54:17,901 [Worker-9: Launching mavenrun-21deb9c3-67a1-4e09-b088-a6889885d7fb] INFO  o.eclipse.m2e.core.internal.Bundles - 	Entry: C:\Users\Francis\Desktop\Programación\eclipse\plugins\org.eclipse.m2e.maven.runtime_3.8.701.20230209-1606\jars\maven-artifact-3.8.7.jar
2023-10-18 08:54:17,901 [Worker-9: Launching mavenrun-21deb9c3-67a1-4e09-b088-a6889885d7fb] INFO  o.eclipse.m2e.core.internal.Bundles - 	Entry: C:\Users\Francis\Desktop\Programación\eclipse\plugins\org.eclipse.m2e.maven.runtime_3.8.701.20230209-1606\jars\maven-builder-support-3.8.7.jar
2023-10-18 08:54:17,902 [Worker-9: Launching mavenrun-21deb9c3-67a1-4e09-b088-a6889885d7fb] INFO  o.eclipse.m2e.core.internal.Bundles - 	Entry: C:\Users\Francis\Desktop\Programación\eclipse\plugins\org.eclipse.m2e.maven.runtime_3.8.701.20230209-1606\jars\maven-compat-3.8.7.jar
2023-10-18 08:54:17,902 [Worker-9: Launching mavenrun-21deb9c3-67a1-4e09-b088-a6889885d7fb] INFO  o.eclipse.m2e.core.internal.Bundles - 	Entry: C:\Users\Francis\Desktop\Programación\eclipse\plugins\org.eclipse.m2e.maven.runtime_3.8.701.20230209-1606\jars\maven-core-3.8.7.jar
2023-10-18 08:54:17,902 [Worker-9: Launching mavenrun-21deb9c3-67a1-4e09-b088-a6889885d7fb] INFO  o.eclipse.m2e.core.internal.Bundles - 	Entry: C:\Users\Francis\Desktop\Programación\eclipse\plugins\org.eclipse.m2e.maven.runtime_3.8.701.20230209-1606\jars\maven-embedder-3.8.7.jar
2023-10-18 08:54:17,903 [Worker-9: Launching mavenrun-21deb9c3-67a1-4e09-b088-a6889885d7fb] INFO  o.eclipse.m2e.core.internal.Bundles - 	Entry: C:\Users\Francis\Desktop\Programación\eclipse\plugins\org.eclipse.m2e.maven.runtime_3.8.701.20230209-1606\jars\maven-model-3.8.7.jar
2023-10-18 08:54:17,903 [Worker-9: Launching mavenrun-21deb9c3-67a1-4e09-b088-a6889885d7fb] INFO  o.eclipse.m2e.core.internal.Bundles - 	Entry: C:\Users\Francis\Desktop\Programación\eclipse\plugins\org.eclipse.m2e.maven.runtime_3.8.701.20230209-1606\jars\maven-model-builder-3.8.7.jar
2023-10-18 08:54:17,904 [Worker-9: Launching mavenrun-21deb9c3-67a1-4e09-b088-a6889885d7fb] INFO  o.eclipse.m2e.core.internal.Bundles - 	Entry: C:\Users\Francis\Desktop\Programación\eclipse\plugins\org.eclipse.m2e.maven.runtime_3.8.701.20230209-1606\jars\maven-plugin-api-3.8.7.jar
2023-10-18 08:54:17,904 [Worker-9: Launching mavenrun-21deb9c3-67a1-4e09-b088-a6889885d7fb] INFO  o.eclipse.m2e.core.internal.Bundles - 	Entry: C:\Users\Francis\Desktop\Programación\eclipse\plugins\org.eclipse.m2e.maven.runtime_3.8.701.20230209-1606\jars\maven-repository-metadata-3.8.7.jar
2023-10-18 08:54:17,904 [Worker-9: Launching mavenrun-21deb9c3-67a1-4e09-b088-a6889885d7fb] INFO  o.eclipse.m2e.core.internal.Bundles - 	Entry: C:\Users\Francis\Desktop\Programación\eclipse\plugins\org.eclipse.m2e.maven.runtime_3.8.701.20230209-1606\jars\maven-resolver-api-1.6.3.jar
2023-10-18 08:54:17,905 [Worker-9: Launching mavenrun-21deb9c3-67a1-4e09-b088-a6889885d7fb] INFO  o.eclipse.m2e.core.internal.Bundles - 	Entry: C:\Users\Francis\Desktop\Programación\eclipse\plugins\org.eclipse.m2e.maven.runtime_3.8.701.20230209-1606\jars\maven-resolver-connector-basic-1.6.3.jar
2023-10-18 08:54:17,905 [Worker-9: Launching mavenrun-21deb9c3-67a1-4e09-b088-a6889885d7fb] INFO  o.eclipse.m2e.core.internal.Bundles - 	Entry: C:\Users\Francis\Desktop\Programación\eclipse\plugins\org.eclipse.m2e.maven.runtime_3.8.701.20230209-1606\jars\maven-resolver-impl-1.6.3.jar
2023-10-18 08:54:17,906 [Worker-9: Launching mavenrun-21deb9c3-67a1-4e09-b088-a6889885d7fb] INFO  o.eclipse.m2e.core.internal.Bundles - 	Entry: C:\Users\Francis\Desktop\Programación\eclipse\plugins\org.eclipse.m2e.maven.runtime_3.8.701.20230209-1606\jars\maven-resolver-provider-3.8.7.jar
2023-10-18 08:54:17,906 [Worker-9: Launching mavenrun-21deb9c3-67a1-4e09-b088-a6889885d7fb] INFO  o.eclipse.m2e.core.internal.Bundles - 	Entry: C:\Users\Francis\Desktop\Programación\eclipse\plugins\org.eclipse.m2e.maven.runtime_3.8.701.20230209-1606\jars\maven-resolver-spi-1.6.3.jar
2023-10-18 08:54:17,906 [Worker-9: Launching mavenrun-21deb9c3-67a1-4e09-b088-a6889885d7fb] INFO  o.eclipse.m2e.core.internal.Bundles - 	Entry: C:\Users\Francis\Desktop\Programación\eclipse\plugins\org.eclipse.m2e.maven.runtime_3.8.701.20230209-1606\jars\maven-resolver-transport-wagon-1.6.3.jar
2023-10-18 08:54:17,907 [Worker-9: Launching mavenrun-21deb9c3-67a1-4e09-b088-a6889885d7fb] INFO  o.eclipse.m2e.core.internal.Bundles - 	Entry: C:\Users\Francis\Desktop\Programación\eclipse\plugins\org.eclipse.m2e.maven.runtime_3.8.701.20230209-1606\jars\maven-resolver-util-1.6.3.jar
2023-10-18 08:54:17,907 [Worker-9: Launching mavenrun-21deb9c3-67a1-4e09-b088-a6889885d7fb] INFO  o.eclipse.m2e.core.internal.Bundles - 	Entry: C:\Users\Francis\Desktop\Programación\eclipse\plugins\org.eclipse.m2e.maven.runtime_3.8.701.20230209-1606\jars\maven-settings-3.8.7.jar
2023-10-18 08:54:17,907 [Worker-9: Launching mavenrun-21deb9c3-67a1-4e09-b088-a6889885d7fb] INFO  o.eclipse.m2e.core.internal.Bundles - 	Entry: C:\Users\Francis\Desktop\Programación\eclipse\plugins\org.eclipse.m2e.maven.runtime_3.8.701.20230209-1606\jars\maven-settings-builder-3.8.7.jar
2023-10-18 08:54:17,908 [Worker-9: Launching mavenrun-21deb9c3-67a1-4e09-b088-a6889885d7fb] INFO  o.eclipse.m2e.core.internal.Bundles - 	Entry: C:\Users\Francis\Desktop\Programación\eclipse\plugins\org.eclipse.m2e.maven.runtime_3.8.701.20230209-1606\jars\maven-shared-utils-3.3.4.jar
2023-10-18 08:54:17,908 [Worker-9: Launching mavenrun-21deb9c3-67a1-4e09-b088-a6889885d7fb] INFO  o.eclipse.m2e.core.internal.Bundles - 	Entry: C:\Users\Francis\Desktop\Programación\eclipse\plugins\org.eclipse.m2e.maven.runtime_3.8.701.20230209-1606\jars\okhttp-3.14.1.jar
2023-10-18 08:54:17,909 [Worker-9: Launching mavenrun-21deb9c3-67a1-4e09-b088-a6889885d7fb] INFO  o.eclipse.m2e.core.internal.Bundles - 	Entry: C:\Users\Francis\Desktop\Programación\eclipse\plugins\org.eclipse.m2e.maven.runtime_3.8.701.20230209-1606\jars\okio-1.17.3.jar
2023-10-18 08:54:17,909 [Worker-9: Launching mavenrun-21deb9c3-67a1-4e09-b088-a6889885d7fb] INFO  o.eclipse.m2e.core.internal.Bundles - 	Entry: C:\Users\Francis\Desktop\Programación\eclipse\plugins\org.eclipse.m2e.maven.runtime_3.8.701.20230209-1606\jars\org.eclipse.sisu.inject-0.3.5.jar
2023-10-18 08:54:17,909 [Worker-9: Launching mavenrun-21deb9c3-67a1-4e09-b088-a6889885d7fb] INFO  o.eclipse.m2e.core.internal.Bundles - 	Entry: C:\Users\Francis\Desktop\Programación\eclipse\plugins\org.eclipse.m2e.maven.runtime_3.8.701.20230209-1606\jars\org.eclipse.sisu.plexus-0.3.5.jar
2023-10-18 08:54:17,909 [Worker-9: Launching mavenrun-21deb9c3-67a1-4e09-b088-a6889885d7fb] INFO  o.eclipse.m2e.core.internal.Bundles - 	Entry: C:\Users\Francis\Desktop\Programación\eclipse\plugins\org.eclipse.m2e.maven.runtime_3.8.701.20230209-1606\jars\plexus-build-api-0.0.7.jar
2023-10-18 08:54:17,910 [Worker-9: Launching mavenrun-21deb9c3-67a1-4e09-b088-a6889885d7fb] INFO  o.eclipse.m2e.core.internal.Bundles - 	Entry: C:\Users\Francis\Desktop\Programación\eclipse\plugins\org.eclipse.m2e.maven.runtime_3.8.701.20230209-1606\jars\plexus-cipher-2.0.jar
2023-10-18 08:54:17,910 [Worker-9: Launching mavenrun-21deb9c3-67a1-4e09-b088-a6889885d7fb] INFO  o.eclipse.m2e.core.internal.Bundles - 	Entry: C:\Users\Francis\Desktop\Programación\eclipse\plugins\org.eclipse.m2e.maven.runtime_3.8.701.20230209-1606\jars\plexus-classworlds-2.6.0.jar
2023-10-18 08:54:17,910 [Worker-9: Launching mavenrun-21deb9c3-67a1-4e09-b088-a6889885d7fb] INFO  o.eclipse.m2e.core.internal.Bundles - 	Entry: C:\Users\Francis\Desktop\Programación\eclipse\plugins\org.eclipse.m2e.maven.runtime_3.8.701.20230209-1606\jars\plexus-component-annotations-2.1.0.jar
2023-10-18 08:54:17,911 [Worker-9: Launching mavenrun-21deb9c3-67a1-4e09-b088-a6889885d7fb] INFO  o.eclipse.m2e.core.internal.Bundles - 	Entry: C:\Users\Francis\Desktop\Programación\eclipse\plugins\org.eclipse.m2e.maven.runtime_3.8.701.20230209-1606\jars\plexus-interpolation-1.26.jar
2023-10-18 08:54:17,911 [Worker-9: Launching mavenrun-21deb9c3-67a1-4e09-b088-a6889885d7fb] INFO  o.eclipse.m2e.core.internal.Bundles - 	Entry: C:\Users\Francis\Desktop\Programación\eclipse\plugins\org.eclipse.m2e.maven.runtime_3.8.701.20230209-1606\jars\plexus-sec-dispatcher-2.0.jar
2023-10-18 08:54:17,911 [Worker-9: Launching mavenrun-21deb9c3-67a1-4e09-b088-a6889885d7fb] INFO  o.eclipse.m2e.core.internal.Bundles - 	Entry: C:\Users\Francis\Desktop\Programación\eclipse\plugins\org.eclipse.m2e.maven.runtime_3.8.701.20230209-1606\jars\plexus-utils-3.3.1.jar
2023-10-18 08:54:17,912 [Worker-9: Launching mavenrun-21deb9c3-67a1-4e09-b088-a6889885d7fb] INFO  o.eclipse.m2e.core.internal.Bundles - 	Entry: C:\Users\Francis\Desktop\Programación\eclipse\plugins\org.eclipse.m2e.maven.runtime_3.8.701.20230209-1606\jars\wagon-file-3.5.3.jar
2023-10-18 08:54:17,912 [Worker-9: Launching mavenrun-21deb9c3-67a1-4e09-b088-a6889885d7fb] INFO  o.eclipse.m2e.core.internal.Bundles - 	Entry: C:\Users\Francis\Desktop\Programación\eclipse\plugins\org.eclipse.m2e.maven.runtime_3.8.701.20230209-1606\jars\wagon-provider-api-3.5.3.jar
2023-10-18 08:54:17,914 [Worker-9: Launching mavenrun-21deb9c3-67a1-4e09-b088-a6889885d7fb] INFO  o.eclipse.m2e.core.internal.Bundles - getClasspathEntries(Bundle=com.google.guava_31.1.0.jre [11])
2023-10-18 08:54:17,916 [Worker-9: Launching mavenrun-21deb9c3-67a1-4e09-b088-a6889885d7fb] INFO  o.eclipse.m2e.core.internal.Bundles - 	Entry: C:\Users\Francis\Desktop\Programación\eclipse\plugins\com.google.guava_31.1.0.jre.jar
2023-10-18 08:54:17,916 [Worker-9: Launching mavenrun-21deb9c3-67a1-4e09-b088-a6889885d7fb] INFO  o.eclipse.m2e.core.internal.Bundles - getClasspathEntries(Bundle=slf4j.api_1.7.36 [924])
2023-10-18 08:54:17,917 [Worker-9: Launching mavenrun-21deb9c3-67a1-4e09-b088-a6889885d7fb] INFO  o.eclipse.m2e.core.internal.Bundles - 	Entry: C:\Users\Francis\Desktop\Programación\eclipse\plugins\slf4j.api_1.7.36.jar
2023-10-18 08:54:17,917 [Worker-9: Launching mavenrun-21deb9c3-67a1-4e09-b088-a6889885d7fb] INFO  o.eclipse.m2e.core.internal.Bundles - getClasspathEntries(Bundle=javax.inject_1.0.0.v20220405-0441 [35])
2023-10-18 08:54:18,204 [Worker-9: Launching mavenrun-21deb9c3-67a1-4e09-b088-a6889885d7fb] INFO  o.eclipse.m2e.core.internal.Bundles - 	Entry: C:\Users\Francis\Desktop\Programación\eclipse\plugins\javax.inject_1.0.0.v20220405-0441.jar
2023-10-18 08:54:18,204 [Worker-9: Launching mavenrun-21deb9c3-67a1-4e09-b088-a6889885d7fb] INFO  o.eclipse.m2e.core.internal.Bundles - getClasspathEntries(Bundle=javax.annotation_1.3.5.v20221203-1659 [33])
2023-10-18 08:54:18,600 [Worker-9: Launching mavenrun-21deb9c3-67a1-4e09-b088-a6889885d7fb] INFO  o.eclipse.m2e.core.internal.Bundles - 	Entry: C:\Users\Francis\Desktop\Programación\eclipse\plugins\javax.annotation_1.3.5.v20221203-1659.jar
2023-10-18 08:54:18,601 [Worker-9: Launching mavenrun-21deb9c3-67a1-4e09-b088-a6889885d7fb] INFO  o.eclipse.m2e.core.internal.Bundles - getClasspathEntries(Bundle=org.apache.commons.cli_1.4.0.v20221112-0806 [67])
2023-10-18 08:54:18,624 [Worker-9: Launching mavenrun-21deb9c3-67a1-4e09-b088-a6889885d7fb] INFO  o.eclipse.m2e.core.internal.Bundles - 	Entry: C:\Users\Francis\Desktop\Programación\eclipse\plugins\org.apache.commons.cli_1.4.0.v20221112-0806.jar
2023-10-18 08:54:18,624 [Worker-9: Launching mavenrun-21deb9c3-67a1-4e09-b088-a6889885d7fb] INFO  o.eclipse.m2e.core.internal.Bundles - getClasspathEntries(Bundle=com.google.guava.failureaccess_1.0.1 [13])
2023-10-18 08:54:18,762 [Worker-9: Launching mavenrun-21deb9c3-67a1-4e09-b088-a6889885d7fb] INFO  o.eclipse.m2e.core.internal.Bundles - 	Entry: C:\Users\Francis\Desktop\Programación\eclipse\plugins\com.google.guava.failureaccess_1.0.1.jar
2023-10-18 08:54:18,770 [Worker-9: Launching mavenrun-21deb9c3-67a1-4e09-b088-a6889885d7fb] INFO  o.e.m.i.launch.MavenLaunchDelegate - Run build in "C:\Users\Francis\AppData\Local\Temp\m2e-archetypeGenerator1227734724098713302":
2023-10-18 08:54:18,772 [Worker-9: Launching mavenrun-21deb9c3-67a1-4e09-b088-a6889885d7fb] INFO  o.e.m.i.launch.MavenLaunchDelegate -  mvn  -DarchetypeGroupId=org.apache.maven.archetypes -DarchetypeArtifactId=maven-archetype-quickstart -DarchetypeVersion=1.4 -DgroupId=ConexionBaseDatos -DartifactId=actividad2SQL -Dversion=0.0.1-SNAPSHOT -Dpackage=ConexionBaseDatos.actividad2SQL -DoutputDirectory=C:\Users\Francis\Desktop\Programación\workSpaceAADD -Dstyle.color=always -U archetype:generate
2023-10-18 08:54:54,854 [Worker-20: Creating maven-archetype-quickstart] INFO  o.e.m.c.i.p.ProjectConfigurationManager - Collecting project info '/pom.xml' C:\Users\Francis\Desktop\Programación\workSpaceAADD\actividad2SQL\pom.xml
2023-10-18 08:55:00,036 [Worker-20: Creating maven-archetype-quickstart] INFO  o.e.m.c.i.l.LifecycleMappingFactory - Using org.eclipse.m2e.jdt.JarLifecycleMapping lifecycle mapping for MavenProject: ConexionBaseDatos:actividad2SQL:0.0.1-SNAPSHOT @ C:\Users\Francis\Desktop\Programación\workSpaceAADD\actividad2SQL\pom.xml.
2023-10-18 08:55:01,251 [Worker-20: Creating maven-archetype-quickstart] INFO  o.e.m.j.i.AbstractJavaProjectConfigurator - Adding source folder /actividad2SQL/src/main/java
2023-10-18 08:55:01,267 [Worker-20: Creating maven-archetype-quickstart] INFO  o.e.m.j.i.AbstractJavaProjectConfigurator - Adding source folder /actividad2SQL/src/test/java
2023-10-18 08:55:01,917 [Worker-20: Creating maven-archetype-quickstart] INFO  o.e.m.c.i.p.ProjectConfigurationManager - Imported and configured 1 project(s) in 7 sec
2023-10-18 08:55:02,163 [Worker-29: Building] INFO  o.e.m.c.i.embedder.EclipseLogger - Using 'UTF-8' encoding to copy filtered resources.
2023-10-18 08:55:02,164 [Worker-29: Building] INFO  o.e.m.c.i.embedder.EclipseLogger - skip non existing resourceDirectory C:\Users\Francis\Desktop\Programación\workSpaceAADD\actividad2SQL\src\main\resources
2023-10-18 08:55:02,167 [Worker-29: Building] INFO  o.e.m.c.i.embedder.EclipseLogger - Using 'UTF-8' encoding to copy filtered resources.
2023-10-18 08:55:02,168 [Worker-29: Building] INFO  o.e.m.c.i.embedder.EclipseLogger - skip non existing resourceDirectory C:\Users\Francis\Desktop\Programación\workSpaceAADD\actividad2SQL\src\test\resources
2023-10-18 08:58:06,479 [Worker-32: Building] INFO  o.e.m.c.i.l.LifecycleMappingFactory - Using org.eclipse.m2e.jdt.JarLifecycleMapping lifecycle mapping for MavenProject: ConexionBaseDatos:actividad2SQL:0.0.1-SNAPSHOT @ C:\Users\Francis\Desktop\Programación\workSpaceAADD\actividad2SQL\pom.xml.
2023-10-18 08:58:06,502 [Worker-32: Building] WARN  o.e.m.c.i.embedder.EclipseLogger - The artifact mysql:mysql-connector-java:jar:8.0.33 has been relocated to com.mysql:mysql-connector-j:jar:8.0.33: MySQL Connector/J artifacts moved to reverse-DNS compliant Maven 2+ coordinates.
2023-10-18 08:58:06,589 [Worker-32: Building] INFO  o.e.m.c.i.embedder.EclipseLogger - Using 'UTF-8' encoding to copy filtered resources.
2023-10-18 08:58:06,590 [Worker-32: Building] INFO  o.e.m.c.i.embedder.EclipseLogger - skip non existing resourceDirectory C:\Users\Francis\Desktop\Programación\workSpaceAADD\actividad2SQL\src\main\resources
2023-10-18 08:58:06,594 [Worker-32: Building] INFO  o.e.m.c.i.embedder.EclipseLogger - Using 'UTF-8' encoding to copy filtered resources.
2023-10-18 08:58:06,594 [Worker-32: Building] INFO  o.e.m.c.i.embedder.EclipseLogger - skip non existing resourceDirectory C:\Users\Francis\Desktop\Programación\workSpaceAADD\actividad2SQL\src\test\resources
2023-10-18 08:58:23,671 [Worker-31: Building] INFO  o.e.m.c.i.embedder.EclipseLogger - Using 'UTF-8' encoding to copy filtered resources.
2023-10-18 08:58:23,672 [Worker-31: Building] INFO  o.e.m.c.i.embedder.EclipseLogger - skip non existing resourceDirectory C:\Users\Francis\Desktop\Programación\workSpaceAADD\actividad2SQL\src\main\resources
2023-10-18 08:58:23,677 [Worker-31: Building] INFO  o.e.m.c.i.embedder.EclipseLogger - Using 'UTF-8' encoding to copy filtered resources.
2023-10-18 08:58:23,678 [Worker-31: Building] INFO  o.e.m.c.i.embedder.EclipseLogger - skip non existing resourceDirectory C:\Users\Francis\Desktop\Programación\workSpaceAADD\actividad2SQL\src\test\resources
2023-10-18 09:00:53,894 [Worker-31: Building Workspace] INFO  o.e.m.c.i.embedder.EclipseLogger - Using 'UTF-8' encoding to copy filtered resources.
2023-10-18 09:00:53,894 [Worker-31: Building Workspace] INFO  o.e.m.c.i.embedder.EclipseLogger - skip non existing resourceDirectory C:\Users\Francis\Desktop\Programación\workSpaceAADD\actividad2SQL\src\main\resources
2023-10-18 09:00:53,900 [Worker-31: Building Workspace] INFO  o.e.m.c.i.embedder.EclipseLogger - Using 'UTF-8' encoding to copy filtered resources.
2023-10-18 09:00:53,901 [Worker-31: Building Workspace] INFO  o.e.m.c.i.embedder.EclipseLogger - skip non existing resourceDirectory C:\Users\Francis\Desktop\Programación\workSpaceAADD\actividad2SQL\src\test\resources
2023-10-18 09:02:11,903 [Worker-32: Building] INFO  o.e.m.c.i.embedder.EclipseLogger - Using 'UTF-8' encoding to copy filtered resources.
2023-10-18 09:02:11,904 [Worker-32: Building] INFO  o.e.m.c.i.embedder.EclipseLogger - skip non existing resourceDirectory C:\Users\Francis\Desktop\Programación\workSpaceAADD\Actividad1SQL\src\main\resources
2023-10-18 09:02:11,911 [Worker-32: Building] INFO  o.e.m.c.i.embedder.EclipseLogger - Using 'UTF-8' encoding to copy filtered resources.
2023-10-18 09:02:11,912 [Worker-32: Building] INFO  o.e.m.c.i.embedder.EclipseLogger - skip non existing resourceDirectory C:\Users\Francis\Desktop\Programación\workSpaceAADD\Actividad1SQL\src\test\resources
2023-10-18 09:02:35,174 [Worker-31: Building] INFO  o.e.m.c.i.embedder.EclipseLogger - Using 'UTF-8' encoding to copy filtered resources.
2023-10-18 09:02:35,175 [Worker-31: Building] INFO  o.e.m.c.i.embedder.EclipseLogger - skip non existing resourceDirectory C:\Users\Francis\Desktop\Programación\workSpaceAADD\Actividad1SQL\src\main\resources
2023-10-18 09:02:35,179 [Worker-31: Building] INFO  o.e.m.c.i.embedder.EclipseLogger - Using 'UTF-8' encoding to copy filtered resources.
2023-10-18 09:02:35,179 [Worker-31: Building] INFO  o.e.m.c.i.embedder.EclipseLogger - skip non existing resourceDirectory C:\Users\Francis\Desktop\Programación\workSpaceAADD\Actividad1SQL\src\test\resources
2023-10-18 09:03:17,720 [Worker-32: Updating Maven Dependencies] ERROR o.e.m.j.i.l.MavenLaunchConfigurationListener - Launch configuration App references closed project Actividad1SQL
org.eclipse.core.runtime.CoreException: Launch configuration App references closed project Actividad1SQL
	at org.eclipse.jdt.launching.JavaRuntime.abort(JavaRuntime.java:1856)
	at org.eclipse.jdt.launching.JavaRuntime.getJavaProject(JavaRuntime.java:1730)
	at org.eclipse.m2e.jdt.internal.launch.MavenLaunchConfigurationListener.updateLaunchConfiguration(MavenLaunchConfigurationListener.java:64)
	at org.eclipse.m2e.jdt.internal.launch.MavenLaunchConfigurationListener.launchConfigurationChanged(MavenLaunchConfigurationListener.java:50)
	at org.eclipse.debug.internal.core.LaunchManager$ConfigurationNotifier.run(LaunchManager.java:225)
	at org.eclipse.core.runtime.SafeRunner.run(SafeRunner.java:45)
	at org.eclipse.debug.internal.core.LaunchManager$ConfigurationNotifier.notify(LaunchManager.java:209)
	at org.eclipse.debug.internal.core.LaunchConfigurationWorkingCopy.setDirty(LaunchConfigurationWorkingCopy.java:524)
	at org.eclipse.debug.internal.core.LaunchConfigurationWorkingCopy.setAttribute(LaunchConfigurationWorkingCopy.java:412)
	at org.eclipse.m2e.jdt.internal.launch.MavenRuntimeClasspathProvider.disable(MavenRuntimeClasspathProvider.java:410)
	at org.eclipse.m2e.jdt.internal.launch.MavenRuntimeClasspathProvider.disable(MavenRuntimeClasspathProvider.java:436)
	at org.eclipse.m2e.jdt.internal.launch.MavenLaunchConfigurationListener.mavenProjectChanged(MavenLaunchConfigurationListener.java:135)
	at org.eclipse.m2e.core.internal.project.registry.ProjectRegistryManager.notifyProjectChangeListeners(ProjectRegistryManager.java:851)
	at org.eclipse.m2e.core.internal.project.registry.ProjectRegistryManager.applyMutableProjectRegistry(ProjectRegistryManager.java:1004)
	at org.eclipse.m2e.core.internal.project.registry.ProjectRegistryRefreshJob.lambda$0(ProjectRegistryRefreshJob.java:162)
	at org.eclipse.m2e.core.internal.embedder.MavenExecutionContext.executeBare(MavenExecutionContext.java:394)
	at org.eclipse.m2e.core.internal.embedder.MavenExecutionContext.execute(MavenExecutionContext.java:275)
	at org.eclipse.m2e.core.internal.embedder.MavenExecutionContext.execute(MavenExecutionContext.java:214)
	at org.eclipse.m2e.core.internal.project.registry.ProjectRegistryRefreshJob.run(ProjectRegistryRefreshJob.java:106)
	at org.eclipse.core.internal.jobs.Worker.run(Worker.java:63)
2023-10-18 09:03:17,725 [Worker-32: Updating Maven Dependencies] ERROR o.e.m.j.i.l.MavenLaunchConfigurationListener - Launch configuration App references closed project Actividad1SQL
org.eclipse.core.runtime.CoreException: Launch configuration App references closed project Actividad1SQL
	at org.eclipse.jdt.launching.JavaRuntime.abort(JavaRuntime.java:1856)
	at org.eclipse.jdt.launching.JavaRuntime.getJavaProject(JavaRuntime.java:1730)
	at org.eclipse.m2e.jdt.internal.launch.MavenLaunchConfigurationListener.updateLaunchConfiguration(MavenLaunchConfigurationListener.java:64)
	at org.eclipse.m2e.jdt.internal.launch.MavenLaunchConfigurationListener.launchConfigurationChanged(MavenLaunchConfigurationListener.java:50)
	at org.eclipse.debug.internal.core.LaunchManager$ConfigurationNotifier.run(LaunchManager.java:225)
	at org.eclipse.core.runtime.SafeRunner.run(SafeRunner.java:45)
	at org.eclipse.debug.internal.core.LaunchManager$ConfigurationNotifier.notify(LaunchManager.java:209)
	at org.eclipse.debug.internal.core.LaunchConfigurationWorkingCopy.setDirty(LaunchConfigurationWorkingCopy.java:524)
	at org.eclipse.debug.internal.core.LaunchConfigurationWorkingCopy.setAttribute(LaunchConfigurationWorkingCopy.java:412)
	at org.eclipse.m2e.jdt.internal.launch.MavenRuntimeClasspathProvider.disable(MavenRuntimeClasspathProvider.java:411)
	at org.eclipse.m2e.jdt.internal.launch.MavenRuntimeClasspathProvider.disable(MavenRuntimeClasspathProvider.java:436)
	at org.eclipse.m2e.jdt.internal.launch.MavenLaunchConfigurationListener.mavenProjectChanged(MavenLaunchConfigurationListener.java:135)
	at org.eclipse.m2e.core.internal.project.registry.ProjectRegistryManager.notifyProjectChangeListeners(ProjectRegistryManager.java:851)
	at org.eclipse.m2e.core.internal.project.registry.ProjectRegistryManager.applyMutableProjectRegistry(ProjectRegistryManager.java:1004)
	at org.eclipse.m2e.core.internal.project.registry.ProjectRegistryRefreshJob.lambda$0(ProjectRegistryRefreshJob.java:162)
	at org.eclipse.m2e.core.internal.embedder.MavenExecutionContext.executeBare(MavenExecutionContext.java:394)
	at org.eclipse.m2e.core.internal.embedder.MavenExecutionContext.execute(MavenExecutionContext.java:275)
	at org.eclipse.m2e.core.internal.embedder.MavenExecutionContext.execute(MavenExecutionContext.java:214)
	at org.eclipse.m2e.core.internal.project.registry.ProjectRegistryRefreshJob.run(ProjectRegistryRefreshJob.java:106)
	at org.eclipse.core.internal.jobs.Worker.run(Worker.java:63)
2023-10-18 09:03:17,766 [Worker-32: Updating Maven Dependencies] ERROR o.e.m.j.i.l.MavenLaunchConfigurationListener - Launch configuration App references closed project Actividad1SQL
org.eclipse.core.runtime.CoreException: Launch configuration App references closed project Actividad1SQL
	at org.eclipse.jdt.launching.JavaRuntime.abort(JavaRuntime.java:1856)
	at org.eclipse.jdt.launching.JavaRuntime.getJavaProject(JavaRuntime.java:1730)
	at org.eclipse.m2e.jdt.internal.launch.MavenLaunchConfigurationListener.updateLaunchConfiguration(MavenLaunchConfigurationListener.java:64)
	at org.eclipse.m2e.jdt.internal.launch.MavenLaunchConfigurationListener.launchConfigurationChanged(MavenLaunchConfigurationListener.java:50)
	at org.eclipse.debug.internal.core.LaunchManager$ConfigurationNotifier.run(LaunchManager.java:225)
	at org.eclipse.core.runtime.SafeRunner.run(SafeRunner.java:45)
	at org.eclipse.debug.internal.core.LaunchManager$ConfigurationNotifier.notify(LaunchManager.java:209)
	at org.eclipse.debug.internal.core.LaunchManager.launchConfigurationChanged(LaunchManager.java:2147)
	at org.eclipse.debug.internal.core.LaunchConfigurationWorkingCopy.writeNewFile(LaunchConfigurationWorkingCopy.java:377)
	at org.eclipse.debug.internal.core.LaunchConfigurationWorkingCopy.doSave0(LaunchConfigurationWorkingCopy.java:259)
	at org.eclipse.debug.internal.core.LaunchConfigurationWorkingCopy.doSave(LaunchConfigurationWorkingCopy.java:229)
	at org.eclipse.debug.internal.core.LaunchConfigurationWorkingCopy.doSave(LaunchConfigurationWorkingCopy.java:187)
	at org.eclipse.m2e.jdt.internal.launch.MavenRuntimeClasspathProvider.disable(MavenRuntimeClasspathProvider.java:412)
	at org.eclipse.m2e.jdt.internal.launch.MavenRuntimeClasspathProvider.disable(MavenRuntimeClasspathProvider.java:436)
	at org.eclipse.m2e.jdt.internal.launch.MavenLaunchConfigurationListener.mavenProjectChanged(MavenLaunchConfigurationListener.java:135)
	at org.eclipse.m2e.core.internal.project.registry.ProjectRegistryManager.notifyProjectChangeListeners(ProjectRegistryManager.java:851)
	at org.eclipse.m2e.core.internal.project.registry.ProjectRegistryManager.applyMutableProjectRegistry(ProjectRegistryManager.java:1004)
	at org.eclipse.m2e.core.internal.project.registry.ProjectRegistryRefreshJob.lambda$0(ProjectRegistryRefreshJob.java:162)
	at org.eclipse.m2e.core.internal.embedder.MavenExecutionContext.executeBare(MavenExecutionContext.java:394)
	at org.eclipse.m2e.core.internal.embedder.MavenExecutionContext.execute(MavenExecutionContext.java:275)
	at org.eclipse.m2e.core.internal.embedder.MavenExecutionContext.execute(MavenExecutionContext.java:214)
	at org.eclipse.m2e.core.internal.project.registry.ProjectRegistryRefreshJob.run(ProjectRegistryRefreshJob.java:106)
	at org.eclipse.core.internal.jobs.Worker.run(Worker.java:63)
2023-10-18 09:04:27,444 [Worker-27: Building] INFO  o.e.m.c.i.l.LifecycleMappingFactory - Using org.eclipse.m2e.jdt.JarLifecycleMapping lifecycle mapping for MavenProject: ConexionBaseDatos:MainSQL:0.1-SNAPSHOT @ C:\Users\Francis\Desktop\Programación\workSpaceAADD\Actividad1SQL\pom.xml.
2023-10-18 09:04:27,464 [Worker-27: Building] WARN  o.e.m.c.i.embedder.EclipseLogger - The artifact mysql:mysql-connector-java:jar:8.0.33 has been relocated to com.mysql:mysql-connector-j:jar:8.0.33: MySQL Connector/J artifacts moved to reverse-DNS compliant Maven 2+ coordinates.
2023-10-18 09:04:28,369 [Worker-34: Updating Maven Dependencies] INFO  o.e.m.c.i.l.LifecycleMappingFactory - Using org.eclipse.m2e.jdt.JarLifecycleMapping lifecycle mapping for MavenProject: ConexionBaseDatos:MainSQL:0.1-SNAPSHOT @ C:\Users\Francis\Desktop\Programación\workSpaceAADD\Actividad1SQL\pom.xml.
2023-10-18 09:04:28,392 [Worker-34: Updating Maven Dependencies] WARN  o.e.m.c.i.embedder.EclipseLogger - The artifact mysql:mysql-connector-java:jar:8.0.33 has been relocated to com.mysql:mysql-connector-j:jar:8.0.33: MySQL Connector/J artifacts moved to reverse-DNS compliant Maven 2+ coordinates.
2023-10-19 08:41:42,756 [Worker-5: Loading available Gradle versions] INFO  o.e.b.c.i.u.g.PublishedGradleVersions - Gradle version information cache is up-to-date. Trying to read.
