#
# There is insufficient memory for the Java Runtime Environment to continue.
# Native memory allocation (mmap) failed to map 123731968 bytes for G1 virtual space
# Possible reasons:
#   The system is out of physical RAM or swap space
#   The process is running with CompressedOops enabled, and the Java Heap may be blocking the growth of the native heap
# Possible solutions:
#   Reduce memory load on the system
#   Increase physical memory or swap space
#   Check if swap backing store is full
#   Decrease Java heap size (-Xmx/-Xms)
#   Decrease number of Java threads
#   Decrease Java thread stack sizes (-Xss)
#   Set larger code cache with -XX:ReservedCodeCacheSize=
#   JVM is running with Unscaled Compressed Oops mode in which the Java heap is
#     placed in the first 4GB address space. The Java Heap base address is the
#     maximum limit for the native heap growth. Please use -XX:HeapBaseMinAddress
#     to set the Java Heap base and to place the Java Heap above 4GB virtual address.
# This output file may be truncated or incomplete.
#
#  Out of Memory Error (os_windows.cpp:3613), pid=20476, tid=14852
#
# JRE version:  (17.0.9+9) (build )
# Java VM: OpenJDK 64-Bit Server VM (17.0.9+9, mixed mode, sharing, tiered, compressed oops, compressed class ptrs, g1 gc, windows-amd64)
# No core dump will be written. Minidumps are not enabled by default on client versions of Windows
#

---------------  S U M M A R Y ------------

Command Line: --module-path=C:\javafx-sdk-21.0.1\lib --add-modules=javafx.controls,javafx.fxml -Dfile.encoding=UTF-8 -XX:+ShowCodeDetailsInExceptionMessages application.Main

Host: AMD Ryzen 3 5300U with Radeon Graphics         , 8 cores, 7G,  Windows 10 , 64 bit Build 19041 (10.0.19041.3636)
Time: Thu Feb 15 20:23:54 2024 Hora estándar romance elapsed time: 0.017945 seconds (0d 0h 0m 0s)

---------------  T H R E A D  ---------------

Current thread (0x000001648aac9340):  JavaThread "Unknown thread" [_thread_in_vm, id=14852, stack(0x000000176e900000,0x000000176ea00000)]

Stack: [0x000000176e900000,0x000000176ea00000]
Native frames: (J=compiled Java code, j=interpreted, Vv=VM code, C=native code)
V  [jvm.dll+0x67cf49]
V  [jvm.dll+0x83478a]
V  [jvm.dll+0x83624e]
V  [jvm.dll+0x8368b3]
V  [jvm.dll+0x247f1f]
V  [jvm.dll+0x679d69]
V  [jvm.dll+0x66e6ba]
V  [jvm.dll+0x307e5b]
V  [jvm.dll+0x30f306]
V  [jvm.dll+0x35f0ce]
V  [jvm.dll+0x35f2ff]
V  [jvm.dll+0x2dea58]
V  [jvm.dll+0x2df9c4]
V  [jvm.dll+0x806031]
V  [jvm.dll+0x36cf31]
V  [jvm.dll+0x7e4aac]
V  [jvm.dll+0x3f07af]
V  [jvm.dll+0x3f23e1]
C  [jli.dll+0x528f]
C  [ucrtbase.dll+0x21bb2]
C  [KERNEL32.DLL+0x17344]
C  [ntdll.dll+0x526b1]


---------------  P R O C E S S  ---------------

Threads class SMR info:
_java_thread_list=0x00007fff16a3ee98, length=0, elements={
}

Java Threads: ( => current thread )

Other Threads:
  0x000001648ab1fad0 GCTaskThread "GC Thread#0" [stack: 0x000000176ea00000,0x000000176eb00000] [id=1720]
  0x000001648ab2fc80 ConcurrentGCThread "G1 Main Marker" [stack: 0x000000176eb00000,0x000000176ec00000] [id=21972]
  0x000001648ab306a0 ConcurrentGCThread "G1 Conc#0" [stack: 0x000000176ec00000,0x000000176ed00000] [id=25172]

[error occurred during error reporting (printing all threads), id 0xc0000005, EXCEPTION_ACCESS_VIOLATION (0xc0000005) at pc=0x00007fff161ff497]

VM state: not at safepoint (not fully initialized)

VM Mutex/Monitor currently owned by a thread:  ([mutex/lock_event])
[0x000001648aac3dd0] Heap_lock - owner thread: 0x000001648aac9340

Heap address: 0x000000008aa00000, size: 1878 MB, Compressed Oops mode: 32-bit

CDS archive(s) mapped at: [0x0000000000000000-0x0000000000000000-0x0000000000000000), size 0, SharedBaseAddress: 0x0000000800000000, ArchiveRelocationMode: 1.
Narrow klass base: 0x0000000000000000, Narrow klass shift: 0, Narrow klass range: 0x0

GC Precious Log:
<Empty>

Heap:
 garbage-first heap   total 0K, used 0K [0x000000008aa00000, 0x0000000100000000)
  region size 1024K, 0 young (0K), 0 survivors (0K)

[error occurred during error reporting (printing heap information), id 0xc0000005, EXCEPTION_ACCESS_VIOLATION (0xc0000005) at pc=0x00007fff165e6c79]

GC Heap History (0 events):
No events

Dll operation events (1 events):
Event: 0.008 Loaded shared library C:\Users\Francis\Desktop\Programación\eclipse\plugins\org.eclipse.justj.openjdk.hotspot.jre.full.win32.x86_64_17.0.9.v20231028-0858\jre\bin\java.dll

Deoptimization events (0 events):
No events

Classes unloaded (0 events):
No events

Classes redefined (0 events):
No events

Internal exceptions (0 events):
No events

VM Operations (0 events):
No events

Events (0 events):
No events


Dynamic libraries:
0x00007ff7c3420000 - 0x00007ff7c342e000 	C:\Users\Francis\Desktop\Programación\eclipse\plugins\org.eclipse.justj.openjdk.hotspot.jre.full.win32.x86_64_17.0.9.v20231028-0858\jre\bin\javaw.exe
0x00007fff70d70000 - 0x00007fff70f68000 	C:\Windows\SYSTEM32\ntdll.dll
0x00007fff6ee40000 - 0x00007fff6eefd000 	C:\Windows\System32\KERNEL32.DLL
0x00007fff6e720000 - 0x00007fff6ea16000 	C:\Windows\System32\KERNELBASE.dll
0x00007fff6ea50000 - 0x00007fff6eb50000 	C:\Windows\System32\ucrtbase.dll
0x00007fff6b0f0000 - 0x00007fff6b10b000 	C:\Users\Francis\Desktop\Programación\eclipse\plugins\org.eclipse.justj.openjdk.hotspot.jre.full.win32.x86_64_17.0.9.v20231028-0858\jre\bin\VCRUNTIME140.dll
0x00007fff69640000 - 0x00007fff69657000 	C:\Users\Francis\Desktop\Programación\eclipse\plugins\org.eclipse.justj.openjdk.hotspot.jre.full.win32.x86_64_17.0.9.v20231028-0858\jre\bin\jli.dll
0x00007fff70220000 - 0x00007fff703be000 	C:\Windows\System32\USER32.dll
0x00007fff6ea20000 - 0x00007fff6ea42000 	C:\Windows\System32\win32u.dll
0x00007fff48e30000 - 0x00007fff490ca000 	C:\Windows\WinSxS\amd64_microsoft.windows.common-controls_6595b64144ccf1df_6.0.19041.3636_none_60b6a03d71f818d5\COMCTL32.dll
0x00007fff70b70000 - 0x00007fff70c0e000 	C:\Windows\System32\msvcrt.dll
0x00007fff6f4f0000 - 0x00007fff6f51c000 	C:\Windows\System32\GDI32.dll
0x00007fff6ebf0000 - 0x00007fff6ed0a000 	C:\Windows\System32\gdi32full.dll
0x00007fff6eb50000 - 0x00007fff6ebed000 	C:\Windows\System32\msvcp_win.dll
0x00007fff6f390000 - 0x00007fff6f3c0000 	C:\Windows\System32\IMM32.DLL
0x00007fff6b0e0000 - 0x00007fff6b0ec000 	C:\Users\Francis\Desktop\Programación\eclipse\plugins\org.eclipse.justj.openjdk.hotspot.jre.full.win32.x86_64_17.0.9.v20231028-0858\jre\bin\vcruntime140_1.dll
0x00007fff3ba30000 - 0x00007fff3babd000 	C:\Users\Francis\Desktop\Programación\eclipse\plugins\org.eclipse.justj.openjdk.hotspot.jre.full.win32.x86_64_17.0.9.v20231028-0858\jre\bin\msvcp140.dll
0x00007fff15f10000 - 0x00007fff16b71000 	C:\Users\Francis\Desktop\Programación\eclipse\plugins\org.eclipse.justj.openjdk.hotspot.jre.full.win32.x86_64_17.0.9.v20231028-0858\jre\bin\server\jvm.dll
0x00007fff6f420000 - 0x00007fff6f4d3000 	C:\Windows\System32\ADVAPI32.dll
0x00007fff6f810000 - 0x00007fff6f8af000 	C:\Windows\System32\sechost.dll
0x00007fff70a40000 - 0x00007fff70b66000 	C:\Windows\System32\RPCRT4.dll
0x00007fff6e440000 - 0x00007fff6e467000 	C:\Windows\System32\bcrypt.dll
0x00007fff4f990000 - 0x00007fff4f999000 	C:\Windows\SYSTEM32\WSOCK32.dll
0x00007fff6d990000 - 0x00007fff6d9db000 	C:\Windows\SYSTEM32\POWRPROF.dll
0x00007fff64d70000 - 0x00007fff64d7a000 	C:\Windows\SYSTEM32\VERSION.dll
0x00007fff64d80000 - 0x00007fff64da7000 	C:\Windows\SYSTEM32\WINMM.dll
0x00007fff70c10000 - 0x00007fff70c7b000 	C:\Windows\System32\WS2_32.dll
0x00007fff6d850000 - 0x00007fff6d862000 	C:\Windows\SYSTEM32\UMPDC.dll
0x00007fff6c2d0000 - 0x00007fff6c2e2000 	C:\Windows\SYSTEM32\kernel.appcore.dll
0x00007fff69ef0000 - 0x00007fff69efa000 	C:\Users\Francis\Desktop\Programación\eclipse\plugins\org.eclipse.justj.openjdk.hotspot.jre.full.win32.x86_64_17.0.9.v20231028-0858\jre\bin\jimage.dll
0x00007fff58100000 - 0x00007fff582e4000 	C:\Windows\SYSTEM32\DBGHELP.DLL
0x00007fff580c0000 - 0x00007fff580f4000 	C:\Windows\SYSTEM32\dbgcore.DLL
0x00007fff6e690000 - 0x00007fff6e712000 	C:\Windows\System32\bcryptPrimitives.dll
0x00007fff67580000 - 0x00007fff675a5000 	C:\Users\Francis\Desktop\Programación\eclipse\plugins\org.eclipse.justj.openjdk.hotspot.jre.full.win32.x86_64_17.0.9.v20231028-0858\jre\bin\java.dll

dbghelp: loaded successfully - version: 4.0.5 - missing functions: none
symbol engine: initialized successfully - sym options: 0x614 - pdb path: .;C:\Users\Francis\Desktop\Programación\eclipse\plugins\org.eclipse.justj.openjdk.hotspot.jre.full.win32.x86_64_17.0.9.v20231028-0858\jre\bin;C:\Windows\SYSTEM32;C:\Windows\WinSxS\amd64_microsoft.windows.common-controls_6595b64144ccf1df_6.0.19041.3636_none_60b6a03d71f818d5;C:\Users\Francis\Desktop\Programación\eclipse\plugins\org.eclipse.justj.openjdk.hotspot.jre.full.win32.x86_64_17.0.9.v20231028-0858\jre\bin\server

VM Arguments:
jvm_args: --module-path=C:\javafx-sdk-21.0.1\lib --add-modules=javafx.controls,javafx.fxml -Dfile.encoding=UTF-8 -XX:+ShowCodeDetailsInExceptionMessages 
java_command: application.Main
java_class_path (initial): C:\Users\Francis\Desktop\Programación\workSpaceDI\InfoPeli\target\classes;C:\Users\Francis\.m2\repository\com\squareup\okhttp3\okhttp\4.9.1\okhttp-4.9.1.jar;C:\Users\Francis\.m2\repository\com\squareup\okio\okio\2.8.0\okio-2.8.0.jar;C:\Users\Francis\.m2\repository\org\jetbrains\kotlin\kotlin-stdlib-common\1.4.0\kotlin-stdlib-common-1.4.0.jar;C:\Users\Francis\.m2\repository\org\jetbrains\kotlin\kotlin-stdlib\1.4.10\kotlin-stdlib-1.4.10.jar;C:\Users\Francis\.m2\repository\org\jetbrains\annotations\13.0\annotations-13.0.jar;C:\Users\Francis\.m2\repository\com\google\code\gson\gson\2.8.0\gson-2.8.0.jar;C:\Users\Francis\.m2\repository\org\apache\httpcomponents\httpclient\4.5.13\httpclient-4.5.13.jar;C:\Users\Francis\.m2\repository\org\apache\httpcomponents\httpcore\4.4.13\httpcore-4.4.13.jar;C:\Users\Francis\.m2\repository\commons-logging\commons-logging\1.2\commons-logging-1.2.jar;C:\Users\Francis\.m2\repository\commons-codec\commons-codec\1.11\commons-codec-1.11.jar;C:\Users\Francis\.m2\repository\org\openjfx\javafx-controls\21-ea+5\javafx-controls-21-ea+5.jar;C:\Users\Francis\.m2\repository\org\openjfx\javafx-controls\21-ea+5\javafx-controls-21-ea+5-win.jar;C:\Users\Francis\.m2\repository\org\openjfx\javafx-graphics\21-ea+5\javafx-graphics-21-ea+5.jar;C:\Users\Francis\.m2\repository\org\openjfx\javafx-graphics\21-ea+5\javafx-graphics-21-ea+5-win.jar;C:\Users\Francis\.m2\repository\org\openjfx\javafx-base\21-ea+5\javafx-base-21-ea+5.jar;C:\Users\Francis\.m2\repository\org\openjfx\javafx-base\21-ea+5\javafx-base-21-ea+5-win.jar;C:\Users\Francis\.m2\repository\org\openjfx\javafx-fxml\21-ea+5\javafx-fxml-21-ea+5.jar;C:\Users\Francis\.m2\repository\org\openjfx\javafx-fxml\21-ea+5\javafx-fxml-21-ea+5-win.jar;C:\Users\Francis\.m2\repository\org\hibernate\hibernate-core\5.0.3.Final\hibernate-core-5.0.3.Final.jar;C:\Users\Francis\.m2\repository\org\jboss\logging\jboss-logging\3.3.0.Final\jboss-logging-3.3.0.Final.jar;C:\Users\Francis\.m2\repository
Launcher Type: SUN_STANDARD

[Global flags]
     intx CICompilerCount                          = 4                                         {product} {ergonomic}
     uint ConcGCThreads                            = 2                                         {product} {ergonomic}
     uint G1ConcRefinementThreads                  = 8                                         {product} {ergonomic}
   size_t G1HeapRegionSize                         = 1048576                                   {product} {ergonomic}
    uintx GCDrainStackTargetSize                   = 64                                        {product} {ergonomic}
   size_t InitialHeapSize                          = 123731968                                 {product} {ergonomic}
   size_t MarkStackSize                            = 4194304                                   {product} {ergonomic}
   size_t MaxHeapSize                              = 1969225728                                {product} {ergonomic}
   size_t MinHeapDeltaBytes                        = 1048576                                   {product} {ergonomic}
   size_t MinHeapSize                              = 8388608                                   {product} {ergonomic}
    uintx NonNMethodCodeHeapSize                   = 5839372                                {pd product} {ergonomic}
    uintx NonProfiledCodeHeapSize                  = 122909434                              {pd product} {ergonomic}
    uintx ProfiledCodeHeapSize                     = 122909434                              {pd product} {ergonomic}
    uintx ReservedCodeCacheSize                    = 251658240                              {pd product} {ergonomic}
     bool SegmentedCodeCache                       = true                                      {product} {ergonomic}
     bool ShowCodeDetailsInExceptionMessages       = true                                   {manageable} {command line}
   size_t SoftMaxHeapSize                          = 1969225728                             {manageable} {ergonomic}
     bool UseCompressedClassPointers               = true                           {product lp64_product} {ergonomic}
     bool UseCompressedOops                        = true                           {product lp64_product} {ergonomic}
     bool UseG1GC                                  = true                                      {product} {ergonomic}
     bool UseLargePagesIndividualAllocation        = false                                  {pd product} {ergonomic}

Logging:
Log output configuration:
 #0: stdout all=warning uptime,level,tags
 #1: stderr all=off uptime,level,tags

Environment Variables:
JAVA_HOME=C:\Users\Francis\Desktop\NTT-DATA\dev\enviroment\JDK\jdk-17.0.9
PATH=C:/Users/Francis/Desktop/Programación/eclipse//plugins/org.eclipse.justj.openjdk.hotspot.jre.full.win32.x86_64_17.0.9.v20231028-0858/jre/bin/server;C:/Users/Francis/Desktop/Programación/eclipse//plugins/org.eclipse.justj.openjdk.hotspot.jre.full.win32.x86_64_17.0.9.v20231028-0858/jre/bin;C:\Users\Francis\Desktop\NTT-DATA\dev\software\servidores\oracle\product\21c\dbhomeXE\bin;C:\app\Francis\product\21c\dbhomeXE\bin;C:\Program Files (x86)\VMware\VMware Workstation\bin\;C:\Windows\system32;C:\Windows;C:\Windows\System32\Wbem;C:\Windows\System32\WindowsPowerShell\v1.0\;C:\Windows\System32\OpenSSH\;C:\Program Files\Git\cmd;C:\Program Files\MySQL\MySQL Server 8.0\bin;C:\Users\Francis\Desktop\NTT-DATA\dev\enviroment\JDK\jdk-17.0.9\bin;C:\Users\Francis\Desktop\NTT-DATA\dev\enviroment\apache\Maven\version\apache-maven-3.9.1\bin;C:\Program Files (x86)\Windows Kits\10\Windows Performance Toolkit\;C:\Users\Francis\AppData\Local\Android\Sdk\platforms-tools;C:\Program Files\flutter\bin;C:\Program Files\dart-sdk\bin;C:\Users\Francis\AppData\Local\Programs\Python\Python311\Scripts\;C:\Users\Francis\AppData\Local\Programs\Python\Python311\;C:\Program Files\MySQL\MySQL Shell 8.0\bin\;C:\Users\Francis\AppData\Local\Microsoft\WindowsApps;C:\Users\Francis\AppData\Local\Programs\Microsoft VS Code\bin;C:\Users\Francis\Desktop\Phyton\dev\software\PyCharm Community Edition 2023.1.3\bin;;C:\Program Files\dart-sdk\bin;C:\Program Files\flutter\bin;;C:\Users\Francis\Desktop\Programación\eclipse;
USERNAME=Francis
OS=Windows_NT
PROCESSOR_IDENTIFIER=AMD64 Family 23 Model 104 Stepping 1, AuthenticAMD
TMP=C:\Users\Francis\AppData\Local\Temp
TEMP=C:\Users\Francis\AppData\Local\Temp



Periodic native trim disabled


---------------  S Y S T E M  ---------------

OS:
 Windows 10 , 64 bit Build 19041 (10.0.19041.3636)
OS uptime: 9 days 8:30 hours

CPU: total 8 (initial active 8) (8 cores per cpu, 2 threads per core) family 23 model 104 stepping 1 microcode 0x0, cx8, cmov, fxsr, ht, mmx, 3dnowpref, sse, sse2, sse3, ssse3, sse4a, sse4.1, sse4.2, popcnt, lzcnt, tsc, tscinvbit, avx, avx2, aes, clmul, bmi1, bmi2, adx, sha, fma, vzeroupper, clflush, clflushopt
Processor Information for all 8 processors :
  Max Mhz: 2600, Current Mhz: 2600, Mhz Limit: 2600

Memory: 4k page, system-wide physical 7505M (621M free)
TotalPageFile size 30033M (AvailPageFile size 91M)
current process WorkingSet (physical memory assigned to process): 10M, peak: 10M
current process commit charge ("private bytes"): 60M, peak: 178M

vm_info: OpenJDK 64-Bit Server VM (17.0.9+9) for windows-amd64 JRE (17.0.9+9), built on Oct 26 2023 14:01:42 by "admin" with MS VC++ 16.10 / 16.11 (VS2019)

END.
