#
# There is insufficient memory for the Java Runtime Environment to continue.
# Native memory allocation (mmap) failed to map 261095424 bytes for G1 virtual space
# Possible reasons:
#   The system is out of physical RAM or swap space
#   The process is running with CompressedOops enabled, and the Java Heap may be blocking the growth of the native heap
# Possible solutions:
#   Reduce memory load on the system
#   Increase physical memory or swap space
#   Check if swap backing store is full
#   Decrease Java heap size (-Xmx/-Xms)
#   Decrease number of Java threads
#   Decrease Java thread stack sizes (-Xss)
#   Set larger code cache with -XX:ReservedCodeCacheSize=
#   JVM is running with Unscaled Compressed Oops mode in which the Java heap is
#     placed in the first 4GB address space. The Java Heap base address is the
#     maximum limit for the native heap growth. Please use -XX:HeapBaseMinAddress
#     to set the Java Heap base and to place the Java Heap above 4GB virtual address.
# This output file may be truncated or incomplete.
#
#  Out of Memory Error (os_windows.cpp:3613), pid=19864, tid=21076
#
# JRE version: OpenJDK Runtime Environment Temurin-17.0.9+9 (17.0.9+9) (build 17.0.9+9)
# Java VM: OpenJDK 64-Bit Server VM Temurin-17.0.9+9 (17.0.9+9, mixed mode, tiered, compressed oops, compressed class ptrs, g1 gc, windows-amd64)
# No core dump will be written. Minidumps are not enabled by default on client versions of Windows
#

---------------  S U M M A R Y ------------

Command Line: --module-path=C:\javafx-sdk-21.0.1\lib --add-modules=javafx.controls,javafx.fxml -Dfile.encoding=UTF-8 -XX:+ShowCodeDetailsInExceptionMessages application.Main

Host: AMD Ryzen 3 5300U with Radeon Graphics         , 8 cores, 7G,  Windows 10 , 64 bit Build 19041 (10.0.19041.3636)
Time: Thu Feb 15 20:25:57 2024 Hora estándar romance elapsed time: 29.118284 seconds (0d 0h 0m 29s)

---------------  T H R E A D  ---------------

Current thread (0x00000206243deeb0):  VMThread "VM Thread" [stack: 0x000000746ca00000,0x000000746cb00000] [id=21076]

Stack: [0x000000746ca00000,0x000000746cb00000]
Native frames: (J=compiled Java code, j=interpreted, Vv=VM code, C=native code)
V  [jvm.dll+0x67cf49]
V  [jvm.dll+0x83478a]
V  [jvm.dll+0x83624e]
V  [jvm.dll+0x8368b3]
V  [jvm.dll+0x247f1f]
V  [jvm.dll+0x679d69]
V  [jvm.dll+0x66e6ba]
V  [jvm.dll+0x307e5b]
V  [jvm.dll+0x30f306]
V  [jvm.dll+0x35f0ce]
V  [jvm.dll+0x35f2ff]
V  [jvm.dll+0x2dea58]
V  [jvm.dll+0x2dcc34]
V  [jvm.dll+0x2dc23c]
V  [jvm.dll+0x3205e1]
V  [jvm.dll+0x83adab]
V  [jvm.dll+0x83baf1]
V  [jvm.dll+0x83c00d]
V  [jvm.dll+0x83c3e4]
V  [jvm.dll+0x83c4b0]
V  [jvm.dll+0x7e3c3a]
V  [jvm.dll+0x67be35]
C  [ucrtbase.dll+0x21bb2]
C  [KERNEL32.DLL+0x17344]
C  [ntdll.dll+0x526b1]

VM_Operation (0x000000746dcfba60): G1TryInitiateConcMark, mode: safepoint, requested by thread 0x000002062a097e30


---------------  P R O C E S S  ---------------

Threads class SMR info:
_java_thread_list=0x00000206324c0130, length=27, elements={
0x000002060892dfb0, 0x000002062441c260, 0x00000206243e0b00, 0x000002062443b010,
0x000002062443bcf0, 0x00000206244445d0, 0x00000206244483a0, 0x0000020624449cb0,
0x000002062444a760, 0x0000020624455940, 0x000002062437ded0, 0x0000020629700850,
0x000002062981cc40, 0x000002062a097950, 0x000002062a097e30, 0x00000206294ebc40,
0x0000020629502c40, 0x00000206297d6330, 0x000002062a598290, 0x000002062a69edb0,
0x000002062a69e390, 0x000002062a6a1630, 0x000002062a6a01f0, 0x000002062a69f7d0,
0x000002062a69f2c0, 0x000002062a6a0c10, 0x000002062a6a1120
}

Java Threads: ( => current thread )
  0x000002060892dfb0 JavaThread "main" [_thread_blocked, id=23236, stack(0x000000746c400000,0x000000746c500000)]
  0x000002062441c260 JavaThread "Reference Handler" daemon [_thread_blocked, id=15412, stack(0x000000746cb00000,0x000000746cc00000)]
  0x00000206243e0b00 JavaThread "Finalizer" daemon [_thread_blocked, id=1816, stack(0x000000746cc00000,0x000000746cd00000)]
  0x000002062443b010 JavaThread "Signal Dispatcher" daemon [_thread_blocked, id=9220, stack(0x000000746cd00000,0x000000746ce00000)]
  0x000002062443bcf0 JavaThread "Attach Listener" daemon [_thread_blocked, id=18680, stack(0x000000746ce00000,0x000000746cf00000)]
  0x00000206244445d0 JavaThread "Service Thread" daemon [_thread_blocked, id=9136, stack(0x000000746cf00000,0x000000746d000000)]
  0x00000206244483a0 JavaThread "Monitor Deflation Thread" daemon [_thread_blocked, id=27876, stack(0x000000746d000000,0x000000746d100000)]
  0x0000020624449cb0 JavaThread "C2 CompilerThread0" daemon [_thread_blocked, id=29480, stack(0x000000746d100000,0x000000746d200000)]
  0x000002062444a760 JavaThread "C1 CompilerThread0" daemon [_thread_blocked, id=25888, stack(0x000000746d200000,0x000000746d300000)]
  0x0000020624455940 JavaThread "Sweeper thread" daemon [_thread_blocked, id=9560, stack(0x000000746d300000,0x000000746d400000)]
  0x000002062437ded0 JavaThread "Common-Cleaner" daemon [_thread_blocked, id=20668, stack(0x000000746d400000,0x000000746d500000)]
  0x0000020629700850 JavaThread "Notification Thread" daemon [_thread_blocked, id=24032, stack(0x000000746d600000,0x000000746d700000)]
  0x000002062981cc40 JavaThread "QuantumRenderer-0" daemon [_thread_blocked, id=22992, stack(0x000000746d800000,0x000000746d900000)]
  0x000002062a097950 JavaThread "InvokeLaterDispatcher" daemon [_thread_blocked, id=25356, stack(0x000000746db00000,0x000000746dc00000)]
  0x000002062a097e30 JavaThread "JavaFX Application Thread" [_thread_blocked, id=9256, stack(0x000000746dc00000,0x000000746dd00000)]
  0x00000206294ebc40 JavaThread "Thread-1" daemon [_thread_blocked, id=20540, stack(0x000000746e300000,0x000000746e400000)]
  0x0000020629502c40 JavaThread "JavaFX-Launcher" [_thread_blocked, id=8972, stack(0x000000746e400000,0x000000746e500000)]
  0x00000206297d6330 JavaThread "Prism Font Disposer" daemon [_thread_blocked, id=18228, stack(0x000000746ee00000,0x000000746ef00000)]
  0x000002062a598290 JavaThread "Cleaner-0" daemon [_thread_blocked, id=4188, stack(0x000000746d500000,0x000000746d600000)]
  0x000002062a69edb0 JavaThread "OkHttp api.themoviedb.org" daemon [_thread_in_native, id=24168, stack(0x000000746f200000,0x000000746f300000)]
  0x000002062a69e390 JavaThread "OkHttp TaskRunner" daemon [_thread_blocked, id=6592, stack(0x000000746f300000,0x000000746f400000)]
  0x000002062a6a1630 JavaThread "OkHttp api.themoviedb.org" daemon [_thread_in_native, id=29392, stack(0x000000746f400000,0x000000746f500000)]
  0x000002062a6a01f0 JavaThread "OkHttp api.themoviedb.org" daemon [_thread_in_native, id=20864, stack(0x000000746f500000,0x000000746f600000)]
  0x000002062a69f7d0 JavaThread "Okio Watchdog" daemon [_thread_blocked, id=15796, stack(0x000000746f600000,0x000000746f700000)]
  0x000002062a69f2c0 JavaThread "OkHttp TaskRunner" daemon [_thread_blocked, id=29176, stack(0x000000746f800000,0x000000746f900000)]
  0x000002062a6a0c10 JavaThread "OkHttp TaskRunner" daemon [_thread_blocked, id=27272, stack(0x000000746f900000,0x000000746fa00000)]
  0x000002062a6a1120 JavaThread "Keep-Alive-Timer" daemon [_thread_blocked, id=22988, stack(0x000000746f700000,0x000000746f800000)]

Other Threads:
=>0x00000206243deeb0 VMThread "VM Thread" [stack: 0x000000746ca00000,0x000000746cb00000] [id=21076]
  0x0000020629520ce0 WatcherThread [stack: 0x000000746d700000,0x000000746d800000] [id=15888]
  0x000002060aa2edf0 GCTaskThread "GC Thread#0" [stack: 0x000000746c500000,0x000000746c600000] [id=19416]
  0x000002062a283f70 GCTaskThread "GC Thread#1" [stack: 0x000000746e500000,0x000000746e600000] [id=28052]
  0x0000020629ea9e70 GCTaskThread "GC Thread#2" [stack: 0x000000746e600000,0x000000746e700000] [id=3228]
  0x000002062a23a090 GCTaskThread "GC Thread#3" [stack: 0x000000746e700000,0x000000746e800000] [id=12680]
  0x000002062a23a350 GCTaskThread "GC Thread#4" [stack: 0x000000746e800000,0x000000746e900000] [id=11272]
  0x000002062a134030 GCTaskThread "GC Thread#5" [stack: 0x000000746e900000,0x000000746ea00000] [id=7916]
  0x000002062a5e4110 GCTaskThread "GC Thread#6" [stack: 0x000000746eb00000,0x000000746ec00000] [id=17552]
  0x000002062a747020 GCTaskThread "GC Thread#7" [stack: 0x000000746ec00000,0x000000746ed00000] [id=18064]
  0x000002060aa3e800 ConcurrentGCThread "G1 Main Marker" [stack: 0x000000746c600000,0x000000746c700000] [id=29552]
  0x000002060aa40230 ConcurrentGCThread "G1 Conc#0" [stack: 0x000000746c700000,0x000000746c800000] [id=16152]
  0x000002062a748400 ConcurrentGCThread "G1 Conc#1" [stack: 0x000000746ed00000,0x000000746ee00000] [id=21572]
  0x00000206242520c0 ConcurrentGCThread "G1 Refine#0" [stack: 0x000000746c800000,0x000000746c900000] [id=20172]
  0x0000020624252af0 ConcurrentGCThread "G1 Service" [stack: 0x000000746c900000,0x000000746ca00000] [id=11108]

Threads with active compile tasks:
C1 CompilerThread0    29156 4682       3       javax.crypto.Cipher::updateAAD (55 bytes)

VM state: at safepoint (normal execution)

VM Mutex/Monitor currently owned by a thread:  ([mutex/lock_event])
[0x000002060a9d67c0] Threads_lock - owner thread: 0x00000206243deeb0
[0x000002060a9d7270] Heap_lock - owner thread: 0x000002062a097e30

Heap address: 0x000000008aa00000, size: 1878 MB, Compressed Oops mode: 32-bit

CDS archive(s) not mapped
Compressed class space mapped at: 0x0000000100000000-0x0000000140000000, reserved size: 1073741824
Narrow klass base: 0x0000000000000000, Narrow klass shift: 3, Narrow klass range: 0x140000000

GC Precious Log:
 CPUs: 8 total, 8 available
 Memory: 7505M
 Large Page Support: Disabled
 NUMA Support: Disabled
 Compressed Oops: Enabled (32-bit)
 Heap Region Size: 1M
 Heap Min Capacity: 8M
 Heap Initial Capacity: 118M
 Heap Max Capacity: 1878M
 Pre-touch: Disabled
 Parallel Workers: 8
 Concurrent Workers: 2
 Concurrent Refinement Workers: 8
 Periodic GC: Disabled

Heap:
 garbage-first heap   total 313344K, used 148431K [0x000000008aa00000, 0x0000000100000000)
  region size 1024K, 1 young (1024K), 1 survivors (1024K)
 Metaspace       used 36881K, committed 37120K, reserved 1114112K
  class space    used 4448K, committed 4544K, reserved 1048576K

Heap Regions: E=young(eden), S=young(survivor), O=old, HS=humongous(starts), HC=humongous(continues), CS=collection set, F=free, OA=open archive, CA=closed archive, TAMS=top-at-mark-start (previous, next)
|   0|0x000000008aa00000, 0x000000008ab00000, 0x000000008ab00000|100%| O|  |TAMS 0x000000008ab00000, 0x000000008ab00000| Untracked 
|   1|0x000000008ab00000, 0x000000008ac00000, 0x000000008ac00000|100%| O|  |TAMS 0x000000008ac00000, 0x000000008ac00000| Untracked 
|   2|0x000000008ac00000, 0x000000008ad00000, 0x000000008ad00000|100%|HS|  |TAMS 0x000000008ad00000, 0x000000008ad00000| Complete 
|   3|0x000000008ad00000, 0x000000008ae00000, 0x000000008ae00000|100%| O|  |TAMS 0x000000008ae00000, 0x000000008ae00000| Untracked 
|   4|0x000000008ae00000, 0x000000008af00000, 0x000000008af00000|100%| O|  |TAMS 0x000000008af00000, 0x000000008af00000| Untracked 
|   5|0x000000008af00000, 0x000000008b000000, 0x000000008b000000|100%| O|  |TAMS 0x000000008b000000, 0x000000008b000000| Untracked 
|   6|0x000000008b000000, 0x000000008b100000, 0x000000008b100000|100%|HS|  |TAMS 0x000000008b100000, 0x000000008b100000| Complete 
|   7|0x000000008b100000, 0x000000008b200000, 0x000000008b200000|100%|HC|  |TAMS 0x000000008b200000, 0x000000008b200000| Complete 
|   8|0x000000008b200000, 0x000000008b300000, 0x000000008b300000|100%| O|  |TAMS 0x000000008b300000, 0x000000008b300000| Untracked 
|   9|0x000000008b300000, 0x000000008b400000, 0x000000008b400000|100%| O|  |TAMS 0x000000008b400000, 0x000000008b400000| Untracked 
|  10|0x000000008b400000, 0x000000008b500000, 0x000000008b500000|100%| O|  |TAMS 0x000000008b500000, 0x000000008b500000| Untracked 
|  11|0x000000008b500000, 0x000000008b600000, 0x000000008b600000|100%| O|  |TAMS 0x000000008b600000, 0x000000008b600000| Untracked 
|  12|0x000000008b600000, 0x000000008b700000, 0x000000008b700000|100%| O|  |TAMS 0x000000008b700000, 0x000000008b700000| Untracked 
|  13|0x000000008b700000, 0x000000008b700000, 0x000000008b800000|  0%| F|  |TAMS 0x000000008b700000, 0x000000008b700000| Untracked 
|  14|0x000000008b800000, 0x000000008b900000, 0x000000008b900000|100%| O|  |TAMS 0x000000008b900000, 0x000000008b900000| Untracked 
|  15|0x000000008b900000, 0x000000008ba00000, 0x000000008ba00000|100%|HS|  |TAMS 0x000000008ba00000, 0x000000008ba00000| Complete 
|  16|0x000000008ba00000, 0x000000008bb00000, 0x000000008bb00000|100%|HC|  |TAMS 0x000000008bb00000, 0x000000008bb00000| Complete 
|  17|0x000000008bb00000, 0x000000008bc00000, 0x000000008bc00000|100%| O|  |TAMS 0x000000008bc00000, 0x000000008bc00000| Untracked 
|  18|0x000000008bc00000, 0x000000008bd00000, 0x000000008bd00000|100%|HS|  |TAMS 0x000000008bd00000, 0x000000008bd00000| Complete 
|  19|0x000000008bd00000, 0x000000008be00000, 0x000000008be00000|100%|HC|  |TAMS 0x000000008be00000, 0x000000008be00000| Complete 
|  20|0x000000008be00000, 0x000000008bf00000, 0x000000008bf00000|100%|HS|  |TAMS 0x000000008bf00000, 0x000000008bf00000| Complete 
|  21|0x000000008bf00000, 0x000000008c000000, 0x000000008c000000|100%|HC|  |TAMS 0x000000008c000000, 0x000000008c000000| Complete 
|  22|0x000000008c000000, 0x000000008c100000, 0x000000008c100000|100%|HS|  |TAMS 0x000000008c100000, 0x000000008c100000| Complete 
|  23|0x000000008c100000, 0x000000008c200000, 0x000000008c200000|100%|HC|  |TAMS 0x000000008c200000, 0x000000008c200000| Complete 
|  24|0x000000008c200000, 0x000000008c300000, 0x000000008c300000|100%|HS|  |TAMS 0x000000008c300000, 0x000000008c300000| Complete 
|  25|0x000000008c300000, 0x000000008c400000, 0x000000008c400000|100%|HC|  |TAMS 0x000000008c400000, 0x000000008c400000| Complete 
|  26|0x000000008c400000, 0x000000008c500000, 0x000000008c500000|100%|HS|  |TAMS 0x000000008c500000, 0x000000008c500000| Complete 
|  27|0x000000008c500000, 0x000000008c600000, 0x000000008c600000|100%|HC|  |TAMS 0x000000008c600000, 0x000000008c600000| Complete 
|  28|0x000000008c600000, 0x000000008c700000, 0x000000008c700000|100%|HS|  |TAMS 0x000000008c700000, 0x000000008c700000| Complete 
|  29|0x000000008c700000, 0x000000008c800000, 0x000000008c800000|100%|HC|  |TAMS 0x000000008c800000, 0x000000008c800000| Complete 
|  30|0x000000008c800000, 0x000000008c900000, 0x000000008c900000|100%|HS|  |TAMS 0x000000008c900000, 0x000000008c900000| Complete 
|  31|0x000000008c900000, 0x000000008ca00000, 0x000000008ca00000|100%|HC|  |TAMS 0x000000008ca00000, 0x000000008ca00000| Complete 
|  32|0x000000008ca00000, 0x000000008cb00000, 0x000000008cb00000|100%|HS|  |TAMS 0x000000008cb00000, 0x000000008cb00000| Complete 
|  33|0x000000008cb00000, 0x000000008cc00000, 0x000000008cc00000|100%|HC|  |TAMS 0x000000008cc00000, 0x000000008cc00000| Complete 
|  34|0x000000008cc00000, 0x000000008cd00000, 0x000000008cd00000|100%|HS|  |TAMS 0x000000008cd00000, 0x000000008cd00000| Complete 
|  35|0x000000008cd00000, 0x000000008ce00000, 0x000000008ce00000|100%|HC|  |TAMS 0x000000008ce00000, 0x000000008ce00000| Complete 
|  36|0x000000008ce00000, 0x000000008cf00000, 0x000000008cf00000|100%|HS|  |TAMS 0x000000008cf00000, 0x000000008cf00000| Complete 
|  37|0x000000008cf00000, 0x000000008d000000, 0x000000008d000000|100%|HC|  |TAMS 0x000000008d000000, 0x000000008d000000| Complete 
|  38|0x000000008d000000, 0x000000008d100000, 0x000000008d100000|100%|HS|  |TAMS 0x000000008d100000, 0x000000008d100000| Complete 
|  39|0x000000008d100000, 0x000000008d200000, 0x000000008d200000|100%|HC|  |TAMS 0x000000008d200000, 0x000000008d200000| Complete 
|  40|0x000000008d200000, 0x000000008d300000, 0x000000008d300000|100%|HS|  |TAMS 0x000000008d300000, 0x000000008d300000| Complete 
|  41|0x000000008d300000, 0x000000008d400000, 0x000000008d400000|100%|HC|  |TAMS 0x000000008d400000, 0x000000008d400000| Complete 
|  42|0x000000008d400000, 0x000000008d500000, 0x000000008d500000|100%|HS|  |TAMS 0x000000008d500000, 0x000000008d500000| Complete 
|  43|0x000000008d500000, 0x000000008d600000, 0x000000008d600000|100%|HC|  |TAMS 0x000000008d600000, 0x000000008d600000| Complete 
|  44|0x000000008d600000, 0x000000008d700000, 0x000000008d700000|100%|HS|  |TAMS 0x000000008d700000, 0x000000008d700000| Complete 
|  45|0x000000008d700000, 0x000000008d800000, 0x000000008d800000|100%|HC|  |TAMS 0x000000008d800000, 0x000000008d800000| Complete 
|  46|0x000000008d800000, 0x000000008d900000, 0x000000008d900000|100%|HS|  |TAMS 0x000000008d900000, 0x000000008d900000| Complete 
|  47|0x000000008d900000, 0x000000008da00000, 0x000000008da00000|100%|HC|  |TAMS 0x000000008da00000, 0x000000008da00000| Complete 
|  48|0x000000008da00000, 0x000000008db00000, 0x000000008db00000|100%|HS|  |TAMS 0x000000008db00000, 0x000000008db00000| Complete 
|  49|0x000000008db00000, 0x000000008dc00000, 0x000000008dc00000|100%|HC|  |TAMS 0x000000008dc00000, 0x000000008dc00000| Complete 
|  50|0x000000008dc00000, 0x000000008dd00000, 0x000000008dd00000|100%|HS|  |TAMS 0x000000008dd00000, 0x000000008dd00000| Complete 
|  51|0x000000008dd00000, 0x000000008de00000, 0x000000008de00000|100%|HC|  |TAMS 0x000000008de00000, 0x000000008de00000| Complete 
|  52|0x000000008de00000, 0x000000008df00000, 0x000000008df00000|100%|HS|  |TAMS 0x000000008df00000, 0x000000008df00000| Complete 
|  53|0x000000008df00000, 0x000000008e000000, 0x000000008e000000|100%|HC|  |TAMS 0x000000008e000000, 0x000000008e000000| Complete 
|  54|0x000000008e000000, 0x000000008e100000, 0x000000008e100000|100%|HS|  |TAMS 0x000000008e100000, 0x000000008e100000| Complete 
|  55|0x000000008e100000, 0x000000008e200000, 0x000000008e200000|100%|HS|  |TAMS 0x000000008e200000, 0x000000008e200000| Complete 
|  56|0x000000008e200000, 0x000000008e300000, 0x000000008e300000|100%|HC|  |TAMS 0x000000008e300000, 0x000000008e300000| Complete 
|  57|0x000000008e300000, 0x000000008e400000, 0x000000008e400000|100%|HS|  |TAMS 0x000000008e400000, 0x000000008e400000| Complete 
|  58|0x000000008e400000, 0x000000008e500000, 0x000000008e500000|100%|HS|  |TAMS 0x000000008e500000, 0x000000008e500000| Complete 
|  59|0x000000008e500000, 0x000000008e600000, 0x000000008e600000|100%|HC|  |TAMS 0x000000008e600000, 0x000000008e600000| Complete 
|  60|0x000000008e600000, 0x000000008e700000, 0x000000008e700000|100%|HC|  |TAMS 0x000000008e700000, 0x000000008e700000| Complete 
|  61|0x000000008e700000, 0x000000008e800000, 0x000000008e800000|100%|HS|  |TAMS 0x000000008e800000, 0x000000008e800000| Complete 
|  62|0x000000008e800000, 0x000000008e900000, 0x000000008e900000|100%|HC|  |TAMS 0x000000008e900000, 0x000000008e900000| Complete 
|  63|0x000000008e900000, 0x000000008ea00000, 0x000000008ea00000|100%|HS|  |TAMS 0x000000008ea00000, 0x000000008ea00000| Complete 
|  64|0x000000008ea00000, 0x000000008eb00000, 0x000000008eb00000|100%|HC|  |TAMS 0x000000008eb00000, 0x000000008eb00000| Complete 
|  65|0x000000008eb00000, 0x000000008ec00000, 0x000000008ec00000|100%|HS|  |TAMS 0x000000008ec00000, 0x000000008ec00000| Complete 
|  66|0x000000008ec00000, 0x000000008ed00000, 0x000000008ed00000|100%|HC|  |TAMS 0x000000008ed00000, 0x000000008ed00000| Complete 
|  67|0x000000008ed00000, 0x000000008ee00000, 0x000000008ee00000|100%|HS|  |TAMS 0x000000008ee00000, 0x000000008ee00000| Complete 
|  68|0x000000008ee00000, 0x000000008ef00000, 0x000000008ef00000|100%|HC|  |TAMS 0x000000008ef00000, 0x000000008ef00000| Complete 
|  69|0x000000008ef00000, 0x000000008f000000, 0x000000008f000000|100%|HS|  |TAMS 0x000000008f000000, 0x000000008f000000| Complete 
|  70|0x000000008f000000, 0x000000008f100000, 0x000000008f100000|100%|HC|  |TAMS 0x000000008f100000, 0x000000008f100000| Complete 
|  71|0x000000008f100000, 0x000000008f200000, 0x000000008f200000|100%|HS|  |TAMS 0x000000008f200000, 0x000000008f200000| Complete 
|  72|0x000000008f200000, 0x000000008f300000, 0x000000008f300000|100%|HC|  |TAMS 0x000000008f300000, 0x000000008f300000| Complete 
|  73|0x000000008f300000, 0x000000008f400000, 0x000000008f400000|100%|HS|  |TAMS 0x000000008f400000, 0x000000008f400000| Complete 
|  74|0x000000008f400000, 0x000000008f500000, 0x000000008f500000|100%|HC|  |TAMS 0x000000008f500000, 0x000000008f500000| Complete 
|  75|0x000000008f500000, 0x000000008f600000, 0x000000008f600000|100%|HS|  |TAMS 0x000000008f600000, 0x000000008f600000| Complete 
|  76|0x000000008f600000, 0x000000008f700000, 0x000000008f700000|100%|HC|  |TAMS 0x000000008f700000, 0x000000008f700000| Complete 
|  77|0x000000008f700000, 0x000000008f800000, 0x000000008f800000|100%|HS|  |TAMS 0x000000008f800000, 0x000000008f800000| Complete 
|  78|0x000000008f800000, 0x000000008f900000, 0x000000008f900000|100%|HC|  |TAMS 0x000000008f900000, 0x000000008f900000| Complete 
|  79|0x000000008f900000, 0x000000008fa00000, 0x000000008fa00000|100%|HS|  |TAMS 0x000000008fa00000, 0x000000008fa00000| Complete 
|  80|0x000000008fa00000, 0x000000008fb00000, 0x000000008fb00000|100%|HC|  |TAMS 0x000000008fb00000, 0x000000008fb00000| Complete 
|  81|0x000000008fb00000, 0x000000008fc00000, 0x000000008fc00000|100%|HS|  |TAMS 0x000000008fc00000, 0x000000008fc00000| Complete 
|  82|0x000000008fc00000, 0x000000008fd00000, 0x000000008fd00000|100%|HC|  |TAMS 0x000000008fd00000, 0x000000008fd00000| Complete 
|  83|0x000000008fd00000, 0x000000008fe00000, 0x000000008fe00000|100%|HS|  |TAMS 0x000000008fe00000, 0x000000008fe00000| Complete 
|  84|0x000000008fe00000, 0x000000008ff00000, 0x000000008ff00000|100%|HC|  |TAMS 0x000000008ff00000, 0x000000008ff00000| Complete 
|  85|0x000000008ff00000, 0x0000000090000000, 0x0000000090000000|100%|HS|  |TAMS 0x0000000090000000, 0x0000000090000000| Complete 
|  86|0x0000000090000000, 0x0000000090100000, 0x0000000090100000|100%|HC|  |TAMS 0x0000000090100000, 0x0000000090100000| Complete 
|  87|0x0000000090100000, 0x0000000090200000, 0x0000000090200000|100%|HS|  |TAMS 0x0000000090200000, 0x0000000090200000| Complete 
|  88|0x0000000090200000, 0x0000000090300000, 0x0000000090300000|100%|HC|  |TAMS 0x0000000090300000, 0x0000000090300000| Complete 
|  89|0x0000000090300000, 0x0000000090400000, 0x0000000090400000|100%|HS|  |TAMS 0x0000000090400000, 0x0000000090400000| Complete 
|  90|0x0000000090400000, 0x0000000090500000, 0x0000000090500000|100%|HC|  |TAMS 0x0000000090500000, 0x0000000090500000| Complete 
|  91|0x0000000090500000, 0x0000000090600000, 0x0000000090600000|100%|HS|  |TAMS 0x0000000090600000, 0x0000000090600000| Complete 
|  92|0x0000000090600000, 0x0000000090700000, 0x0000000090700000|100%|HC|  |TAMS 0x0000000090700000, 0x0000000090700000| Complete 
|  93|0x0000000090700000, 0x0000000090800000, 0x0000000090800000|100%|HS|  |TAMS 0x0000000090800000, 0x0000000090800000| Complete 
|  94|0x0000000090800000, 0x0000000090900000, 0x0000000090900000|100%|HC|  |TAMS 0x0000000090900000, 0x0000000090900000| Complete 
|  95|0x0000000090900000, 0x0000000090a00000, 0x0000000090a00000|100%|HS|  |TAMS 0x0000000090a00000, 0x0000000090a00000| Complete 
|  96|0x0000000090a00000, 0x0000000090b00000, 0x0000000090b00000|100%|HC|  |TAMS 0x0000000090b00000, 0x0000000090b00000| Complete 
|  97|0x0000000090b00000, 0x0000000090c00000, 0x0000000090c00000|100%|HS|  |TAMS 0x0000000090c00000, 0x0000000090c00000| Complete 
|  98|0x0000000090c00000, 0x0000000090d00000, 0x0000000090d00000|100%|HC|  |TAMS 0x0000000090d00000, 0x0000000090d00000| Complete 
|  99|0x0000000090d00000, 0x0000000090e00000, 0x0000000090e00000|100%|HS|  |TAMS 0x0000000090e00000, 0x0000000090e00000| Complete 
| 100|0x0000000090e00000, 0x0000000090f00000, 0x0000000090f00000|100%|HC|  |TAMS 0x0000000090f00000, 0x0000000090f00000| Complete 
| 101|0x0000000090f00000, 0x0000000091000000, 0x0000000091000000|100%|HS|  |TAMS 0x0000000091000000, 0x0000000091000000| Complete 
| 102|0x0000000091000000, 0x0000000091100000, 0x0000000091100000|100%|HC|  |TAMS 0x0000000091100000, 0x0000000091100000| Complete 
| 103|0x0000000091100000, 0x0000000091200000, 0x0000000091200000|100%|HS|  |TAMS 0x0000000091200000, 0x0000000091200000| Complete 
| 104|0x0000000091200000, 0x0000000091300000, 0x0000000091300000|100%|HC|  |TAMS 0x0000000091300000, 0x0000000091300000| Complete 
| 105|0x0000000091300000, 0x0000000091400000, 0x0000000091400000|100%|HS|  |TAMS 0x0000000091400000, 0x0000000091400000| Complete 
| 106|0x0000000091400000, 0x0000000091500000, 0x0000000091500000|100%|HC|  |TAMS 0x0000000091500000, 0x0000000091500000| Complete 
| 107|0x0000000091500000, 0x0000000091600000, 0x0000000091600000|100%|HS|  |TAMS 0x0000000091600000, 0x0000000091600000| Complete 
| 108|0x0000000091600000, 0x0000000091700000, 0x0000000091700000|100%|HC|  |TAMS 0x0000000091700000, 0x0000000091700000| Complete 
| 109|0x0000000091700000, 0x0000000091800000, 0x0000000091800000|100%|HS|  |TAMS 0x0000000091800000, 0x0000000091800000| Complete 
| 110|0x0000000091800000, 0x0000000091900000, 0x0000000091900000|100%|HC|  |TAMS 0x0000000091900000, 0x0000000091900000| Complete 
| 111|0x0000000091900000, 0x0000000091a00000, 0x0000000091a00000|100%|HS|  |TAMS 0x0000000091a00000, 0x0000000091a00000| Complete 
| 112|0x0000000091a00000, 0x0000000091b00000, 0x0000000091b00000|100%|HC|  |TAMS 0x0000000091b00000, 0x0000000091b00000| Complete 
| 113|0x0000000091b00000, 0x0000000091c00000, 0x0000000091c00000|100%|HS|  |TAMS 0x0000000091c00000, 0x0000000091c00000| Complete 
| 114|0x0000000091c00000, 0x0000000091d00000, 0x0000000091d00000|100%|HC|  |TAMS 0x0000000091d00000, 0x0000000091d00000| Complete 
| 115|0x0000000091d00000, 0x0000000091e00000, 0x0000000091e00000|100%| O|  |TAMS 0x0000000091e00000, 0x0000000091e00000| Untracked 
| 116|0x0000000091e00000, 0x0000000091f00000, 0x0000000091f00000|100%|HS|  |TAMS 0x0000000091f00000, 0x0000000091f00000| Complete 
| 117|0x0000000091f00000, 0x0000000092000000, 0x0000000092000000|100%|HC|  |TAMS 0x0000000092000000, 0x0000000092000000| Complete 
| 118|0x0000000092000000, 0x0000000092000000, 0x0000000092100000|  0%| F|  |TAMS 0x0000000092000000, 0x0000000092000000| Untracked 
| 119|0x0000000092100000, 0x0000000092200000, 0x0000000092200000|100%|HS|  |TAMS 0x0000000092200000, 0x0000000092200000| Complete 
| 120|0x0000000092200000, 0x0000000092300000, 0x0000000092300000|100%|HC|  |TAMS 0x0000000092300000, 0x0000000092300000| Complete 
| 121|0x0000000092300000, 0x0000000092400000, 0x0000000092400000|100%|HS|  |TAMS 0x0000000092400000, 0x0000000092400000| Complete 
| 122|0x0000000092400000, 0x0000000092500000, 0x0000000092500000|100%|HC|  |TAMS 0x0000000092500000, 0x0000000092500000| Complete 
| 123|0x0000000092500000, 0x0000000092600000, 0x0000000092600000|100%| O|  |TAMS 0x0000000092600000, 0x0000000092600000| Untracked 
| 124|0x0000000092600000, 0x00000000926d5e00, 0x0000000092700000| 83%| O|  |TAMS 0x00000000926d5e00, 0x00000000926d5e00| Untracked 
| 125|0x0000000092700000, 0x0000000092700000, 0x0000000092800000|  0%| F|  |TAMS 0x0000000092700000, 0x0000000092700000| Untracked 
| 126|0x0000000092800000, 0x0000000092900000, 0x0000000092900000|100%|HS|  |TAMS 0x0000000092900000, 0x0000000092900000| Complete 
| 127|0x0000000092900000, 0x0000000092a00000, 0x0000000092a00000|100%|HC|  |TAMS 0x0000000092a00000, 0x0000000092a00000| Complete 
| 128|0x0000000092a00000, 0x0000000092b00000, 0x0000000092b00000|100%|HS|  |TAMS 0x0000000092b00000, 0x0000000092b00000| Complete 
| 129|0x0000000092b00000, 0x0000000092c00000, 0x0000000092c00000|100%|HC|  |TAMS 0x0000000092c00000, 0x0000000092c00000| Complete 
| 130|0x0000000092c00000, 0x0000000092d00000, 0x0000000092d00000|100%|HS|  |TAMS 0x0000000092d00000, 0x0000000092d00000| Complete 
| 131|0x0000000092d00000, 0x0000000092e00000, 0x0000000092e00000|100%|HC|  |TAMS 0x0000000092e00000, 0x0000000092e00000| Complete 
| 132|0x0000000092e00000, 0x0000000092f00000, 0x0000000092f00000|100%|HS|  |TAMS 0x0000000092f00000, 0x0000000092f00000| Complete 
| 133|0x0000000092f00000, 0x0000000093000000, 0x0000000093000000|100%|HC|  |TAMS 0x0000000093000000, 0x0000000093000000| Complete 
| 134|0x0000000093000000, 0x0000000093100000, 0x0000000093100000|100%|HS|  |TAMS 0x0000000093100000, 0x0000000093100000| Complete 
| 135|0x0000000093100000, 0x0000000093200000, 0x0000000093200000|100%|HC|  |TAMS 0x0000000093200000, 0x0000000093200000| Complete 
| 136|0x0000000093200000, 0x0000000093300000, 0x0000000093300000|100%|HS|  |TAMS 0x0000000093300000, 0x0000000093300000| Complete 
| 137|0x0000000093300000, 0x0000000093400000, 0x0000000093400000|100%|HC|  |TAMS 0x0000000093400000, 0x0000000093400000| Complete 
| 138|0x0000000093400000, 0x0000000093500000, 0x0000000093500000|100%|HS|  |TAMS 0x0000000093500000, 0x0000000093500000| Complete 
| 139|0x0000000093500000, 0x0000000093600000, 0x0000000093600000|100%|HC|  |TAMS 0x0000000093600000, 0x0000000093600000| Complete 
| 140|0x0000000093600000, 0x0000000093700000, 0x0000000093700000|100%|HS|  |TAMS 0x0000000093700000, 0x0000000093700000| Complete 
| 141|0x0000000093700000, 0x0000000093800000, 0x0000000093800000|100%|HC|  |TAMS 0x0000000093800000, 0x0000000093800000| Complete 
| 142|0x0000000093800000, 0x0000000093900000, 0x0000000093900000|100%|HS|  |TAMS 0x0000000093900000, 0x0000000093900000| Complete 
| 143|0x0000000093900000, 0x0000000093a00000, 0x0000000093a00000|100%|HC|  |TAMS 0x0000000093a00000, 0x0000000093a00000| Complete 
| 144|0x0000000093a00000, 0x0000000093b00000, 0x0000000093b00000|100%|HS|  |TAMS 0x0000000093b00000, 0x0000000093b00000| Complete 
| 145|0x0000000093b00000, 0x0000000093c00000, 0x0000000093c00000|100%|HC|  |TAMS 0x0000000093c00000, 0x0000000093c00000| Complete 
| 146|0x0000000093c00000, 0x0000000093d00000, 0x0000000093d00000|100%|HS|  |TAMS 0x0000000093c00000, 0x0000000093d00000| Complete 
| 147|0x0000000093d00000, 0x0000000093e00000, 0x0000000093e00000|100%|HC|  |TAMS 0x0000000093d00000, 0x0000000093e00000| Complete 
| 148|0x0000000093e00000, 0x0000000093e00000, 0x0000000093f00000|  0%| F|  |TAMS 0x0000000093e00000, 0x0000000093e00000| Untracked 
| 149|0x0000000093f00000, 0x0000000093f00000, 0x0000000094000000|  0%| F|  |TAMS 0x0000000093f00000, 0x0000000093f00000| Untracked 
| 150|0x0000000094000000, 0x0000000094000000, 0x0000000094100000|  0%| F|  |TAMS 0x0000000094000000, 0x0000000094000000| Untracked 
| 151|0x0000000094100000, 0x0000000094100000, 0x0000000094200000|  0%| F|  |TAMS 0x0000000094100000, 0x0000000094100000| Untracked 
| 152|0x0000000094200000, 0x0000000094200000, 0x0000000094300000|  0%| F|  |TAMS 0x0000000094200000, 0x0000000094200000| Untracked 
| 153|0x0000000094300000, 0x0000000094300000, 0x0000000094400000|  0%| F|  |TAMS 0x0000000094300000, 0x0000000094300000| Untracked 
| 154|0x0000000094400000, 0x0000000094400000, 0x0000000094500000|  0%| F|  |TAMS 0x0000000094400000, 0x0000000094400000| Untracked 
| 155|0x0000000094500000, 0x0000000094500000, 0x0000000094600000|  0%| F|  |TAMS 0x0000000094500000, 0x0000000094500000| Untracked 
| 156|0x0000000094600000, 0x0000000094600000, 0x0000000094700000|  0%| F|  |TAMS 0x0000000094600000, 0x0000000094600000| Untracked 
| 157|0x0000000094700000, 0x0000000094700000, 0x0000000094800000|  0%| F|  |TAMS 0x0000000094700000, 0x0000000094700000| Untracked 
| 158|0x0000000094800000, 0x0000000094800000, 0x0000000094900000|  0%| F|  |TAMS 0x0000000094800000, 0x0000000094800000| Untracked 
| 159|0x0000000094900000, 0x0000000094900000, 0x0000000094a00000|  0%| F|  |TAMS 0x0000000094900000, 0x0000000094900000| Untracked 
| 160|0x0000000094a00000, 0x0000000094a00000, 0x0000000094b00000|  0%| F|  |TAMS 0x0000000094a00000, 0x0000000094a00000| Untracked 
| 161|0x0000000094b00000, 0x0000000094b00000, 0x0000000094c00000|  0%| F|  |TAMS 0x0000000094b00000, 0x0000000094b00000| Untracked 
| 162|0x0000000094c00000, 0x0000000094c00000, 0x0000000094d00000|  0%| F|  |TAMS 0x0000000094c00000, 0x0000000094c00000| Untracked 
| 163|0x0000000094d00000, 0x0000000094d00000, 0x0000000094e00000|  0%| F|  |TAMS 0x0000000094d00000, 0x0000000094d00000| Untracked 
| 164|0x0000000094e00000, 0x0000000094e00000, 0x0000000094f00000|  0%| F|  |TAMS 0x0000000094e00000, 0x0000000094e00000| Untracked 
| 165|0x0000000094f00000, 0x0000000094f00000, 0x0000000095000000|  0%| F|  |TAMS 0x0000000094f00000, 0x0000000094f00000| Untracked 
| 166|0x0000000095000000, 0x0000000095000000, 0x0000000095100000|  0%| F|  |TAMS 0x0000000095000000, 0x0000000095000000| Untracked 
| 167|0x0000000095100000, 0x0000000095100000, 0x0000000095200000|  0%| F|  |TAMS 0x0000000095100000, 0x0000000095100000| Untracked 
| 168|0x0000000095200000, 0x0000000095200000, 0x0000000095300000|  0%| F|  |TAMS 0x0000000095200000, 0x0000000095200000| Untracked 
| 169|0x0000000095300000, 0x0000000095300000, 0x0000000095400000|  0%| F|  |TAMS 0x0000000095300000, 0x0000000095300000| Untracked 
| 170|0x0000000095400000, 0x0000000095400000, 0x0000000095500000|  0%| F|  |TAMS 0x0000000095400000, 0x0000000095400000| Untracked 
| 171|0x0000000095500000, 0x0000000095500000, 0x0000000095600000|  0%| F|  |TAMS 0x0000000095500000, 0x0000000095500000| Untracked 
| 172|0x0000000095600000, 0x0000000095600000, 0x0000000095700000|  0%| F|  |TAMS 0x0000000095600000, 0x0000000095600000| Untracked 
| 173|0x0000000095700000, 0x0000000095700000, 0x0000000095800000|  0%| F|  |TAMS 0x0000000095700000, 0x0000000095700000| Untracked 
| 174|0x0000000095800000, 0x0000000095800000, 0x0000000095900000|  0%| F|  |TAMS 0x0000000095800000, 0x0000000095800000| Untracked 
| 175|0x0000000095900000, 0x0000000095900000, 0x0000000095a00000|  0%| F|  |TAMS 0x0000000095900000, 0x0000000095900000| Untracked 
| 176|0x0000000095a00000, 0x0000000095a00000, 0x0000000095b00000|  0%| F|  |TAMS 0x0000000095a00000, 0x0000000095a00000| Untracked 
| 177|0x0000000095b00000, 0x0000000095b00000, 0x0000000095c00000|  0%| F|  |TAMS 0x0000000095b00000, 0x0000000095b00000| Untracked 
| 178|0x0000000095c00000, 0x0000000095c00000, 0x0000000095d00000|  0%| F|  |TAMS 0x0000000095c00000, 0x0000000095c00000| Untracked 
| 179|0x0000000095d00000, 0x0000000095d00000, 0x0000000095e00000|  0%| F|  |TAMS 0x0000000095d00000, 0x0000000095d00000| Untracked 
| 180|0x0000000095e00000, 0x0000000095e00000, 0x0000000095f00000|  0%| F|  |TAMS 0x0000000095e00000, 0x0000000095e00000| Untracked 
| 181|0x0000000095f00000, 0x0000000095f00000, 0x0000000096000000|  0%| F|  |TAMS 0x0000000095f00000, 0x0000000095f00000| Untracked 
| 182|0x0000000096000000, 0x0000000096000000, 0x0000000096100000|  0%| F|  |TAMS 0x0000000096000000, 0x0000000096000000| Untracked 
| 183|0x0000000096100000, 0x0000000096100000, 0x0000000096200000|  0%| F|  |TAMS 0x0000000096100000, 0x0000000096100000| Untracked 
| 184|0x0000000096200000, 0x0000000096200000, 0x0000000096300000|  0%| F|  |TAMS 0x0000000096200000, 0x0000000096200000| Untracked 
| 185|0x0000000096300000, 0x0000000096300000, 0x0000000096400000|  0%| F|  |TAMS 0x0000000096300000, 0x0000000096300000| Untracked 
| 186|0x0000000096400000, 0x0000000096400000, 0x0000000096500000|  0%| F|  |TAMS 0x0000000096400000, 0x0000000096400000| Untracked 
| 187|0x0000000096500000, 0x0000000096500000, 0x0000000096600000|  0%| F|  |TAMS 0x0000000096500000, 0x0000000096500000| Untracked 
| 188|0x0000000096600000, 0x0000000096600000, 0x0000000096700000|  0%| F|  |TAMS 0x0000000096600000, 0x0000000096600000| Untracked 
| 189|0x0000000096700000, 0x0000000096700000, 0x0000000096800000|  0%| F|  |TAMS 0x0000000096700000, 0x0000000096700000| Untracked 
| 190|0x0000000096800000, 0x0000000096800000, 0x0000000096900000|  0%| F|  |TAMS 0x0000000096800000, 0x0000000096800000| Untracked 
| 191|0x0000000096900000, 0x0000000096900000, 0x0000000096a00000|  0%| F|  |TAMS 0x0000000096900000, 0x0000000096900000| Untracked 
| 192|0x0000000096a00000, 0x0000000096a00000, 0x0000000096b00000|  0%| F|  |TAMS 0x0000000096a00000, 0x0000000096a00000| Untracked 
| 193|0x0000000096b00000, 0x0000000096b00000, 0x0000000096c00000|  0%| F|  |TAMS 0x0000000096b00000, 0x0000000096b00000| Untracked 
| 194|0x0000000096c00000, 0x0000000096c00000, 0x0000000096d00000|  0%| F|  |TAMS 0x0000000096c00000, 0x0000000096c00000| Untracked 
| 195|0x0000000096d00000, 0x0000000096d00000, 0x0000000096e00000|  0%| F|  |TAMS 0x0000000096d00000, 0x0000000096d00000| Untracked 
| 196|0x0000000096e00000, 0x0000000096e00000, 0x0000000096f00000|  0%| F|  |TAMS 0x0000000096e00000, 0x0000000096e00000| Untracked 
| 197|0x0000000096f00000, 0x0000000096f00000, 0x0000000097000000|  0%| F|  |TAMS 0x0000000096f00000, 0x0000000096f00000| Untracked 
| 198|0x0000000097000000, 0x0000000097000000, 0x0000000097100000|  0%| F|  |TAMS 0x0000000097000000, 0x0000000097000000| Untracked 
| 199|0x0000000097100000, 0x0000000097100000, 0x0000000097200000|  0%| F|  |TAMS 0x0000000097100000, 0x0000000097100000| Untracked 
| 200|0x0000000097200000, 0x0000000097200000, 0x0000000097300000|  0%| F|  |TAMS 0x0000000097200000, 0x0000000097200000| Untracked 
| 201|0x0000000097300000, 0x0000000097300000, 0x0000000097400000|  0%| F|  |TAMS 0x0000000097300000, 0x0000000097300000| Untracked 
| 202|0x0000000097400000, 0x0000000097400000, 0x0000000097500000|  0%| F|  |TAMS 0x0000000097400000, 0x0000000097400000| Untracked 
| 203|0x0000000097500000, 0x0000000097500000, 0x0000000097600000|  0%| F|  |TAMS 0x0000000097500000, 0x0000000097500000| Untracked 
| 204|0x0000000097600000, 0x0000000097600000, 0x0000000097700000|  0%| F|  |TAMS 0x0000000097600000, 0x0000000097600000| Untracked 
| 205|0x0000000097700000, 0x0000000097700000, 0x0000000097800000|  0%| F|  |TAMS 0x0000000097700000, 0x0000000097700000| Untracked 
| 206|0x0000000097800000, 0x0000000097800000, 0x0000000097900000|  0%| F|  |TAMS 0x0000000097800000, 0x0000000097800000| Untracked 
| 207|0x0000000097900000, 0x0000000097900000, 0x0000000097a00000|  0%| F|  |TAMS 0x0000000097900000, 0x0000000097900000| Untracked 
| 208|0x0000000097a00000, 0x0000000097a00000, 0x0000000097b00000|  0%| F|  |TAMS 0x0000000097a00000, 0x0000000097a00000| Untracked 
| 209|0x0000000097b00000, 0x0000000097b00000, 0x0000000097c00000|  0%| F|  |TAMS 0x0000000097b00000, 0x0000000097b00000| Untracked 
| 210|0x0000000097c00000, 0x0000000097c00000, 0x0000000097d00000|  0%| F|  |TAMS 0x0000000097c00000, 0x0000000097c00000| Untracked 
| 211|0x0000000097d00000, 0x0000000097d00000, 0x0000000097e00000|  0%| F|  |TAMS 0x0000000097d00000, 0x0000000097d00000| Untracked 
| 212|0x0000000097e00000, 0x0000000097e00000, 0x0000000097f00000|  0%| F|  |TAMS 0x0000000097e00000, 0x0000000097e00000| Untracked 
| 213|0x0000000097f00000, 0x0000000097f00000, 0x0000000098000000|  0%| F|  |TAMS 0x0000000097f00000, 0x0000000097f00000| Untracked 
| 214|0x0000000098000000, 0x0000000098000000, 0x0000000098100000|  0%| F|  |TAMS 0x0000000098000000, 0x0000000098000000| Untracked 
| 215|0x0000000098100000, 0x0000000098100000, 0x0000000098200000|  0%| F|  |TAMS 0x0000000098100000, 0x0000000098100000| Untracked 
| 216|0x0000000098200000, 0x0000000098200000, 0x0000000098300000|  0%| F|  |TAMS 0x0000000098200000, 0x0000000098200000| Untracked 
| 217|0x0000000098300000, 0x0000000098300000, 0x0000000098400000|  0%| F|  |TAMS 0x0000000098300000, 0x0000000098300000| Untracked 
| 218|0x0000000098400000, 0x0000000098400000, 0x0000000098500000|  0%| F|  |TAMS 0x0000000098400000, 0x0000000098400000| Untracked 
| 219|0x0000000098500000, 0x0000000098500000, 0x0000000098600000|  0%| F|  |TAMS 0x0000000098500000, 0x0000000098500000| Untracked 
| 220|0x0000000098600000, 0x0000000098600000, 0x0000000098700000|  0%| F|  |TAMS 0x0000000098600000, 0x0000000098600000| Untracked 
| 221|0x0000000098700000, 0x0000000098700000, 0x0000000098800000|  0%| F|  |TAMS 0x0000000098700000, 0x0000000098700000| Untracked 
| 222|0x0000000098800000, 0x0000000098800000, 0x0000000098900000|  0%| F|  |TAMS 0x0000000098800000, 0x0000000098800000| Untracked 
| 223|0x0000000098900000, 0x0000000098900000, 0x0000000098a00000|  0%| F|  |TAMS 0x0000000098900000, 0x0000000098900000| Untracked 
| 224|0x0000000098a00000, 0x0000000098a00000, 0x0000000098b00000|  0%| F|  |TAMS 0x0000000098a00000, 0x0000000098a00000| Untracked 
| 225|0x0000000098b00000, 0x0000000098b00000, 0x0000000098c00000|  0%| F|  |TAMS 0x0000000098b00000, 0x0000000098b00000| Untracked 
| 226|0x0000000098c00000, 0x0000000098c00000, 0x0000000098d00000|  0%| F|  |TAMS 0x0000000098c00000, 0x0000000098c00000| Untracked 
| 227|0x0000000098d00000, 0x0000000098d00000, 0x0000000098e00000|  0%| F|  |TAMS 0x0000000098d00000, 0x0000000098d00000| Untracked 
| 228|0x0000000098e00000, 0x0000000098e00000, 0x0000000098f00000|  0%| F|  |TAMS 0x0000000098e00000, 0x0000000098e00000| Untracked 
| 229|0x0000000098f00000, 0x0000000098f00000, 0x0000000099000000|  0%| F|  |TAMS 0x0000000098f00000, 0x0000000098f00000| Untracked 
| 230|0x0000000099000000, 0x0000000099000000, 0x0000000099100000|  0%| F|  |TAMS 0x0000000099000000, 0x0000000099000000| Untracked 
| 231|0x0000000099100000, 0x0000000099100000, 0x0000000099200000|  0%| F|  |TAMS 0x0000000099100000, 0x0000000099100000| Untracked 
| 232|0x0000000099200000, 0x0000000099200000, 0x0000000099300000|  0%| F|  |TAMS 0x0000000099200000, 0x0000000099200000| Untracked 
| 233|0x0000000099300000, 0x0000000099300000, 0x0000000099400000|  0%| F|  |TAMS 0x0000000099300000, 0x0000000099300000| Untracked 
| 234|0x0000000099400000, 0x0000000099400000, 0x0000000099500000|  0%| F|  |TAMS 0x0000000099400000, 0x0000000099400000| Untracked 
| 235|0x0000000099500000, 0x0000000099500000, 0x0000000099600000|  0%| F|  |TAMS 0x0000000099500000, 0x0000000099500000| Untracked 
| 236|0x0000000099600000, 0x0000000099600000, 0x0000000099700000|  0%| F|  |TAMS 0x0000000099600000, 0x0000000099600000| Untracked 
| 237|0x0000000099700000, 0x0000000099700000, 0x0000000099800000|  0%| F|  |TAMS 0x0000000099700000, 0x0000000099700000| Untracked 
| 238|0x0000000099800000, 0x0000000099800000, 0x0000000099900000|  0%| F|  |TAMS 0x0000000099800000, 0x0000000099800000| Untracked 
| 239|0x0000000099900000, 0x0000000099900000, 0x0000000099a00000|  0%| F|  |TAMS 0x0000000099900000, 0x0000000099900000| Untracked 
| 240|0x0000000099a00000, 0x0000000099a00000, 0x0000000099b00000|  0%| F|  |TAMS 0x0000000099a00000, 0x0000000099a00000| Untracked 
| 241|0x0000000099b00000, 0x0000000099b00000, 0x0000000099c00000|  0%| F|  |TAMS 0x0000000099b00000, 0x0000000099b00000| Untracked 
| 242|0x0000000099c00000, 0x0000000099c00000, 0x0000000099d00000|  0%| F|  |TAMS 0x0000000099c00000, 0x0000000099c00000| Untracked 
| 243|0x0000000099d00000, 0x0000000099d00000, 0x0000000099e00000|  0%| F|  |TAMS 0x0000000099d00000, 0x0000000099d00000| Untracked 
| 244|0x0000000099e00000, 0x0000000099e00000, 0x0000000099f00000|  0%| F|  |TAMS 0x0000000099e00000, 0x0000000099e00000| Untracked 
| 245|0x0000000099f00000, 0x0000000099f00000, 0x000000009a000000|  0%| F|  |TAMS 0x0000000099f00000, 0x0000000099f00000| Untracked 
| 246|0x000000009a000000, 0x000000009a000000, 0x000000009a100000|  0%| F|  |TAMS 0x000000009a000000, 0x000000009a000000| Untracked 
| 247|0x000000009a100000, 0x000000009a100000, 0x000000009a200000|  0%| F|  |TAMS 0x000000009a100000, 0x000000009a100000| Untracked 
| 248|0x000000009a200000, 0x000000009a200000, 0x000000009a300000|  0%| F|  |TAMS 0x000000009a200000, 0x000000009a200000| Untracked 
| 249|0x000000009a300000, 0x000000009a300000, 0x000000009a400000|  0%| F|  |TAMS 0x000000009a300000, 0x000000009a300000| Untracked 
| 250|0x000000009a400000, 0x000000009a400000, 0x000000009a500000|  0%| F|  |TAMS 0x000000009a400000, 0x000000009a400000| Untracked 
| 251|0x000000009a500000, 0x000000009a500000, 0x000000009a600000|  0%| F|  |TAMS 0x000000009a500000, 0x000000009a500000| Untracked 
| 252|0x000000009a600000, 0x000000009a600000, 0x000000009a700000|  0%| F|  |TAMS 0x000000009a600000, 0x000000009a600000| Untracked 
| 253|0x000000009a700000, 0x000000009a700000, 0x000000009a800000|  0%| F|  |TAMS 0x000000009a700000, 0x000000009a700000| Untracked 
| 254|0x000000009a800000, 0x000000009a800000, 0x000000009a900000|  0%| F|  |TAMS 0x000000009a800000, 0x000000009a800000| Untracked 
| 255|0x000000009a900000, 0x000000009a900000, 0x000000009aa00000|  0%| F|  |TAMS 0x000000009a900000, 0x000000009a900000| Untracked 
| 256|0x000000009aa00000, 0x000000009aa00000, 0x000000009ab00000|  0%| F|  |TAMS 0x000000009aa00000, 0x000000009aa00000| Untracked 
| 257|0x000000009ab00000, 0x000000009ab00000, 0x000000009ac00000|  0%| F|  |TAMS 0x000000009ab00000, 0x000000009ab00000| Untracked 
| 258|0x000000009ac00000, 0x000000009ac00000, 0x000000009ad00000|  0%| F|  |TAMS 0x000000009ac00000, 0x000000009ac00000| Untracked 
| 259|0x000000009ad00000, 0x000000009ad00000, 0x000000009ae00000|  0%| F|  |TAMS 0x000000009ad00000, 0x000000009ad00000| Untracked 
| 260|0x000000009ae00000, 0x000000009ae00000, 0x000000009af00000|  0%| F|  |TAMS 0x000000009ae00000, 0x000000009ae00000| Untracked 
| 261|0x000000009af00000, 0x000000009af00000, 0x000000009b000000|  0%| F|  |TAMS 0x000000009af00000, 0x000000009af00000| Untracked 
| 262|0x000000009b000000, 0x000000009b000000, 0x000000009b100000|  0%| F|  |TAMS 0x000000009b000000, 0x000000009b000000| Untracked 
| 263|0x000000009b100000, 0x000000009b100000, 0x000000009b200000|  0%| F|  |TAMS 0x000000009b100000, 0x000000009b100000| Untracked 
| 264|0x000000009b200000, 0x000000009b200000, 0x000000009b300000|  0%| F|  |TAMS 0x000000009b200000, 0x000000009b200000| Untracked 
| 265|0x000000009b300000, 0x000000009b300000, 0x000000009b400000|  0%| F|  |TAMS 0x000000009b300000, 0x000000009b300000| Untracked 
| 266|0x000000009b400000, 0x000000009b400000, 0x000000009b500000|  0%| F|  |TAMS 0x000000009b400000, 0x000000009b400000| Untracked 
| 267|0x000000009b500000, 0x000000009b500000, 0x000000009b600000|  0%| F|  |TAMS 0x000000009b500000, 0x000000009b500000| Untracked 
| 268|0x000000009b600000, 0x000000009b600000, 0x000000009b700000|  0%| F|  |TAMS 0x000000009b600000, 0x000000009b600000| Untracked 
| 269|0x000000009b700000, 0x000000009b700000, 0x000000009b800000|  0%| F|  |TAMS 0x000000009b700000, 0x000000009b700000| Untracked 
| 270|0x000000009b800000, 0x000000009b800000, 0x000000009b900000|  0%| F|  |TAMS 0x000000009b800000, 0x000000009b800000| Untracked 
| 271|0x000000009b900000, 0x000000009b900000, 0x000000009ba00000|  0%| F|  |TAMS 0x000000009b900000, 0x000000009b900000| Untracked 
| 272|0x000000009ba00000, 0x000000009ba00000, 0x000000009bb00000|  0%| F|  |TAMS 0x000000009ba00000, 0x000000009ba00000| Untracked 
| 273|0x000000009bb00000, 0x000000009bb00000, 0x000000009bc00000|  0%| F|  |TAMS 0x000000009bb00000, 0x000000009bb00000| Untracked 
| 274|0x000000009bc00000, 0x000000009bc00000, 0x000000009bd00000|  0%| F|  |TAMS 0x000000009bc00000, 0x000000009bc00000| Untracked 
| 275|0x000000009bd00000, 0x000000009bd00000, 0x000000009be00000|  0%| F|  |TAMS 0x000000009bd00000, 0x000000009bd00000| Untracked 
| 276|0x000000009be00000, 0x000000009be00000, 0x000000009bf00000|  0%| F|  |TAMS 0x000000009be00000, 0x000000009be00000| Untracked 
| 277|0x000000009bf00000, 0x000000009bf00000, 0x000000009c000000|  0%| F|  |TAMS 0x000000009bf00000, 0x000000009bf00000| Untracked 
| 278|0x000000009c000000, 0x000000009c000000, 0x000000009c100000|  0%| F|  |TAMS 0x000000009c000000, 0x000000009c000000| Untracked 
| 279|0x000000009c100000, 0x000000009c100000, 0x000000009c200000|  0%| F|  |TAMS 0x000000009c100000, 0x000000009c100000| Untracked 
| 280|0x000000009c200000, 0x000000009c200000, 0x000000009c300000|  0%| F|  |TAMS 0x000000009c200000, 0x000000009c200000| Untracked 
| 281|0x000000009c300000, 0x000000009c300000, 0x000000009c400000|  0%| F|  |TAMS 0x000000009c300000, 0x000000009c300000| Untracked 
| 282|0x000000009c400000, 0x000000009c400000, 0x000000009c500000|  0%| F|  |TAMS 0x000000009c400000, 0x000000009c400000| Untracked 
| 283|0x000000009c500000, 0x000000009c500000, 0x000000009c600000|  0%| F|  |TAMS 0x000000009c500000, 0x000000009c500000| Untracked 
| 284|0x000000009c600000, 0x000000009c600000, 0x000000009c700000|  0%| F|  |TAMS 0x000000009c600000, 0x000000009c600000| Untracked 
| 285|0x000000009c700000, 0x000000009c700000, 0x000000009c800000|  0%| F|  |TAMS 0x000000009c700000, 0x000000009c700000| Untracked 
| 286|0x000000009c800000, 0x000000009c800000, 0x000000009c900000|  0%| F|  |TAMS 0x000000009c800000, 0x000000009c800000| Untracked 
| 287|0x000000009c900000, 0x000000009c900000, 0x000000009ca00000|  0%| F|  |TAMS 0x000000009c900000, 0x000000009c900000| Untracked 
| 288|0x000000009ca00000, 0x000000009ca00000, 0x000000009cb00000|  0%| F|  |TAMS 0x000000009ca00000, 0x000000009ca00000| Untracked 
| 289|0x000000009cb00000, 0x000000009cb00000, 0x000000009cc00000|  0%| F|  |TAMS 0x000000009cb00000, 0x000000009cb00000| Untracked 
| 290|0x000000009cc00000, 0x000000009cc00000, 0x000000009cd00000|  0%| F|  |TAMS 0x000000009cc00000, 0x000000009cc00000| Untracked 
| 291|0x000000009cd00000, 0x000000009cd00000, 0x000000009ce00000|  0%| F|  |TAMS 0x000000009cd00000, 0x000000009cd00000| Untracked 
| 292|0x000000009ce00000, 0x000000009ce00000, 0x000000009cf00000|  0%| F|  |TAMS 0x000000009ce00000, 0x000000009ce00000| Untracked 
| 293|0x000000009cf00000, 0x000000009cf00000, 0x000000009d000000|  0%| F|  |TAMS 0x000000009cf00000, 0x000000009cf00000| Untracked 
| 294|0x000000009d000000, 0x000000009d000000, 0x000000009d100000|  0%| F|  |TAMS 0x000000009d000000, 0x000000009d000000| Untracked 
| 295|0x000000009d100000, 0x000000009d100000, 0x000000009d200000|  0%| F|  |TAMS 0x000000009d100000, 0x000000009d100000| Untracked 
| 296|0x000000009d200000, 0x000000009d200000, 0x000000009d300000|  0%| F|  |TAMS 0x000000009d200000, 0x000000009d200000| Untracked 
| 297|0x000000009d300000, 0x000000009d300000, 0x000000009d400000|  0%| F|  |TAMS 0x000000009d300000, 0x000000009d300000| Untracked 
| 298|0x000000009d400000, 0x000000009d400000, 0x000000009d500000|  0%| F|  |TAMS 0x000000009d400000, 0x000000009d400000| Untracked 
| 299|0x000000009d500000, 0x000000009d500000, 0x000000009d600000|  0%| F|  |TAMS 0x000000009d500000, 0x000000009d500000| Untracked 
| 300|0x000000009d600000, 0x000000009d600000, 0x000000009d700000|  0%| F|  |TAMS 0x000000009d600000, 0x000000009d600000| Untracked 
| 301|0x000000009d700000, 0x000000009d700000, 0x000000009d800000|  0%| F|  |TAMS 0x000000009d700000, 0x000000009d700000| Untracked 
| 302|0x000000009d800000, 0x000000009d800000, 0x000000009d900000|  0%| F|  |TAMS 0x000000009d800000, 0x000000009d800000| Untracked 
| 303|0x000000009d900000, 0x000000009d900000, 0x000000009da00000|  0%| F|  |TAMS 0x000000009d900000, 0x000000009d900000| Untracked 
| 304|0x000000009da00000, 0x000000009da1dfa0, 0x000000009db00000| 11%| S|CS|TAMS 0x000000009da00000, 0x000000009da00000| Complete 
| 305|0x000000009db00000, 0x000000009db00000, 0x000000009dc00000|  0%| F|  |TAMS 0x000000009db00000, 0x000000009db00000| Untracked 

Card table byte_map: [0x000002061d780000,0x000002061db30000] _byte_map_base: 0x000002061d32b000

Marking Bits (Prev, Next): (CMBitMap*) 0x000002060aa2f450, (CMBitMap*) 0x000002060aa2f410
 Prev Bits: [0x000002061fc40000, 0x0000020621998000)
 Next Bits: [0x000002061dee0000, 0x000002061fc38000)

Polling page: 0x0000020608970000

Metaspace:

Usage:
  Non-class:     31.67 MB used.
      Class:      4.34 MB used.
       Both:     36.02 MB used.

Virtual space:
  Non-class space:       64.00 MB reserved,      31.81 MB ( 50%) committed,  1 nodes.
      Class space:        1.00 GB reserved,       4.44 MB ( <1%) committed,  1 nodes.
             Both:        1.06 GB reserved,      36.25 MB (  3%) committed. 

Chunk freelists:
   Non-Class:  0 bytes
       Class:  11.56 MB
        Both:  11.56 MB

MaxMetaspaceSize: unlimited
CompressedClassSpaceSize: 1.00 GB
Initial GC threshold: 21.00 MB
Current GC threshold: 60.31 MB
CDS: off
MetaspaceReclaimPolicy: balanced
 - commit_granule_bytes: 65536.
 - commit_granule_words: 8192.
 - virtual_space_node_default_size: 8388608.
 - enlarge_chunks_in_place: 1.
 - new_chunks_are_fully_committed: 0.
 - uncommit_free_chunks: 1.
 - use_allocation_guard: 0.
 - handle_deallocations: 1.


Internal statistics:

num_allocs_failed_limit: 3.
num_arena_births: 288.
num_arena_deaths: 0.
num_vsnodes_births: 2.
num_vsnodes_deaths: 0.
num_space_committed: 580.
num_space_uncommitted: 0.
num_chunks_returned_to_freelist: 3.
num_chunks_taken_from_freelist: 1088.
num_chunk_merges: 3.
num_chunk_splits: 751.
num_chunks_enlarged: 567.
num_inconsistent_stats: 0.

CodeHeap 'non-profiled nmethods': size=120000Kb used=1826Kb max_used=1826Kb free=118173Kb
 bounds [0x0000020615b70000, 0x0000020615de0000, 0x000002061d0a0000]
CodeHeap 'profiled nmethods': size=120000Kb used=9292Kb max_used=9292Kb free=110707Kb
 bounds [0x000002060e0a0000, 0x000002060e9c0000, 0x00000206155d0000]
CodeHeap 'non-nmethods': size=5760Kb used=1522Kb max_used=1569Kb free=4237Kb
 bounds [0x00000206155d0000, 0x0000020615840000, 0x0000020615b70000]
 total_blobs=5577 nmethods=4675 adapters=812
 compilation: enabled
              stopped_count=0, restarted_count=0
 full_count=0

Compilation events (20 events):
Event: 28.947 Thread 0x000002062444a760 nmethod 4672 0x0000020615d38090 code [0x0000020615d38220, 0x0000020615d382f8]
Event: 28.948 Thread 0x000002062444a760 4673   !   3       sun.nio.cs.StreamEncoder::flushBuffer (42 bytes)
Event: 28.948 Thread 0x000002062444a760 nmethod 4673 0x000002060e9ae690 code [0x000002060e9ae880, 0x000002060e9aed38]
Event: 29.057 Thread 0x000002062444a760 4674  s    1       com.sun.javafx.iio.jpeg.JPEGImageLoader$Lock::isLocked (5 bytes)
Event: 29.058 Thread 0x000002062444a760 nmethod 4674 0x0000020615d38390 code [0x0000020615d38520, 0x0000020615d38698]
Event: 29.058 Thread 0x000002062444a760 4675       1       sun.net.www.http.HttpClient::getOutputStream (5 bytes)
Event: 29.058 Thread 0x000002062444a760 nmethod 4675 0x0000020615d38710 code [0x0000020615d388a0, 0x0000020615d38978]
Event: 29.058 Thread 0x000002062444a760 4676       3       java.nio.HeapByteBuffer::put (64 bytes)
Event: 29.059 Thread 0x000002062444a760 nmethod 4676 0x000002060e9aef90 code [0x000002060e9af1e0, 0x000002060e9afad8]
Event: 29.059 Thread 0x000002062444a760 4677   !   3       java.io.PrintStream::flush (35 bytes)
Event: 29.059 Thread 0x000002062444a760 nmethod 4677 0x000002060e9afe10 code [0x000002060e9affe0, 0x000002060e9b0478]
Event: 29.090 Thread 0x000002062444a760 4678       3       sun.net.www.MessageHeader::filterNTLMResponses (200 bytes)
Event: 29.090 Thread 0x000002062444a760 nmethod 4678 0x000002060e9b0710 code [0x000002060e9b09a0, 0x000002060e9b1638]
Event: 29.090 Thread 0x000002062444a760 4679       3       sun.net.www.http.HttpClient::lock (8 bytes)
Event: 29.091 Thread 0x000002062444a760 nmethod 4679 0x000002060e9b1b90 code [0x000002060e9b1d60, 0x000002060e9b20f8]
Event: 29.091 Thread 0x000002062444a760 4680       3       sun.net.www.http.HttpClient::unlock (8 bytes)
Event: 29.091 Thread 0x000002062444a760 nmethod 4680 0x000002060e9b2290 code [0x000002060e9b2460, 0x000002060e9b2818]
Event: 29.108 Thread 0x000002062444a760 4681       3       javax.crypto.Cipher::init (85 bytes)
Event: 29.109 Thread 0x000002062444a760 nmethod 4681 0x000002060e9b2990 code [0x000002060e9b2b80, 0x000002060e9b3058]
Event: 29.109 Thread 0x000002062444a760 4682       3       javax.crypto.Cipher::updateAAD (55 bytes)

GC Heap History (20 events):
Event: 26.017 GC heap after
{Heap after GC invocations=27 (full 0):
 garbage-first heap   total 131072K, used 60290K [0x000000008aa00000, 0x0000000100000000)
  region size 1024K, 2 young (2048K), 2 survivors (2048K)
 Metaspace       used 36450K, committed 36672K, reserved 1114112K
  class space    used 4427K, committed 4544K, reserved 1048576K
}
Event: 28.322 GC heap before
{Heap before GC invocations=28 (full 0):
 garbage-first heap   total 131072K, used 123778K [0x000000008aa00000, 0x0000000100000000)
  region size 1024K, 9 young (9216K), 2 survivors (2048K)
 Metaspace       used 36840K, committed 37056K, reserved 1114112K
  class space    used 4448K, committed 4544K, reserved 1048576K
}
Event: 28.324 GC heap after
{Heap after GC invocations=29 (full 0):
 garbage-first heap   total 131072K, used 120097K [0x000000008aa00000, 0x0000000100000000)
  region size 1024K, 3 young (3072K), 3 survivors (3072K)
 Metaspace       used 36840K, committed 37056K, reserved 1114112K
  class space    used 4448K, committed 4544K, reserved 1048576K
}
Event: 28.437 GC heap before
{Heap before GC invocations=29 (full 0):
 garbage-first heap   total 131072K, used 124193K [0x000000008aa00000, 0x0000000100000000)
  region size 1024K, 4 young (4096K), 3 survivors (3072K)
 Metaspace       used 36846K, committed 37056K, reserved 1114112K
  class space    used 4448K, committed 4544K, reserved 1048576K
}
Event: 28.440 GC heap after
{Heap after GC invocations=30 (full 0):
 garbage-first heap   total 131072K, used 123857K [0x000000008aa00000, 0x0000000100000000)
  region size 1024K, 1 young (1024K), 1 survivors (1024K)
 Metaspace       used 36846K, committed 37056K, reserved 1114112K
  class space    used 4448K, committed 4544K, reserved 1048576K
}
Event: 28.492 GC heap before
{Heap before GC invocations=30 (full 0):
 garbage-first heap   total 131072K, used 125905K [0x000000008aa00000, 0x0000000100000000)
  region size 1024K, 2 young (2048K), 1 survivors (1024K)
 Metaspace       used 36846K, committed 37056K, reserved 1114112K
  class space    used 4448K, committed 4544K, reserved 1048576K
}
Event: 28.493 GC heap after
{Heap after GC invocations=31 (full 0):
 garbage-first heap   total 131072K, used 125834K [0x000000008aa00000, 0x0000000100000000)
  region size 1024K, 1 young (1024K), 1 survivors (1024K)
 Metaspace       used 36846K, committed 37056K, reserved 1114112K
  class space    used 4448K, committed 4544K, reserved 1048576K
}
Event: 28.558 GC heap before
{Heap before GC invocations=32 (full 0):
 garbage-first heap   total 217088K, used 127882K [0x000000008aa00000, 0x0000000100000000)
  region size 1024K, 2 young (2048K), 1 survivors (1024K)
 Metaspace       used 36854K, committed 37056K, reserved 1114112K
  class space    used 4448K, committed 4544K, reserved 1048576K
}
Event: 28.559 GC heap after
{Heap after GC invocations=33 (full 0):
 garbage-first heap   total 217088K, used 127877K [0x000000008aa00000, 0x0000000100000000)
  region size 1024K, 1 young (1024K), 1 survivors (1024K)
 Metaspace       used 36854K, committed 37056K, reserved 1114112K
  class space    used 4448K, committed 4544K, reserved 1048576K
}
Event: 28.618 GC heap before
{Heap before GC invocations=34 (full 0):
 garbage-first heap   total 220160K, used 129925K [0x000000008aa00000, 0x0000000100000000)
  region size 1024K, 2 young (2048K), 1 survivors (1024K)
 Metaspace       used 36862K, committed 37056K, reserved 1114112K
  class space    used 4448K, committed 4544K, reserved 1048576K
}
Event: 28.622 GC heap after
{Heap after GC invocations=35 (full 0):
 garbage-first heap   total 313344K, used 129930K [0x000000008aa00000, 0x0000000100000000)
  region size 1024K, 1 young (1024K), 1 survivors (1024K)
 Metaspace       used 36862K, committed 37056K, reserved 1114112K
  class space    used 4448K, committed 4544K, reserved 1048576K
}
Event: 28.881 GC heap before
{Heap before GC invocations=35 (full 0):
 garbage-first heap   total 313344K, used 140170K [0x000000008aa00000, 0x0000000100000000)
  region size 1024K, 2 young (2048K), 1 survivors (1024K)
 Metaspace       used 36874K, committed 37056K, reserved 1114112K
  class space    used 4448K, committed 4544K, reserved 1048576K
}
Event: 28.882 GC heap after
{Heap after GC invocations=36 (full 0):
 garbage-first heap   total 313344K, used 140208K [0x000000008aa00000, 0x0000000100000000)
  region size 1024K, 1 young (1024K), 1 survivors (1024K)
 Metaspace       used 36874K, committed 37056K, reserved 1114112K
  class space    used 4448K, committed 4544K, reserved 1048576K
}
Event: 28.940 GC heap before
{Heap before GC invocations=36 (full 0):
 garbage-first heap   total 313344K, used 142256K [0x000000008aa00000, 0x0000000100000000)
  region size 1024K, 2 young (2048K), 1 survivors (1024K)
 Metaspace       used 36875K, committed 37056K, reserved 1114112K
  class space    used 4448K, committed 4544K, reserved 1048576K
}
Event: 28.942 GC heap after
{Heap after GC invocations=37 (full 0):
 garbage-first heap   total 313344K, used 142261K [0x000000008aa00000, 0x0000000100000000)
  region size 1024K, 1 young (1024K), 1 survivors (1024K)
 Metaspace       used 36875K, committed 37056K, reserved 1114112K
  class space    used 4448K, committed 4544K, reserved 1048576K
}
Event: 28.999 GC heap before
{Heap before GC invocations=38 (full 0):
 garbage-first heap   total 313344K, used 144309K [0x000000008aa00000, 0x0000000100000000)
  region size 1024K, 2 young (2048K), 1 survivors (1024K)
 Metaspace       used 36876K, committed 37120K, reserved 1114112K
  class space    used 4448K, committed 4544K, reserved 1048576K
}
Event: 29.001 GC heap after
{Heap after GC invocations=39 (full 0):
 garbage-first heap   total 313344K, used 144320K [0x000000008aa00000, 0x0000000100000000)
  region size 1024K, 1 young (1024K), 1 survivors (1024K)
 Metaspace       used 36876K, committed 37120K, reserved 1114112K
  class space    used 4448K, committed 4544K, reserved 1048576K
}
Event: 29.049 GC heap before
{Heap before GC invocations=40 (full 0):
 garbage-first heap   total 313344K, used 146368K [0x000000008aa00000, 0x0000000100000000)
  region size 1024K, 2 young (2048K), 1 survivors (1024K)
 Metaspace       used 36876K, committed 37120K, reserved 1114112K
  class space    used 4448K, committed 4544K, reserved 1048576K
}
Event: 29.052 GC heap after
{Heap after GC invocations=41 (full 0):
 garbage-first heap   total 313344K, used 146375K [0x000000008aa00000, 0x0000000100000000)
  region size 1024K, 1 young (1024K), 1 survivors (1024K)
 Metaspace       used 36876K, committed 37120K, reserved 1114112K
  class space    used 4448K, committed 4544K, reserved 1048576K
}
Event: 29.110 GC heap before
{Heap before GC invocations=42 (full 0):
 garbage-first heap   total 313344K, used 148423K [0x000000008aa00000, 0x0000000100000000)
  region size 1024K, 2 young (2048K), 1 survivors (1024K)
 Metaspace       used 36881K, committed 37120K, reserved 1114112K
  class space    used 4448K, committed 4544K, reserved 1048576K
}

Dll operation events (20 events):
Event: 0.701 Loaded shared library C:\javafx-sdk-21.0.1\bin\api-ms-win-crt-multibyte-l1-1-0.dll
Event: 0.703 Loaded shared library C:\javafx-sdk-21.0.1\bin\api-ms-win-crt-private-l1-1-0.dll
Event: 0.706 Loaded shared library C:\javafx-sdk-21.0.1\bin\api-ms-win-crt-process-l1-1-0.dll
Event: 0.709 Loaded shared library C:\javafx-sdk-21.0.1\bin\api-ms-win-crt-runtime-l1-1-0.dll
Event: 0.711 Loaded shared library C:\javafx-sdk-21.0.1\bin\api-ms-win-crt-stdio-l1-1-0.dll
Event: 0.713 Loaded shared library C:\javafx-sdk-21.0.1\bin\api-ms-win-crt-string-l1-1-0.dll
Event: 0.715 Loaded shared library C:\javafx-sdk-21.0.1\bin\api-ms-win-crt-time-l1-1-0.dll
Event: 0.717 Loaded shared library C:\javafx-sdk-21.0.1\bin\api-ms-win-crt-utility-l1-1-0.dll
Event: 0.721 Loaded shared library C:\javafx-sdk-21.0.1\bin\ucrtbase.dll
Event: 0.725 Loaded shared library C:\javafx-sdk-21.0.1\bin\vcruntime140.dll
Event: 0.727 Loaded shared library C:\javafx-sdk-21.0.1\bin\vcruntime140_1.dll
Event: 0.732 Loaded shared library C:\javafx-sdk-21.0.1\bin\msvcp140.dll
Event: 0.733 Loaded shared library C:\javafx-sdk-21.0.1\bin\msvcp140_1.dll
Event: 0.736 Loaded shared library C:\javafx-sdk-21.0.1\bin\msvcp140_2.dll
Event: 0.876 Loaded shared library C:\javafx-sdk-21.0.1\bin\prism_d3d.dll
Event: 0.995 Loaded shared library C:\javafx-sdk-21.0.1\bin\glass.dll
Event: 1.235 Loaded shared library C:\Users\Francis\Desktop\Programación\eclipse\plugins\org.eclipse.justj.openjdk.hotspot.jre.full.win32.x86_64_17.0.9.v20231028-0858\jre\bin\jimage.dll
Event: 1.564 Loaded shared library C:\javafx-sdk-21.0.1\bin\javafx_font.dll
Event: 6.325 Loaded shared library C:\Users\Francis\Desktop\Programación\eclipse\plugins\org.eclipse.justj.openjdk.hotspot.jre.full.win32.x86_64_17.0.9.v20231028-0858\jre\bin\sunmscapi.dll
Event: 7.472 Loaded shared library C:\javafx-sdk-21.0.1\bin\javafx_iio.dll

Deoptimization events (20 events):
Event: 26.002 Thread 0x000002062a097e30 Uncommon trap: trap_request=0xffffff45 fr.pc=0x0000020615bd59e8 relative=0x00000000000006c8
Event: 26.002 Thread 0x000002062a097e30 Uncommon trap: reason=unstable_if action=reinterpret pc=0x0000020615bd59e8 method=com.sun.javafx.image.impl.ByteBgra$ToByteBgraPreConv.doConvert([BII[BIIII)V @ 31 c2
Event: 26.002 Thread 0x000002062a097e30 DEOPT PACKING pc=0x0000020615bd59e8 sp=0x000000746dcfcaf0
Event: 26.002 Thread 0x000002062a097e30 DEOPT UNPACKING pc=0x00000206156269a3 sp=0x000000746dcfca68 mode 2
Event: 26.002 Thread 0x000002062a097e30 DEOPT PACKING pc=0x000002060e28b71b sp=0x000000746dcfcb20
Event: 26.002 Thread 0x000002062a097e30 DEOPT UNPACKING pc=0x0000020615627143 sp=0x000000746dcfbf68 mode 0
Event: 26.120 Thread 0x000002062a097e30 DEOPT PACKING pc=0x000002060e61a26e sp=0x000000746dcfb090
Event: 26.120 Thread 0x000002062a097e30 DEOPT UNPACKING pc=0x0000020615627143 sp=0x000000746dcfa4e8 mode 0
Event: 26.151 Thread 0x000002062a097e30 DEOPT PACKING pc=0x000002060e61a26e sp=0x000000746dcfb320
Event: 26.151 Thread 0x000002062a097e30 DEOPT UNPACKING pc=0x0000020615627143 sp=0x000000746dcfa778 mode 0
Event: 26.151 Thread 0x000002062a097e30 DEOPT PACKING pc=0x000002060e61a26e sp=0x000000746dcfb110
Event: 26.151 Thread 0x000002062a097e30 DEOPT UNPACKING pc=0x0000020615627143 sp=0x000000746dcfa568 mode 0
Event: 26.239 Thread 0x000002062a097e30 Uncommon trap: trap_request=0xffffff45 fr.pc=0x0000020615cd18fc relative=0x00000000000000dc
Event: 26.239 Thread 0x000002062a097e30 Uncommon trap: reason=unstable_if action=reinterpret pc=0x0000020615cd18fc method=java.lang.ThreadLocal$ThreadLocalMap.getEntry(Ljava/lang/ThreadLocal;)Ljava/lang/ThreadLocal$ThreadLocalMap$Entry; @ 29 c2
Event: 26.239 Thread 0x000002062a097e30 DEOPT PACKING pc=0x0000020615cd18fc sp=0x000000746dcfc340
Event: 26.239 Thread 0x000002062a097e30 DEOPT UNPACKING pc=0x00000206156269a3 sp=0x000000746dcfc258 mode 2
Event: 26.239 Thread 0x000002062a097e30 Uncommon trap: trap_request=0xffffff45 fr.pc=0x0000020615cd1d58 relative=0x00000000000000b8
Event: 26.239 Thread 0x000002062a097e30 Uncommon trap: reason=unstable_if action=reinterpret pc=0x0000020615cd1d58 method=java.lang.ThreadLocal$ThreadLocalMap.getEntry(Ljava/lang/ThreadLocal;)Ljava/lang/ThreadLocal$ThreadLocalMap$Entry; @ 29 c2
Event: 26.239 Thread 0x000002062a097e30 DEOPT PACKING pc=0x0000020615cd1d58 sp=0x000000746dcfbfc0
Event: 26.239 Thread 0x000002062a097e30 DEOPT UNPACKING pc=0x00000206156269a3 sp=0x000000746dcfbf60 mode 2

Classes unloaded (0 events):
No events

Classes redefined (0 events):
No events

Internal exceptions (20 events):
Event: 3.017 Thread 0x000002062a097e30 Exception <a 'java/lang/NoSuchMethodError'{0x000000008be183d0}: 'long java.lang.invoke.DirectMethodHandle$Holder.invokeStatic(java.lang.Object, java.lang.Object, java.lang.Object)'> (0x000000008be183d0) 
thrown [s\src\hotspot\share\interpreter\linkResolver.cpp, line 759]
Event: 3.018 Thread 0x000002062a097e30 Exception <a 'java/lang/NoSuchMethodError'{0x000000008be1bb78}: 'long java.lang.invoke.DirectMethodHandle$Holder.invokeStaticInit(java.lang.Object, java.lang.Object, java.lang.Object)'> (0x000000008be1bb78) 
thrown [s\src\hotspot\share\interpreter\linkResolver.cpp, line 759]
Event: 3.022 Thread 0x000002062a097e30 Exception <a 'java/lang/NoSuchMethodError'{0x000000008be33778}: 'java.lang.Object java.lang.invoke.DirectMethodHandle$Holder.newInvokeSpecial(java.lang.Object, java.lang.Object, long)'> (0x000000008be33778) 
thrown [s\src\hotspot\share\interpreter\linkResolver.cpp, line 759]
Event: 3.022 Thread 0x000002062a097e30 Exception <a 'java/lang/NoSuchMethodError'{0x000000008be372e8}: 'java.lang.Object java.lang.invoke.Invokers$Holder.linkToTargetMethod(java.lang.Object, long, java.lang.Object)'> (0x000000008be372e8) 
thrown [s\src\hotspot\share\interpreter\linkResolver.cpp, line 759]
Event: 6.096 Thread 0x000002062a097e30 Exception <a 'java/lang/NoSuchMethodError'{0x0000000091fbcde0}: 'java.lang.Object java.lang.invoke.DirectMethodHandle$Holder.newInvokeSpecial(java.lang.Object, java.lang.Object, int, int, int, int, int, java.lang.Object)'> (0x0000000091fbcde0) 
thrown [s\src\hotspot\share\interpreter\linkResolver.cpp, line 759]
Event: 6.098 Thread 0x000002062a097e30 Exception <a 'java/lang/NoSuchMethodError'{0x0000000091fd0018}: 'java.lang.Object java.lang.invoke.DirectMethodHandle$Holder.newInvokeSpecial(java.lang.Object, java.lang.Object, java.lang.Object, int, int, int, int, int)'> (0x0000000091fd0018) 
thrown [s\src\hotspot\share\interpreter\linkResolver.cpp, line 759]
Event: 6.100 Thread 0x000002062a097e30 Exception <a 'java/lang/NoSuchMethodError'{0x0000000091fd7878}: 'java.lang.Object java.lang.invoke.Invokers$Holder.linkToTargetMethod(java.lang.Object, java.lang.Object, int, int, int, int, int, java.lang.Object)'> (0x0000000091fd7878) 
thrown [s\src\hotspot\share\interpreter\linkResolver.cpp, line 759]
Event: 6.459 Thread 0x000002062a097e30 Exception <a 'sun/nio/fs/WindowsException'{0x000000009008be70}> (0x000000009008be70) 
thrown [s\src\hotspot\share\prims\jni.cpp, line 516]
Event: 6.476 Thread 0x000002062a097e30 Exception <a 'java/lang/NoSuchMethodError'{0x00000000900b0758}: 'int java.lang.invoke.DirectMethodHandle$Holder.invokeStaticInit(java.lang.Object, java.lang.Object, java.lang.Object, java.lang.Object)'> (0x00000000900b0758) 
thrown [s\src\hotspot\share\interpreter\linkResolver.cpp, line 759]
Event: 6.478 Thread 0x000002062a097e30 Exception <a 'java/lang/NoSuchMethodError'{0x00000000900ba420}: 'java.lang.Object java.lang.invoke.DirectMethodHandle$Holder.invokeInterface(java.lang.Object, java.lang.Object)'> (0x00000000900ba420) 
thrown [s\src\hotspot\share\interpreter\linkResolver.cpp, line 759]
Event: 6.479 Thread 0x000002062a097e30 Exception <a 'java/lang/IncompatibleClassChangeError'{0x00000000900be168}: Found class java.lang.Object, but interface was expected> (0x00000000900be168) 
thrown [s\src\hotspot\share\interpreter\linkResolver.cpp, line 826]
Event: 6.534 Thread 0x000002062a097e30 Exception <a 'java/lang/NoSuchMethodError'{0x000000008ff92ed0}: 'java.lang.Object java.lang.invoke.DirectMethodHandle$Holder.invokeStaticInit(java.lang.Object, int, int, int, int)'> (0x000000008ff92ed0) 
thrown [s\src\hotspot\share\interpreter\linkResolver.cpp, line 759]
Event: 6.607 Thread 0x000002062a097e30 Exception <a 'java/lang/NoSuchMethodError'{0x000000008fe3e278}: 'java.lang.Object java.lang.invoke.DirectMethodHandle$Holder.invokeStaticInit(java.lang.Object, java.lang.Object, int, int, int, int)'> (0x000000008fe3e278) 
thrown [s\src\hotspot\share\interpreter\linkResolver.cpp, line 759]
Event: 6.955 Thread 0x000002062a097e30 Implicit null exception at 0x0000020615c7140c to 0x0000020615c715cd
Event: 7.528 Thread 0x000002062a097e30 Exception <a 'java/lang/NoSuchMethodError'{0x000000008c9654b8}: 'java.lang.Object java.lang.invoke.DirectMethodHandle$Holder.newInvokeSpecial(java.lang.Object, java.lang.Object, java.lang.Object, int)'> (0x000000008c9654b8) 
thrown [s\src\hotspot\share\interpreter\linkResolver.cpp, line 759]
Event: 7.528 Thread 0x000002062a097e30 Exception <a 'java/lang/NoSuchMethodError'{0x000000008c969b40}: 'java.lang.Object java.lang.invoke.DirectMethodHandle$Holder.invokeSpecial(java.lang.Object, java.lang.Object, java.lang.Object, java.lang.Object, int)'> (0x000000008c969b40) 
thrown [s\src\hotspot\share\interpreter\linkResolver.cpp, line 759]
Event: 7.529 Thread 0x000002062a097e30 Exception <a 'java/lang/NoSuchMethodError'{0x000000008c96d9b0}: 'java.lang.Object java.lang.invoke.Invokers$Holder.linkToTargetMethod(java.lang.Object, java.lang.Object, int, java.lang.Object)'> (0x000000008c96d9b0) 
thrown [s\src\hotspot\share\interpreter\linkResolver.cpp, line 759]
Event: 8.824 Thread 0x000002062981cc40 Exception <a 'java/lang/NoSuchMethodError'{0x00000000929c42d8}: 'java.lang.Object java.lang.invoke.DirectMethodHandle$Holder.invokeStaticInit(java.lang.Object, int)'> (0x00000000929c42d8) 
thrown [s\src\hotspot\share\interpreter\linkResolver.cpp, line 759]
Event: 10.455 Thread 0x000002062a097e30 Exception <a 'java/lang/NoSuchMethodError'{0x0000000092815920}: 'java.lang.Object java.lang.invoke.DirectMethodHandle$Holder.newInvokeSpecial(java.lang.Object, java.lang.Object, java.lang.Object, double, double, double, double, int, int, int, int, int, int, int, int, int)'> (0x0000000092815920) 
thrown [s\src\hotspot\share\interpreter\linkResolver.cpp, line 759]
Event: 26.042 Thread 0x000002062a097e30 Exception <a 'java/io/FileNotFoundException'{0x000000009290dd00}> (0x000000009290dd00) 
thrown [s\src\hotspot\share\prims\jni.cpp, line 516]

VM Operations (20 events):
Event: 28.882 Executing VM operation: G1TryInitiateConcMark done
Event: 28.940 Executing VM operation: G1TryInitiateConcMark
Event: 28.942 Executing VM operation: G1TryInitiateConcMark done
Event: 28.958 Executing VM operation: G1PauseRemark
Event: 28.960 Executing VM operation: G1PauseRemark done
Event: 28.964 Executing VM operation: G1PauseCleanup
Event: 28.965 Executing VM operation: G1PauseCleanup done
Event: 28.999 Executing VM operation: G1TryInitiateConcMark
Event: 29.001 Executing VM operation: G1TryInitiateConcMark done
Event: 29.016 Executing VM operation: G1PauseRemark
Event: 29.021 Executing VM operation: G1PauseRemark done
Event: 29.026 Executing VM operation: G1PauseCleanup
Event: 29.027 Executing VM operation: G1PauseCleanup done
Event: 29.048 Executing VM operation: G1TryInitiateConcMark
Event: 29.053 Executing VM operation: G1TryInitiateConcMark done
Event: 29.065 Executing VM operation: G1PauseRemark
Event: 29.067 Executing VM operation: G1PauseRemark done
Event: 29.071 Executing VM operation: G1PauseCleanup
Event: 29.072 Executing VM operation: G1PauseCleanup done
Event: 29.110 Executing VM operation: G1TryInitiateConcMark

Events (20 events):
Event: 26.582 loading class sun/security/ssl/PreSharedKeyExtension$PskIdentity
Event: 26.582 loading class sun/security/ssl/PreSharedKeyExtension$PskIdentity done
Event: 26.583 loading class sun/security/ssl/PreSharedKeyExtension$CHPreSharedKeySpec
Event: 26.584 loading class sun/security/ssl/PreSharedKeyExtension$CHPreSharedKeySpec done
Event: 26.584 loading class sun/security/ssl/PreSharedKeyExtension$PartialClientHelloMessage
Event: 26.584 loading class sun/security/ssl/PreSharedKeyExtension$PartialClientHelloMessage done
Event: 26.584 loading class sun/security/ssl/SSLEngineOutputRecord
Event: 26.584 loading class sun/security/ssl/SSLEngineOutputRecord done
Event: 26.585 loading class sun/security/ssl/SSLEngineOutputRecord$HandshakeFragment
Event: 26.585 loading class sun/security/ssl/SSLEngineOutputRecord$HandshakeFragment done
Event: 26.585 loading class sun/security/ssl/SSLEngineOutputRecord$HandshakeMemo
Event: 26.585 loading class sun/security/ssl/SSLEngineOutputRecord$RecordMemo
Event: 26.585 loading class sun/security/ssl/SSLEngineOutputRecord$RecordMemo done
Event: 26.585 loading class sun/security/ssl/SSLEngineOutputRecord$HandshakeMemo done
Event: 26.624 loading class sun/security/ssl/PreSharedKeyExtension$SHPreSharedKeySpec
Event: 26.624 loading class sun/security/ssl/PreSharedKeyExtension$SHPreSharedKeySpec done
Event: 26.629 Thread 0x000002062a6a0700 Thread added: 0x000002062a6a0700
Event: 26.630 Thread 0x000002062a6a0700 Thread exited: 0x000002062a6a0700
Event: 26.736 Thread 0x00000206329a1a00 Thread exited: 0x00000206329a1a00
Event: 26.737 Thread 0x000002062a6a1120 Thread added: 0x000002062a6a1120


Dynamic libraries:
0x00007ff7c3420000 - 0x00007ff7c342e000 	C:\Users\Francis\Desktop\Programación\eclipse\plugins\org.eclipse.justj.openjdk.hotspot.jre.full.win32.x86_64_17.0.9.v20231028-0858\jre\bin\javaw.exe
0x00007fff70d70000 - 0x00007fff70f68000 	C:\Windows\SYSTEM32\ntdll.dll
0x00007fff6ee40000 - 0x00007fff6eefd000 	C:\Windows\System32\KERNEL32.DLL
0x00007fff6e720000 - 0x00007fff6ea16000 	C:\Windows\System32\KERNELBASE.dll
0x00007fff6ea50000 - 0x00007fff6eb50000 	C:\Windows\System32\ucrtbase.dll
0x00007fff6b0f0000 - 0x00007fff6b10b000 	C:\Users\Francis\Desktop\Programación\eclipse\plugins\org.eclipse.justj.openjdk.hotspot.jre.full.win32.x86_64_17.0.9.v20231028-0858\jre\bin\VCRUNTIME140.dll
0x00007fff69640000 - 0x00007fff69657000 	C:\Users\Francis\Desktop\Programación\eclipse\plugins\org.eclipse.justj.openjdk.hotspot.jre.full.win32.x86_64_17.0.9.v20231028-0858\jre\bin\jli.dll
0x00007fff70220000 - 0x00007fff703be000 	C:\Windows\System32\USER32.dll
0x00007fff48e30000 - 0x00007fff490ca000 	C:\Windows\WinSxS\amd64_microsoft.windows.common-controls_6595b64144ccf1df_6.0.19041.3636_none_60b6a03d71f818d5\COMCTL32.dll
0x00007fff70b70000 - 0x00007fff70c0e000 	C:\Windows\System32\msvcrt.dll
0x00007fff6f4f0000 - 0x00007fff6f51c000 	C:\Windows\System32\GDI32.dll
0x00007fff6ea20000 - 0x00007fff6ea42000 	C:\Windows\System32\win32u.dll
0x00007fff6ebf0000 - 0x00007fff6ed0a000 	C:\Windows\System32\gdi32full.dll
0x00007fff6eb50000 - 0x00007fff6ebed000 	C:\Windows\System32\msvcp_win.dll
0x00007fff6f390000 - 0x00007fff6f3c0000 	C:\Windows\System32\IMM32.DLL
0x00007fff6b0e0000 - 0x00007fff6b0ec000 	C:\Users\Francis\Desktop\Programación\eclipse\plugins\org.eclipse.justj.openjdk.hotspot.jre.full.win32.x86_64_17.0.9.v20231028-0858\jre\bin\vcruntime140_1.dll
0x00007fff3ba30000 - 0x00007fff3babd000 	C:\Users\Francis\Desktop\Programación\eclipse\plugins\org.eclipse.justj.openjdk.hotspot.jre.full.win32.x86_64_17.0.9.v20231028-0858\jre\bin\msvcp140.dll
0x00007fff15f10000 - 0x00007fff16b71000 	C:\Users\Francis\Desktop\Programación\eclipse\plugins\org.eclipse.justj.openjdk.hotspot.jre.full.win32.x86_64_17.0.9.v20231028-0858\jre\bin\server\jvm.dll
0x00007fff6f420000 - 0x00007fff6f4d3000 	C:\Windows\System32\ADVAPI32.dll
0x00007fff6f810000 - 0x00007fff6f8af000 	C:\Windows\System32\sechost.dll
0x00007fff70a40000 - 0x00007fff70b66000 	C:\Windows\System32\RPCRT4.dll
0x00007fff6e440000 - 0x00007fff6e467000 	C:\Windows\System32\bcrypt.dll
0x00007fff6d990000 - 0x00007fff6d9db000 	C:\Windows\SYSTEM32\POWRPROF.dll
0x00007fff4f990000 - 0x00007fff4f999000 	C:\Windows\SYSTEM32\WSOCK32.dll
0x00007fff70c10000 - 0x00007fff70c7b000 	C:\Windows\System32\WS2_32.dll
0x00007fff64d80000 - 0x00007fff64da7000 	C:\Windows\SYSTEM32\WINMM.dll
0x00007fff64d70000 - 0x00007fff64d7a000 	C:\Windows\SYSTEM32\VERSION.dll
0x00007fff6d850000 - 0x00007fff6d862000 	C:\Windows\SYSTEM32\UMPDC.dll
0x00007fff6c2d0000 - 0x00007fff6c2e2000 	C:\Windows\SYSTEM32\kernel.appcore.dll
0x00007fff69ef0000 - 0x00007fff69efa000 	C:\Users\Francis\Desktop\Programación\eclipse\plugins\org.eclipse.justj.openjdk.hotspot.jre.full.win32.x86_64_17.0.9.v20231028-0858\jre\bin\jimage.dll
0x00007fff58100000 - 0x00007fff582e4000 	C:\Windows\SYSTEM32\DBGHELP.DLL
0x00007fff580c0000 - 0x00007fff580f4000 	C:\Windows\SYSTEM32\dbgcore.DLL
0x00007fff6e690000 - 0x00007fff6e712000 	C:\Windows\System32\bcryptPrimitives.dll
0x00007fff67580000 - 0x00007fff675a5000 	C:\Users\Francis\Desktop\Programación\eclipse\plugins\org.eclipse.justj.openjdk.hotspot.jre.full.win32.x86_64_17.0.9.v20231028-0858\jre\bin\java.dll
0x00007fff5c790000 - 0x00007fff5c7a8000 	C:\Users\Francis\Desktop\Programación\eclipse\plugins\org.eclipse.justj.openjdk.hotspot.jre.full.win32.x86_64_17.0.9.v20231028-0858\jre\bin\zip.dll
0x00007fff6f9d0000 - 0x00007fff70115000 	C:\Windows\System32\SHELL32.dll
0x00007fff6c4f0000 - 0x00007fff6cc8b000 	C:\Windows\SYSTEM32\windows.storage.dll
0x00007fff6f030000 - 0x00007fff6f384000 	C:\Windows\System32\combase.dll
0x00007fff6de70000 - 0x00007fff6de9d000 	C:\Windows\SYSTEM32\Wldp.dll
0x00007fff6f5b0000 - 0x00007fff6f65d000 	C:\Windows\System32\SHCORE.dll
0x00007fff6f550000 - 0x00007fff6f5a5000 	C:\Windows\System32\shlwapi.dll
0x00007fff6e370000 - 0x00007fff6e395000 	C:\Windows\SYSTEM32\profapi.dll
0x00007fff5c3b0000 - 0x00007fff5c3c9000 	C:\Users\Francis\Desktop\Programación\eclipse\plugins\org.eclipse.justj.openjdk.hotspot.jre.full.win32.x86_64_17.0.9.v20231028-0858\jre\bin\net.dll
0x00007fff683f0000 - 0x00007fff684fa000 	C:\Windows\SYSTEM32\WINHTTP.dll
0x00007fff6dbd0000 - 0x00007fff6dc3a000 	C:\Windows\system32\mswsock.dll
0x00007fff5c210000 - 0x00007fff5c226000 	C:\Users\Francis\Desktop\Programación\eclipse\plugins\org.eclipse.justj.openjdk.hotspot.jre.full.win32.x86_64_17.0.9.v20231028-0858\jre\bin\nio.dll
0x000002060a960000 - 0x000002060a963000 	C:\javafx-sdk-21.0.1\bin\api-ms-win-core-console-l1-1-0.dll
0x000002060a970000 - 0x000002060a973000 	C:\javafx-sdk-21.0.1\bin\api-ms-win-core-console-l1-2-0.dll
0x000002060a980000 - 0x000002060a983000 	C:\javafx-sdk-21.0.1\bin\api-ms-win-core-datetime-l1-1-0.dll
0x0000020624940000 - 0x0000020624943000 	C:\javafx-sdk-21.0.1\bin\api-ms-win-core-debug-l1-1-0.dll
0x0000020624950000 - 0x0000020624953000 	C:\javafx-sdk-21.0.1\bin\api-ms-win-core-errorhandling-l1-1-0.dll
0x0000020624960000 - 0x0000020624964000 	C:\javafx-sdk-21.0.1\bin\api-ms-win-core-file-l1-1-0.dll
0x0000020624970000 - 0x0000020624973000 	C:\javafx-sdk-21.0.1\bin\api-ms-win-core-file-l1-2-0.dll
0x0000020624980000 - 0x0000020624983000 	C:\javafx-sdk-21.0.1\bin\api-ms-win-core-file-l2-1-0.dll
0x0000020624990000 - 0x0000020624993000 	C:\javafx-sdk-21.0.1\bin\api-ms-win-core-handle-l1-1-0.dll
0x00000206249a0000 - 0x00000206249a3000 	C:\javafx-sdk-21.0.1\bin\api-ms-win-core-heap-l1-1-0.dll
0x00000206249b0000 - 0x00000206249b3000 	C:\javafx-sdk-21.0.1\bin\api-ms-win-core-interlocked-l1-1-0.dll
0x00000206249c0000 - 0x00000206249c3000 	C:\javafx-sdk-21.0.1\bin\api-ms-win-core-libraryloader-l1-1-0.dll
0x0000020624af0000 - 0x0000020624af3000 	C:\javafx-sdk-21.0.1\bin\api-ms-win-core-localization-l1-2-0.dll
0x0000020624b00000 - 0x0000020624b03000 	C:\javafx-sdk-21.0.1\bin\api-ms-win-core-memory-l1-1-0.dll
0x00000206249d0000 - 0x00000206249d3000 	C:\javafx-sdk-21.0.1\bin\api-ms-win-core-namedpipe-l1-1-0.dll
0x00000206249e0000 - 0x00000206249e3000 	C:\javafx-sdk-21.0.1\bin\api-ms-win-core-processenvironment-l1-1-0.dll
0x00000206249f0000 - 0x00000206249f3000 	C:\javafx-sdk-21.0.1\bin\api-ms-win-core-processthreads-l1-1-0.dll
0x0000020624a00000 - 0x0000020624a03000 	C:\javafx-sdk-21.0.1\bin\api-ms-win-core-processthreads-l1-1-1.dll
0x0000020624a10000 - 0x0000020624a13000 	C:\javafx-sdk-21.0.1\bin\api-ms-win-core-profile-l1-1-0.dll
0x0000020624a20000 - 0x0000020624a23000 	C:\javafx-sdk-21.0.1\bin\api-ms-win-core-rtlsupport-l1-1-0.dll
0x0000020624a30000 - 0x0000020624a33000 	C:\javafx-sdk-21.0.1\bin\api-ms-win-core-string-l1-1-0.dll
0x0000020624a40000 - 0x0000020624a43000 	C:\javafx-sdk-21.0.1\bin\api-ms-win-core-synch-l1-1-0.dll
0x0000020624a50000 - 0x0000020624a53000 	C:\javafx-sdk-21.0.1\bin\api-ms-win-core-synch-l1-2-0.dll
0x0000020624a60000 - 0x0000020624a63000 	C:\javafx-sdk-21.0.1\bin\api-ms-win-core-sysinfo-l1-1-0.dll
0x0000020624a70000 - 0x0000020624a73000 	C:\javafx-sdk-21.0.1\bin\api-ms-win-core-timezone-l1-1-0.dll
0x0000020624a80000 - 0x0000020624a83000 	C:\javafx-sdk-21.0.1\bin\api-ms-win-core-util-l1-1-0.dll
0x0000020624a90000 - 0x0000020624a93000 	C:\javafx-sdk-21.0.1\bin\api-ms-win-crt-conio-l1-1-0.dll
0x0000020624aa0000 - 0x0000020624aa4000 	C:\javafx-sdk-21.0.1\bin\api-ms-win-crt-convert-l1-1-0.dll
0x0000020624ab0000 - 0x0000020624ab3000 	C:\javafx-sdk-21.0.1\bin\api-ms-win-crt-environment-l1-1-0.dll
0x0000020624ac0000 - 0x0000020624ac3000 	C:\javafx-sdk-21.0.1\bin\api-ms-win-crt-filesystem-l1-1-0.dll
0x0000020624ad0000 - 0x0000020624ad3000 	C:\javafx-sdk-21.0.1\bin\api-ms-win-crt-heap-l1-1-0.dll
0x0000020624ae0000 - 0x0000020624ae3000 	C:\javafx-sdk-21.0.1\bin\api-ms-win-crt-locale-l1-1-0.dll
0x0000020624c40000 - 0x0000020624c45000 	C:\javafx-sdk-21.0.1\bin\api-ms-win-crt-math-l1-1-0.dll
0x0000020624c50000 - 0x0000020624c55000 	C:\javafx-sdk-21.0.1\bin\api-ms-win-crt-multibyte-l1-1-0.dll
0x0000020624b10000 - 0x0000020624b20000 	C:\javafx-sdk-21.0.1\bin\api-ms-win-crt-private-l1-1-0.dll
0x0000020624b20000 - 0x0000020624b23000 	C:\javafx-sdk-21.0.1\bin\api-ms-win-crt-process-l1-1-0.dll
0x0000020624b30000 - 0x0000020624b34000 	C:\javafx-sdk-21.0.1\bin\api-ms-win-crt-runtime-l1-1-0.dll
0x0000020624b40000 - 0x0000020624b44000 	C:\javafx-sdk-21.0.1\bin\api-ms-win-crt-stdio-l1-1-0.dll
0x0000020624b50000 - 0x0000020624b54000 	C:\javafx-sdk-21.0.1\bin\api-ms-win-crt-string-l1-1-0.dll
0x0000020624b60000 - 0x0000020624b63000 	C:\javafx-sdk-21.0.1\bin\api-ms-win-crt-time-l1-1-0.dll
0x0000020624b70000 - 0x0000020624b73000 	C:\javafx-sdk-21.0.1\bin\api-ms-win-crt-utility-l1-1-0.dll
0x00007fff38f30000 - 0x00007fff3902c000 	C:\javafx-sdk-21.0.1\bin\ucrtbase.dll
0x00007fff65ab0000 - 0x00007fff65acb000 	C:\javafx-sdk-21.0.1\bin\vcruntime140.dll
0x00007fff6b0d0000 - 0x00007fff6b0dc000 	C:\javafx-sdk-21.0.1\bin\vcruntime140_1.dll
0x00007fff3a1d0000 - 0x00007fff3a25e000 	C:\javafx-sdk-21.0.1\bin\msvcp140.dll
0x00007fff6ef00000 - 0x00007fff6f02b000 	C:\Windows\System32\ole32.dll
0x00007fff6b080000 - 0x00007fff6b089000 	C:\javafx-sdk-21.0.1\bin\msvcp140_1.dll
0x00007fff5c130000 - 0x00007fff5c15f000 	C:\javafx-sdk-21.0.1\bin\msvcp140_2.dll
0x00007fff59c30000 - 0x00007fff59c5f000 	C:\javafx-sdk-21.0.1\bin\prism_d3d.dll
0x00007fff0df00000 - 0x00007fff0e0cd000 	C:\Windows\system32\d3d9.dll
0x00007fff6bee0000 - 0x00007fff6bf0f000 	C:\Windows\SYSTEM32\dwmapi.dll
0x00007fff6bdb0000 - 0x00007fff6be4e000 	C:\Windows\system32\uxtheme.dll
0x00007fff64db0000 - 0x00007fff64f8b000 	C:\Windows\System32\DriverStore\FileRepository\u0362704.inf_amd64_33b6075a9771ec79\B362688\aticfx64.dll
0x00007fff0dec0000 - 0x00007fff0def3000 	C:\Windows\System32\DriverStore\FileRepository\u0362704.inf_amd64_33b6075a9771ec79\B362688\atiu9p64.dll
0x00007fff0d1b0000 - 0x00007fff0debc000 	C:\Windows\System32\DriverStore\FileRepository\u0362704.inf_amd64_33b6075a9771ec79\B362688\atiumd64.dll
0x000000005c500000 - 0x000000005d3be000 	C:\Windows\System32\DriverStore\FileRepository\u0362704.inf_amd64_33b6075a9771ec79\B362688\atiumd6a.dll
0x00007fff62400000 - 0x00007fff6242f000 	C:\Windows\SYSTEM32\amdihk64.dll
0x00007fff59ab0000 - 0x00007fff59af2000 	C:\javafx-sdk-21.0.1\bin\glass.dll
0x00007fff703c0000 - 0x00007fff7049a000 	C:\Windows\System32\COMDLG32.dll
0x00007fff70910000 - 0x00007fff709dd000 	C:\Windows\System32\OLEAUT32.dll
0x00007fff6f8b0000 - 0x00007fff6f9c4000 	C:\Windows\System32\MSCTF.dll
0x00007fff650a0000 - 0x00007fff650db000 	C:\Windows\SYSTEM32\dxcore.dll
0x00007fff6e5d0000 - 0x00007fff6e61e000 	C:\Windows\System32\cfgmgr32.dll
0x00007fff5c1d0000 - 0x00007fff5c1e4000 	C:\javafx-sdk-21.0.1\bin\javafx_font.dll
0x00007fff3e5d0000 - 0x00007fff3e84f000 	C:\Windows\SYSTEM32\dwrite.dll
0x00007fff70c80000 - 0x00007fff70d29000 	C:\Windows\System32\clbcatq.dll
0x00007fff68cf0000 - 0x00007fff68ea4000 	C:\Windows\SYSTEM32\WindowsCodecs.dll
0x00007fff3bac0000 - 0x00007fff3bafe000 	C:\Windows\system32\dataexchange.dll
0x00007fff6b110000 - 0x00007fff6b2f3000 	C:\Windows\system32\dcomp.dll
0x00007fff6a3a0000 - 0x00007fff6a603000 	C:\Windows\system32\d3d11.dll
0x00007fff6ccf0000 - 0x00007fff6cde3000 	C:\Windows\system32\dxgi.dll
0x00007fff68850000 - 0x00007fff68a53000 	C:\Windows\system32\twinapi.appcore.dll
0x00007fff65b40000 - 0x00007fff65b74000 	C:\Program Files\Common Files\Microsoft Shared\Ink\rtscom.dll
0x00007fff4b930000 - 0x00007fff4ba29000 	C:\Windows\SYSTEM32\textinputframework.dll
0x00007fff6b300000 - 0x00007fff6b65b000 	C:\Windows\System32\CoreUIComponents.dll
0x00007fff6b9e0000 - 0x00007fff6bad2000 	C:\Windows\System32\CoreMessaging.dll
0x00007fff6d5b0000 - 0x00007fff6d5e3000 	C:\Windows\SYSTEM32\ntmarta.dll
0x00007fff6a240000 - 0x00007fff6a395000 	C:\Windows\SYSTEM32\wintypes.dll
0x00007fff674d0000 - 0x00007fff674de000 	C:\Users\Francis\Desktop\Programación\eclipse\plugins\org.eclipse.justj.openjdk.hotspot.jre.full.win32.x86_64_17.0.9.v20231028-0858\jre\bin\sunmscapi.dll
0x00007fff6e470000 - 0x00007fff6e5cd000 	C:\Windows\System32\CRYPT32.dll
0x00007fff6dee0000 - 0x00007fff6df08000 	C:\Windows\SYSTEM32\ncrypt.dll
0x00007fff6dea0000 - 0x00007fff6dedb000 	C:\Windows\SYSTEM32\NTASN1.dll

dbghelp: loaded successfully - version: 4.0.5 - missing functions: none
symbol engine: initialized successfully - sym options: 0x614 - pdb path: .;C:\Users\Francis\Desktop\Programación\eclipse\plugins\org.eclipse.justj.openjdk.hotspot.jre.full.win32.x86_64_17.0.9.v20231028-0858\jre\bin;C:\Windows\SYSTEM32;C:\Windows\WinSxS\amd64_microsoft.windows.common-controls_6595b64144ccf1df_6.0.19041.3636_none_60b6a03d71f818d5;C:\Users\Francis\Desktop\Programación\eclipse\plugins\org.eclipse.justj.openjdk.hotspot.jre.full.win32.x86_64_17.0.9.v20231028-0858\jre\bin\server;C:\javafx-sdk-21.0.1\bin;C:\Windows\System32\DriverStore\FileRepository\u0362704.inf_amd64_33b6075a9771ec79\B362688;C:\Program Files\Common Files\Microsoft Shared\Ink

VM Arguments:
jvm_args: --module-path=C:\javafx-sdk-21.0.1\lib --add-modules=javafx.controls,javafx.fxml -Dfile.encoding=UTF-8 -XX:+ShowCodeDetailsInExceptionMessages 
java_command: application.Main
java_class_path (initial): C:\Users\Francis\Desktop\Programación\workSpaceDI\InfoPeli\target\classes;C:\Users\Francis\.m2\repository\com\squareup\okhttp3\okhttp\4.9.1\okhttp-4.9.1.jar;C:\Users\Francis\.m2\repository\com\squareup\okio\okio\2.8.0\okio-2.8.0.jar;C:\Users\Francis\.m2\repository\org\jetbrains\kotlin\kotlin-stdlib-common\1.4.0\kotlin-stdlib-common-1.4.0.jar;C:\Users\Francis\.m2\repository\org\jetbrains\kotlin\kotlin-stdlib\1.4.10\kotlin-stdlib-1.4.10.jar;C:\Users\Francis\.m2\repository\org\jetbrains\annotations\13.0\annotations-13.0.jar;C:\Users\Francis\.m2\repository\com\google\code\gson\gson\2.8.0\gson-2.8.0.jar;C:\Users\Francis\.m2\repository\org\apache\httpcomponents\httpclient\4.5.13\httpclient-4.5.13.jar;C:\Users\Francis\.m2\repository\org\apache\httpcomponents\httpcore\4.4.13\httpcore-4.4.13.jar;C:\Users\Francis\.m2\repository\commons-logging\commons-logging\1.2\commons-logging-1.2.jar;C:\Users\Francis\.m2\repository\commons-codec\commons-codec\1.11\commons-codec-1.11.jar;C:\Users\Francis\.m2\repository\org\openjfx\javafx-controls\21-ea+5\javafx-controls-21-ea+5.jar;C:\Users\Francis\.m2\repository\org\openjfx\javafx-controls\21-ea+5\javafx-controls-21-ea+5-win.jar;C:\Users\Francis\.m2\repository\org\openjfx\javafx-graphics\21-ea+5\javafx-graphics-21-ea+5.jar;C:\Users\Francis\.m2\repository\org\openjfx\javafx-graphics\21-ea+5\javafx-graphics-21-ea+5-win.jar;C:\Users\Francis\.m2\repository\org\openjfx\javafx-base\21-ea+5\javafx-base-21-ea+5.jar;C:\Users\Francis\.m2\repository\org\openjfx\javafx-base\21-ea+5\javafx-base-21-ea+5-win.jar;C:\Users\Francis\.m2\repository\org\openjfx\javafx-fxml\21-ea+5\javafx-fxml-21-ea+5.jar;C:\Users\Francis\.m2\repository\org\openjfx\javafx-fxml\21-ea+5\javafx-fxml-21-ea+5-win.jar;C:\Users\Francis\.m2\repository\org\hibernate\hibernate-core\5.0.3.Final\hibernate-core-5.0.3.Final.jar;C:\Users\Francis\.m2\repository\org\jboss\logging\jboss-logging\3.3.0.Final\jboss-logging-3.3.0.Final.jar;C:\Users\Francis\.m2\repository
Launcher Type: SUN_STANDARD

[Global flags]
     intx CICompilerCount                          = 4                                         {product} {ergonomic}
     uint ConcGCThreads                            = 2                                         {product} {ergonomic}
     uint G1ConcRefinementThreads                  = 8                                         {product} {ergonomic}
   size_t G1HeapRegionSize                         = 1048576                                   {product} {ergonomic}
    uintx GCDrainStackTargetSize                   = 64                                        {product} {ergonomic}
   size_t InitialHeapSize                          = 123731968                                 {product} {ergonomic}
   size_t MarkStackSize                            = 4194304                                   {product} {ergonomic}
   size_t MaxHeapSize                              = 1969225728                                {product} {ergonomic}
   size_t MaxNewSize                               = 1180696576                                {product} {ergonomic}
   size_t MinHeapDeltaBytes                        = 1048576                                   {product} {ergonomic}
   size_t MinHeapSize                              = 8388608                                   {product} {ergonomic}
    uintx NonNMethodCodeHeapSize                   = 5839372                                {pd product} {ergonomic}
    uintx NonProfiledCodeHeapSize                  = 122909434                              {pd product} {ergonomic}
    uintx ProfiledCodeHeapSize                     = 122909434                              {pd product} {ergonomic}
    uintx ReservedCodeCacheSize                    = 251658240                              {pd product} {ergonomic}
     bool SegmentedCodeCache                       = true                                      {product} {ergonomic}
     bool ShowCodeDetailsInExceptionMessages       = true                                   {manageable} {command line}
   size_t SoftMaxHeapSize                          = 1969225728                             {manageable} {ergonomic}
     bool UseCompressedClassPointers               = true                           {product lp64_product} {ergonomic}
     bool UseCompressedOops                        = true                           {product lp64_product} {ergonomic}
     bool UseG1GC                                  = true                                      {product} {ergonomic}
     bool UseLargePagesIndividualAllocation        = false                                  {pd product} {ergonomic}

Logging:
Log output configuration:
 #0: stdout all=warning uptime,level,tags
 #1: stderr all=off uptime,level,tags

Environment Variables:
JAVA_HOME=C:\Users\Francis\Desktop\NTT-DATA\dev\enviroment\JDK\jdk-17.0.9
PATH=C:/Users/Francis/Desktop/Programación/eclipse//plugins/org.eclipse.justj.openjdk.hotspot.jre.full.win32.x86_64_17.0.9.v20231028-0858/jre/bin/server;C:/Users/Francis/Desktop/Programación/eclipse//plugins/org.eclipse.justj.openjdk.hotspot.jre.full.win32.x86_64_17.0.9.v20231028-0858/jre/bin;C:\Users\Francis\Desktop\NTT-DATA\dev\software\servidores\oracle\product\21c\dbhomeXE\bin;C:\app\Francis\product\21c\dbhomeXE\bin;C:\Program Files (x86)\VMware\VMware Workstation\bin\;C:\Windows\system32;C:\Windows;C:\Windows\System32\Wbem;C:\Windows\System32\WindowsPowerShell\v1.0\;C:\Windows\System32\OpenSSH\;C:\Program Files\Git\cmd;C:\Program Files\MySQL\MySQL Server 8.0\bin;C:\Users\Francis\Desktop\NTT-DATA\dev\enviroment\JDK\jdk-17.0.9\bin;C:\Users\Francis\Desktop\NTT-DATA\dev\enviroment\apache\Maven\version\apache-maven-3.9.1\bin;C:\Program Files (x86)\Windows Kits\10\Windows Performance Toolkit\;C:\Users\Francis\AppData\Local\Android\Sdk\platforms-tools;C:\Program Files\flutter\bin;C:\Program Files\dart-sdk\bin;C:\Users\Francis\AppData\Local\Programs\Python\Python311\Scripts\;C:\Users\Francis\AppData\Local\Programs\Python\Python311\;C:\Program Files\MySQL\MySQL Shell 8.0\bin\;C:\Users\Francis\AppData\Local\Microsoft\WindowsApps;C:\Users\Francis\AppData\Local\Programs\Microsoft VS Code\bin;C:\Users\Francis\Desktop\Phyton\dev\software\PyCharm Community Edition 2023.1.3\bin;;C:\Program Files\dart-sdk\bin;C:\Program Files\flutter\bin;;C:\Users\Francis\Desktop\Programación\eclipse;
USERNAME=Francis
OS=Windows_NT
PROCESSOR_IDENTIFIER=AMD64 Family 23 Model 104 Stepping 1, AuthenticAMD
TMP=C:\Users\Francis\AppData\Local\Temp
TEMP=C:\Users\Francis\AppData\Local\Temp



Periodic native trim disabled


---------------  S Y S T E M  ---------------

OS:
 Windows 10 , 64 bit Build 19041 (10.0.19041.3636)
OS uptime: 9 days 8:32 hours

CPU: total 8 (initial active 8) (8 cores per cpu, 2 threads per core) family 23 model 104 stepping 1 microcode 0x0, cx8, cmov, fxsr, ht, mmx, 3dnowpref, sse, sse2, sse3, ssse3, sse4a, sse4.1, sse4.2, popcnt, lzcnt, tsc, tscinvbit, avx, avx2, aes, clmul, bmi1, bmi2, adx, sha, fma, vzeroupper, clflush, clflushopt
Processor Information for all 8 processors :
  Max Mhz: 2600, Current Mhz: 2600, Mhz Limit: 2600

Memory: 4k page, system-wide physical 7505M (384M free)
TotalPageFile size 30033M (AvailPageFile size 108M)
current process WorkingSet (physical memory assigned to process): 273M, peak: 273M
current process commit charge ("private bytes"): 562M, peak: 811M

vm_info: OpenJDK 64-Bit Server VM (17.0.9+9) for windows-amd64 JRE (17.0.9+9), built on Oct 26 2023 14:01:42 by "admin" with MS VC++ 16.10 / 16.11 (VS2019)

END.
